82.8125
87.5
92.1875
90.625
95.3125
87.5
89.0625
79.6875
82.8125
85.9375
92.1875
85.9375
89.0625
87.5
82.8125
87.5
85.9375
76.5625
92.1875
84.375
89.0625
81.25
89.0625
85.9375
90.625
87.5
93.75
89.0625
92.1875
82.8125
90.625
81.25
92.1875
85.9375
84.375
93.75
92.1875
79.6875
90.625
85.9375
89.0625
93.75
89.0625
87.5
89.0625
92.1875
93.75
90.625
89.0625
82.8125
92.1875
92.1875
79.6875
82.8125
92.1875
84.375
85.9375
84.375
89.0625
93.75
87.5
89.0625
95.3125
87.5
92.1875
85.9375
90.625
89.0625
87.5
87.5
87.5
85.9375
84.375
81.25
85.9375
85.9375
90.625
93.75
84.375
89.0625
85.9375
82.8125
89.0625
89.0625
81.25
84.375
85.9375
78.125
81.25
89.0625
84.375
82.8125
93.75
92.1875
87.5
84.375
85.9375
82.8125
85.9375
84.375
85.9375
89.0625
89.0625
79.6875
89.0625
92.1875
92.1875
78.125
90.625
90.625
92.1875
89.0625
82.8125
92.1875
84.375
84.375
87.5
92.1875
82.8125
84.375
87.5
89.0625
93.75
85.9375
87.5
92.1875
93.75
79.6875
95.3125
93.75
84.375
87.5
92.1875
90.625
90.625
89.0625
81.25
81.25
92.1875
93.75
87.5
85.9375
84.375
87.5
92.1875
81.25
95.3125
89.0625
87.5
92.1875
82.8125
85.9375
82.8125
92.1875
87.5
98.4375
89.0625
87.5
90.625
82.8125
93.75
84.375
90.625
90.625
92.1875
82.8125
90.625
90.625
87.5
93.75
87.5
85.9375
82.8125
92.1875
82.8125
89.0625
92.1875
92.1875
93.75
96.875
92.1875
89.0625
90.625
95.3125
87.5
87.5
87.5
90.625
87.5
92.1875
92.1875
87.5
92.1875
89.0625
89.0625
89.0625
90.625
93.75
87.5
87.5
93.75
85.9375
87.5
87.5
93.75
85.9375
85.9375
92.1875
92.1875
87.5
87.5
85.9375
87.5
92.1875
93.75
87.5
95.3125
89.0625
87.5
84.375
89.0625
89.0625
95.3125
93.75
84.375
93.75
90.625
78.125
90.625
87.5
93.75
87.5
87.5
85.9375
87.5
89.0625
87.5
85.9375
89.0625
90.625
93.75
89.0625
95.3125
89.0625
87.5
87.5
93.75
87.5
82.8125
84.375
87.5
92.1875
95.3125
89.0625
84.375
89.0625
90.625
85.9375
87.5
87.5
87.5
81.25
95.3125
93.75
90.625
84.375
85.9375
95.3125
93.75
87.5
87.5
98.4375
92.1875
84.375
89.0625
92.1875
85.9375
95.3125
85.9375
90.625
85.9375
92.1875
89.0625
90.625
87.5
95.3125
85.9375
87.5
84.375
85.9375
85.9375
95.3125
92.1875
92.1875
89.0625
82.8125
84.375
82.8125
96.875
93.75
89.0625
87.5
89.0625
87.5
87.5
89.0625
89.0625
85.9375
90.625
89.0625
95.3125
82.8125
92.1875
95.3125
85.9375
89.0625
81.25
89.0625
95.3125
93.75
87.5
85.9375
89.0625
82.8125
89.0625
87.5
93.75
92.1875
89.0625
85.9375
92.1875
89.0625
81.25
90.625
89.0625
87.5
87.5
92.1875
89.0625
92.1875
90.625
89.0625
93.75
85.9375
92.1875
92.1875
84.375
93.75
93.75
92.1875
89.0625
82.8125
93.75
81.25
93.75
90.625
93.75
93.75
92.1875
85.9375
89.0625
92.1875
82.8125
89.0625
89.0625
87.5
92.1875
92.1875
93.75
92.1875
89.0625
89.0625
90.625
84.375
87.5
90.625
93.75
90.625
84.375
93.75
92.1875
85.9375
87.5
84.375
87.5
90.625
85.9375
87.5
81.25
89.0625
89.0625
90.625
89.0625
90.625
89.0625
87.5
90.625
93.75
85.9375
89.0625
90.625
89.0625
92.1875
82.8125
89.0625
92.1875
87.5
92.1875
87.5
90.625
87.5
89.0625
87.5
92.1875
84.375
87.5
82.8125
90.625
76.5625
84.375
96.875
85.9375
87.5
93.75
93.75
92.1875
92.1875
95.3125
89.0625
89.0625
84.375
92.1875
96.875
89.0625
87.5
85.9375
92.1875
90.625
85.9375
95.3125
87.5
89.0625
96.875
85.9375
90.625
90.625
87.5
89.0625
90.625
92.1875
89.0625
90.625
95.3125
92.1875
93.75
89.0625
90.625
89.0625
96.875
82.8125
89.0625
90.625
90.625
93.75
87.5
90.625
90.625
92.1875
92.1875
98.4375
87.5
89.0625
85.9375
87.5
89.0625
87.5
92.1875
95.3125
92.1875
90.625
85.9375
90.625
95.3125
87.5
90.625
92.1875
87.5
85.9375
90.625
87.5
95.3125
89.0625
89.0625
98.4375
92.1875
95.3125
87.5
89.0625
92.1875
92.1875
85.9375
93.75
96.875
92.1875
87.5
95.3125
93.75
87.5
93.75
89.0625
96.875
90.625
92.1875
87.5
90.625
89.0625
87.5
82.8125
90.625
89.0625
85.9375
89.0625
95.3125
87.5
85.9375
85.9375
87.5
90.625
84.375
85.9375
92.1875
92.1875
87.5
92.1875
87.5
93.75
95.3125
96.875
89.0625
95.3125
95.3125
89.0625
89.0625
85.9375
81.25
92.1875
85.9375
93.75
87.5
90.625
92.1875
87.5
87.5
90.625
95.3125
96.875
90.625
89.0625
95.3125
93.75
95.3125
92.1875
96.875
87.5
85.9375
87.5
93.75
95.3125
85.9375
89.0625
87.5
87.5
89.0625
90.625
82.8125
96.875
95.3125
89.0625
89.0625
98.4375
95.3125
92.1875
93.75
90.625
92.1875
90.625
92.1875
89.0625
96.875
87.5
93.75
87.5
90.625
89.0625
93.75
89.0625
87.5
90.625
93.75
89.0625
90.625
98.4375
85.9375
92.1875
89.0625
87.5
95.3125
85.9375
92.1875
89.0625
90.625
89.0625
90.625
93.75
90.625
89.0625
92.1875
93.75
90.625
79.6875
84.375
89.0625
96.875
93.75
93.75
95.3125
96.875
82.8125
92.1875
89.0625
95.3125
89.0625
90.625
87.5
93.75
89.0625
85.9375
85.9375
90.625
93.75
93.75
82.8125
92.1875
87.5
87.5
89.0625
89.0625
93.75
84.375
92.1875
90.625
93.75
92.1875
89.0625
90.625
93.75
90.625
89.0625
93.75
89.0625
90.625
90.625
90.625
89.0625
93.75
95.3125
90.625
93.75
92.1875
95.3125
100
87.5
89.0625
89.0625
90.625
78.125
93.75
90.625
89.0625
89.0625
90.625
93.75
89.0625
95.3125
89.0625
92.1875
89.0625
89.0625
87.5
90.625
90.625
92.1875
85.9375
93.75
87.5
95.3125
90.625
89.0625
98.4375
92.1875
87.5
90.625
87.5
92.1875
85.9375
93.75
90.625
85.9375
93.75
93.75
95.3125
93.75
92.1875
90.625
82.8125
96.875
98.4375
90.625
95.3125
89.0625
96.875
95.3125
89.0625
85.9375
87.5
93.75
96.875
92.1875
90.625
89.0625
85.9375
95.3125
87.5
90.625
89.0625
92.1875
92.1875
85.9375
87.5
92.1875
82.8125
87.5
90.625
96.875
96.875
93.75
89.0625
92.1875
93.75
93.75
90.625
96.875
90.625
85.9375
90.625
96.875
89.0625
95.3125
85.9375
90.625
93.75
93.75
92.1875
93.75
90.625
90.625
89.0625
89.0625
87.5
92.1875
87.5
90.625
95.3125
90.625
98.4375
90.625
89.0625
87.5
93.75
92.1875
90.625
90.625
95.3125
90.625
90.625
92.1875
85.9375
89.0625
93.75
93.75
93.75
90.625
90.625
92.1875
90.625
92.1875
92.1875
84.375
89.0625
95.3125
92.1875
85.9375
90.625
89.0625
85.9375
90.625
89.0625
90.625
93.75
85.9375
90.625
89.0625
89.0625
96.875
93.75
85.9375
89.0625
92.1875
84.375
93.75
85.9375
89.0625
93.75
92.1875
89.0625
90.625
98.4375
90.625
95.3125
90.625
93.75
93.75
92.1875
87.5
89.0625
93.75
92.1875
92.1875
90.625
92.1875
93.75
85.9375
96.875
85.9375
84.375
84.375
85.9375
89.0625
92.1875
90.625
93.75
93.75
89.0625
92.1875
79.6875
90.625
92.1875
95.3125
93.75
89.0625
87.5
93.75
89.0625
90.625
96.875
92.1875
95.3125
90.625
93.75
93.75
95.3125
93.75
95.3125
90.625
84.375
89.0625
93.75
93.75
85.9375
95.3125
89.0625
92.1875
89.0625
87.5
89.0625
89.0625
82.8125
92.1875
84.375
96.875
89.0625
90.625
90.625
95.3125
87.5
89.0625
95.3125
90.625
90.625
100
93.75
89.0625
92.1875
92.1875
87.5
92.1875
92.1875
92.1875
96.875
85.9375
96.875
89.0625
90.625
95.3125
85.9375
87.5
92.1875
95.3125
89.0625
89.0625
96.875
85.9375
87.5
90.625
95.3125
95.3125
90.625
87.5
84.375
79.16666666666666
93.75
98.4375
84.375
92.1875
93.75
87.5
95.83333333333334
95.83333333333334
95.3125
91.66666666666666
