0.44111400842666626
0.3256675899028778
0.27929040789604187
0.35521116852760315
0.19420193135738373
0.35206934809684753
0.37015727162361145
0.4829500615596771
0.5578515529632568
0.3878796398639679
0.30947592854499817
0.40217867493629456
0.4588087797164917
0.503515362739563
0.3951030969619751
0.38672035932540894
0.43614768981933594
0.5893563032150269
0.29052630066871643
0.4559090733528137
0.42713040113449097
0.5378078818321228
0.4174081087112427
0.4216921031475067
0.29053840041160583
0.4613897502422333
0.24307586252689362
0.34453070163726807
0.27660277485847473
0.42394259572029114
0.30616188049316406
0.6612532138824463
0.2802928686141968
0.509706974029541
0.586550235748291
0.2615506052970886
0.36987626552581787
0.6938855051994324
0.29214197397232056
0.4105796813964844
0.4329723119735718
0.2465885579586029
0.32250121235847473
0.48868176341056824
0.41586217284202576
0.32526665925979614
0.25806501507759094
0.30273541808128357
0.39920735359191895
0.3967369496822357
0.2651861608028412
0.35186952352523804
0.5932426452636719
0.6711505055427551
0.263455867767334
0.3914182186126709
0.4258103370666504
0.39245983958244324
0.4066959619522095
0.3399939239025116
0.3536268174648285
0.3360134959220886
0.35977694392204285
0.3149419128894806
0.310073584318161
0.4074309170246124
0.332032710313797
0.42234593629837036
0.45698052644729614
0.32903051376342773
0.30597200989723206
0.5109384059906006
0.4865323007106781
0.5859717130661011
0.36423295736312866
0.504366934299469
0.25283190608024597
0.4050692021846771
0.5215434432029724
0.29383665323257446
0.37067463994026184
0.4375253915786743
0.4215264916419983
0.32407331466674805
0.5863298177719116
0.4654324948787689
0.39696013927459717
0.6218768358230591
0.46554672718048096
0.4067125618457794
0.3537449836730957
0.4067702889442444
0.27044686675071716
0.3700874149799347
0.39700838923454285
0.40201452374458313
0.4120297431945801
0.4089187979698181
0.4034135639667511
0.4267922043800354
0.3418169319629669
0.3307720422744751
0.43607622385025024
0.6882790327072144
0.26950570940971375
0.3797915577888489
0.30456143617630005
0.4792879521846771
0.3593883514404297
0.3351826071739197
0.25020337104797363
0.2779648005962372
0.3853911757469177
0.23361532390117645
0.42676103115081787
0.4204293191432953
0.39228740334510803
0.44496726989746094
0.5830097794532776
0.338932603597641
0.34413421154022217
0.37901532649993896
0.2265242040157318
0.44862252473831177
0.3865920603275299
0.3854236602783203
0.22678770124912262
0.6296551823616028
0.19123509526252747
0.25524407625198364
0.37755048274993896
0.3565445840358734
0.26162397861480713
0.37102633714675903
0.37788331508636475
0.32789596915245056
0.4422537088394165
0.6571080088615417
0.303777277469635
0.26906415820121765
0.3123258650302887
0.4355609714984894
0.4060094356536865
0.3640941381454468
0.3570265769958496
0.5626396536827087
0.18259793519973755
0.3639269471168518
0.334293395280838
0.3149409890174866
0.42194902896881104
0.3044828176498413
0.5964516997337341
0.34260180592536926
0.38265499472618103
0.1594645231962204
0.3234483003616333
0.4307575225830078
0.2975216805934906
0.4896383285522461
0.2455446422100067
0.4146254360675812
0.4978713095188141
0.3425619304180145
0.3251332938671112
0.4887404441833496
0.3327333629131317
0.2864866852760315
0.35298168659210205
0.30729979276657104
0.3686574697494507
0.42949727177619934
0.39736661314964294
0.24303829669952393
0.3959757089614868
0.2902210056781769
0.20368312299251556
0.24630405008792877
0.23925912380218506
0.16563765704631805
0.33854424953460693
0.35034874081611633
0.2944335341453552
0.2820280194282532
0.3225859999656677
0.35792332887649536
0.39834848046302795
0.3800736367702484
0.39514368772506714
0.28100278973579407
0.22449010610580444
0.3687940239906311
0.3689740300178528
0.4016880691051483
0.26461830735206604
0.5105664730072021
0.5322778820991516
0.20144176483154297
0.35632088780403137
0.2778133451938629
0.24208927154541016
0.529075562953949
0.4222048819065094
0.4218011498451233
0.2909948527812958
0.3131371736526489
0.37767598032951355
0.2681768536567688
0.34472188353538513
0.367860347032547
0.43936848640441895
0.35793638229370117
0.41724979877471924
0.25719642639160156
0.31376412510871887
0.3424118459224701
0.2979820966720581
0.2595019042491913
0.4033411741256714
0.6162772178649902
0.565567672252655
0.3469561040401459
0.16765649616718292
0.22782401740550995
0.4409733712673187
0.2404400259256363
0.4993232786655426
0.6086640357971191
0.21934162080287933
0.45368507504463196
0.2804638147354126
0.37957075238227844
0.37007907032966614
0.43834567070007324
0.41566526889801025
0.3843691647052765
0.3559038043022156
0.4724391996860504
0.3041273057460785
0.31173765659332275
0.29225021600723267
0.38100507855415344
0.24332952499389648
0.28231534361839294
0.45136764645576477
0.3489273488521576
0.21181097626686096
0.5759297609329224
0.44926127791404724
0.4531037211418152
0.4106113016605377
0.22764137387275696
0.24467723071575165
0.3231425881385803
0.3871653079986572
0.3247302770614624
0.39334186911582947
0.3737648129463196
0.4422101378440857
0.3932562470436096
0.43829309940338135
0.4597803056240082
0.18357527256011963
0.24491265416145325
0.2737630605697632
0.3915584087371826
0.41000497341156006
0.2763092517852783
0.3658566176891327
0.4249839782714844
0.4050793945789337
0.20694322884082794
0.27407515048980713
0.4470391869544983
0.24242497980594635
0.27255845069885254
0.35738110542297363
0.2583079934120178
0.32582610845565796
0.2663099467754364
0.28431978821754456
0.2641903758049011
0.353158563375473
0.2621403634548187
0.4882936477661133
0.2076861560344696
0.476203054189682
0.36654433608055115
0.41841554641723633
0.4441901743412018
0.36914145946502686
0.18637968599796295
0.1920628696680069
0.3031196594238281
0.3654223680496216
0.5028061270713806
0.3922104239463806
0.4491170346736908
0.16033945977687836
0.29738470911979675
0.2750828266143799
0.39026573300361633
0.27849775552749634
0.4202669858932495
0.3784564733505249
0.3526282012462616
0.37303560972213745
0.40099549293518066
0.3170545697212219
0.27697068452835083
0.2660580575466156
0.6007162928581238
0.2805609405040741
0.26020702719688416
0.5031384229660034
0.34239986538887024
0.4348898231983185
0.3423190116882324
0.2560214698314667
0.21654218435287476
0.4515741765499115
0.3593539893627167
0.3813900649547577
0.5522468686103821
0.35565394163131714
0.388848215341568
0.27180275321006775
0.3760865032672882
0.406516969203949
0.5929520726203918
0.26546522974967957
0.2787076234817505
0.48937514424324036
0.4093806743621826
0.24323874711990356
0.4882259964942932
0.37505975365638733
0.1993284672498703
0.3728204667568207
0.23618528246879578
0.34552204608917236
0.29716700315475464
0.269998162984848
0.37749001383781433
0.2738247811794281
0.42407745122909546
0.4367395043373108
0.22212649881839752
0.32719936966896057
0.26234304904937744
0.2860126793384552
0.4886845052242279
0.3154338300228119
0.7092007398605347
0.21211130917072296
0.3269757926464081
0.2101411670446396
0.32635074853897095
0.30360957980155945
0.2851373851299286
0.5628359317779541
0.3219044804573059
0.4133775532245636
0.28228992223739624
0.4566769301891327
0.3175138533115387
0.3678751587867737
0.22598841786384583
0.18068405985832214
0.21595270931720734
0.21472561359405518
0.24735277891159058
0.3475728929042816
0.3944317400455475
0.3843878209590912
0.22852934896945953
0.2531871497631073
0.29656434059143066
0.4093347489833832
0.2205793261528015
0.31910955905914307
0.4106166958808899
0.2987000644207001
0.4478362798690796
0.32758188247680664
0.3170361816883087
0.4019993245601654
0.3694400489330292
0.4398685395717621
0.29800179600715637
0.33113187551498413
0.4139941334724426
0.431803822517395
0.2900448739528656
0.3431985676288605
0.40980803966522217
0.27514681220054626
0.27013951539993286
0.29718202352523804
0.31375688314437866
0.3856660723686218
0.41040048003196716
0.36993318796157837
0.5009638071060181
0.3390544652938843
0.2588485777378082
0.3848000168800354
0.23963306844234467
0.32698506116867065
0.308892160654068
0.30952274799346924
0.41049492359161377
0.6374036073684692
0.3205488622188568
0.49978581070899963
0.29504096508026123
0.3920758366584778
0.31932535767555237
0.5679599046707153
0.4548240005970001
0.1658753752708435
0.46702447533607483
0.324722558259964
0.23955145478248596
0.22816520929336548
0.202665776014328
0.2921917736530304
0.21404315531253815
0.358855664730072
0.4120485782623291
0.4108773171901703
0.2663823068141937
0.14038589596748352
0.42986589670181274
0.3036043643951416
0.4915004074573517
0.21620385348796844
0.29209408164024353
0.5113136172294617
0.2309437096118927
0.3848332464694977
0.3792220652103424
0.2053568959236145
0.45322516560554504
0.33395594358444214
0.35006222128868103
0.3674897849559784
0.3014596402645111
0.2788788080215454
0.3774588704109192
0.3197711110115051
0.32390037178993225
0.20318187773227692
0.30878445506095886
0.5466471314430237
0.3284807801246643
0.1985623687505722
0.3166380822658539
0.15783999860286713
0.4322839081287384
0.23766160011291504
0.37185138463974
0.35318130254745483
0.2446243166923523
0.34750762581825256
0.27905797958374023
0.24618594348430634
0.2711116373538971
0.24592986702919006
0.14824910461902618
0.38002532720565796
0.3541189432144165
0.6039381623268127
0.33596107363700867
0.45747825503349304
0.3119136393070221
0.3533470034599304
0.1711888462305069
0.23024101555347443
0.2620083689689636
0.36425092816352844
0.21545419096946716
0.1745280772447586
0.4562118351459503
0.31595927476882935
0.33592304587364197
0.4207558035850525
0.38012269139289856
0.2471662014722824
0.3918147683143616
0.1649954915046692
0.4205535650253296
0.42965537309646606
0.14297133684158325
0.248041570186615
0.2589033842086792
0.4037107229232788
0.3193472623825073
0.24329699575901031
0.2777515947818756
0.3564068377017975
0.2490261048078537
0.2981454133987427
0.25080931186676025
0.3919048011302948
0.2714468240737915
0.23723235726356506
0.3221170902252197
0.1660112738609314
0.25457847118377686
0.12130368500947952
0.37650808691978455
0.23235604166984558
0.37946388125419617
0.28587356209754944
0.3722766935825348
0.4452190697193146
0.4812938868999481
0.26487937569618225
0.3405890464782715
0.4452160596847534
0.3439119756221771
0.1963447630405426
0.4057580828666687
0.4176519513130188
0.3912733197212219
0.3499952554702759
0.31076833605766296
0.3512350618839264
0.4189464747905731
0.22110682725906372
0.2481069564819336
0.5153805017471313
0.22506065666675568
0.3760092258453369
0.3607441484928131
0.2221570760011673
0.17163510620594025
0.28924205899238586
0.2099725306034088
0.1728857159614563
0.46486666798591614
0.3938025236129761
0.3902757465839386
0.4488704800605774
0.22305074334144592
0.46108776330947876
0.19427861273288727
0.3425113558769226
0.23034343123435974
0.34457147121429443
0.43908587098121643
0.36574670672416687
0.2552313506603241
0.2831229269504547
0.1623026579618454
0.22744488716125488
0.5169233083724976
0.18274380266666412
0.23256422579288483
0.22514665126800537
0.22534294426441193
0.16125860810279846
0.4786950349807739
0.36771559715270996
0.42886099219322205
0.19365254044532776
0.2871612310409546
0.46026843786239624
0.24166575074195862
0.2531408667564392
0.4323849380016327
0.36928465962409973
0.26485881209373474
0.40005436539649963
0.17604705691337585
0.1411796659231186
0.427773654460907
0.4315156042575836
0.14079688489437103
0.27923524379730225
0.30140966176986694
0.1963982880115509
0.41032567620277405
0.17889505624771118
0.35481274127960205
0.2295985072851181
0.4296318292617798
0.2001916915178299
0.3122630715370178
0.26283320784568787
0.2564767599105835
0.2804754376411438
0.2583884298801422
0.186998650431633
0.3880196511745453
0.39350616931915283
0.4236835241317749
0.23911474645137787
0.28032857179641724
0.21445173025131226
0.1066671833395958
0.500159502029419
0.33280810713768005
0.41031545400619507
0.5042681097984314
0.2693130373954773
0.41172686219215393
0.2328450083732605
0.22789999842643738
0.32592445611953735
0.28752127289772034
0.48654136061668396
0.26164570450782776
0.3003104329109192
0.4153696596622467
0.4765101671218872
0.2867310345172882
0.25372496247291565
0.5624372959136963
0.5337309837341309
0.28429126739501953
0.2119620442390442
0.27758121490478516
0.16822609305381775
0.232120081782341
0.14996162056922913
0.428924560546875
0.2799220085144043
0.362476646900177
0.24819590151309967
0.47435715794563293
0.20653700828552246
0.39522311091423035
0.30415788292884827
0.27585193514823914
0.43455231189727783
0.4214327335357666
0.20640568435192108
0.27201738953590393
0.19723224639892578
0.43518099188804626
0.2844213843345642
0.40915045142173767
0.34007835388183594
0.3400469422340393
0.49831610918045044
0.2627670168876648
0.601222038269043
0.39803898334503174
0.2445637732744217
0.242172509431839
0.21555913984775543
0.3456607162952423
0.3117312490940094
0.2560857832431793
0.35089391469955444
0.4738982915878296
0.15270444750785828
0.307363897562027
0.2815093994140625
0.2703051269054413
0.3156532049179077
0.3920641541481018
0.26196545362472534
0.19600318372249603
0.29057440161705017
0.19880037009716034
0.2794059216976166
0.17170724272727966
0.13647350668907166
0.36816179752349854
0.2968910038471222
0.34239140152931213
0.33412665128707886
0.4794067144393921
0.20665913820266724
0.32600677013397217
0.33793905377388
0.3587718605995178
0.22655051946640015
0.14573125541210175
0.2962031066417694
0.20055274665355682
0.34744709730148315
0.28068050742149353
0.34413617849349976
0.2484043389558792
0.37506553530693054
0.36830422282218933
0.5082625150680542
0.31697162985801697
0.3876229524612427
0.2359096109867096
0.34349310398101807
0.20718486607074738
0.3149324655532837
0.32238590717315674
0.11438079178333282
0.29795193672180176
0.40546098351478577
0.345828652381897
0.32536765933036804
0.2520556151866913
0.2867128849029541
0.2616458535194397
0.3705962896347046
0.3331453502178192
0.23428355157375336
0.1758182793855667
0.14294220507144928
0.27587974071502686
0.2284473329782486
0.25989460945129395
0.49240225553512573
0.159212127327919
0.13867244124412537
0.378544420003891
0.16023506224155426
0.3724077641963959
0.1474338173866272
0.15892507135868073
0.35457250475883484
0.435184508562088
0.3835147023200989
0.2107233703136444
0.16350939869880676
0.30558186769485474
0.32720857858657837
0.3363690674304962
0.3310701847076416
0.2092576026916504
0.23798736929893494
0.2619195282459259
0.23861324787139893
0.250154048204422
0.21083830296993256
0.3684725761413574
0.32993289828300476
0.2942953109741211
0.4783974587917328
0.2529672086238861
0.24474424123764038
0.2117181122303009
0.1452511101961136
0.17932887375354767
0.45245975255966187
0.34125638008117676
0.26219916343688965
0.22174617648124695
0.38471928238868713
0.12559854984283447
0.3260994553565979
0.4667443037033081
0.36070969700813293
0.19947707653045654
0.3266698718070984
0.35731691122055054
0.37834063172340393
0.33822959661483765
0.17579779028892517
0.1916438788175583
0.2165105640888214
0.209457129240036
0.24874189496040344
0.19970598816871643
0.30528777837753296
0.40815454721450806
0.4162588119506836
0.27733877301216125
0.34438157081604004
0.49184340238571167
0.15305714309215546
0.28757911920547485
0.14309781789779663
0.32310447096824646
0.3201080858707428
0.34561216831207275
0.1709650754928589
0.22946102917194366
0.29938822984695435
0.3690358102321625
0.21157127618789673
0.28519749641418457
0.2624622583389282
0.24220158159732819
0.3799712657928467
0.36586955189704895
0.19810760021209717
0.3332996368408203
0.3058966100215912
0.24005845189094543
0.30861151218414307
0.19336242973804474
0.34919115900993347
0.26439836621284485
0.35801225900650024
0.4172219932079315
0.35141438245773315
0.19402778148651123
0.37515610456466675
0.37054580450057983
0.2985033094882965
0.23880170285701752
0.3072088956832886
0.35046181082725525
0.3807021379470825
0.33817172050476074
0.2816547751426697
0.5152889490127563
0.19842882454395294
0.2542266547679901
0.27143359184265137
0.18925520777702332
0.36190223693847656
0.24972234666347504
0.27918073534965515
0.22327955067157745
0.4611799120903015
0.2227531373500824
0.31545209884643555
0.3417092561721802
0.15646734833717346
0.24317434430122375
0.4879235625267029
0.41713082790374756
0.11534929275512695
0.30221277475357056
0.20810197293758392
0.28210172057151794
0.1257176697254181
0.4220263659954071
0.24952197074890137
0.5030755400657654
0.21530616283416748
0.20660150051116943
0.30937859416007996
0.19907590746879578
0.3164730668067932
0.23239858448505402
0.2317277193069458
0.4017591178417206
0.18224695324897766
0.46279388666152954
0.32274287939071655
0.34618330001831055
0.31986284255981445
0.2576591670513153
0.2464163601398468
0.35537758469581604
0.20169128477573395
0.2582223117351532
0.23449426889419556
0.22680577635765076
0.4174862504005432
0.2240927368402481
0.19984599947929382
0.1911311000585556
0.22579622268676758
0.35093608498573303
0.42711859941482544
0.2229529768228531
0.35502493381500244
0.25319477915763855
0.11041703820228577
0.2627909481525421
0.17553089559078217
0.29340842366218567
0.20803530514240265
0.4098829925060272
0.2155330777168274
0.18636900186538696
0.22325390577316284
0.4025786817073822
0.42388543486595154
0.3266718089580536
0.29758673906326294
0.2059224247932434
0.4092951714992523
0.12263862043619156
0.38729506731033325
0.28644460439682007
0.36207637190818787
0.39029940962791443
0.4628012478351593
0.414358526468277
0.5292736887931824
0.1948382407426834
0.40291091799736023
0.14610618352890015
0.38698849081993103
0.2762729227542877
0.32698577642440796
0.26958003640174866
0.39148589968681335
0.2977730631828308
0.23669129610061646
0.3412732779979706
0.3213250935077667
0.07569966465234756
0.2941877841949463
0.2929527163505554
0.2344910353422165
0.41926735639572144
0.33495596051216125
0.2142995297908783
0.24162715673446655
0.2099582701921463
0.1276528388261795
0.44515588879585266
0.203677237033844
0.29642847180366516
0.24271754920482635
0.22194766998291016
0.4172248840332031
0.45052820444107056
0.21484285593032837
0.18605920672416687
0.3362589478492737
0.36119744181632996
0.21436719596385956
0.2906878888607025
0.32231852412223816
0.36740073561668396
0.22044637799263
0.2201167643070221
0.31470540165901184
0.37186697125434875
0.3361966013908386
0.5163323879241943
0.19543759524822235
0.09501036256551743
0.3812536299228668
0.32592421770095825
0.1820012927055359
0.3644065856933594
0.16849970817565918
0.1469576209783554
0.17354249954223633
0.22566042840480804
