0.31268587708473206
0.1017635315656662
0.11287873238325119
0.10251174122095108
0.19994935393333435
0.0839955285191536
0.07003125548362732
0.19559642672538757
0.1659383326768875
0.09117303788661957
0.11375366151332855
0.05593515560030937
0.1112431213259697
0.11521372199058533
0.06828279048204422
0.05541890114545822
0.11733537912368774
0.06943956017494202
0.0605134516954422
0.2546349763870239
0.17548677325248718
0.14042982459068298
0.06857220828533173
0.25938671827316284
0.04429475963115692
0.06150630861520767
0.050877053290605545
0.08935818076133728
0.09329553693532944
0.08214303106069565
0.024130387231707573
0.021747376769781113
0.1519865095615387
0.1654175966978073
0.06537208706140518
0.031863510608673096
0.1891280561685562
0.15884172916412354
0.31214264035224915
0.04776252806186676
0.21909597516059875
0.11192114651203156
0.07168049365282059
0.06083663925528526
0.04703529179096222
0.22005212306976318
0.11254911869764328
0.1924014389514923
0.0635041892528534
0.1223134845495224
0.08013096451759338
0.13196460902690887
0.21267226338386536
0.15983055531978607
0.1897658258676529
0.08670443296432495
0.08533445745706558
0.08512197434902191
0.10480049252510071
0.08216003328561783
0.12624603509902954
0.05153710022568703
0.1525360494852066
0.09769582748413086
0.057854268699884415
0.1697452962398529
0.2972033619880676
0.2357209473848343
0.05164172127842903
0.2415187507867813
0.1249949112534523
0.13377469778060913
0.15460951626300812
0.057434797286987305
0.11208640784025192
0.18396034836769104
0.25835809111595154
0.06913280487060547
0.15830527245998383
0.10788776725530624
0.0718468651175499
0.1781914383172989
0.025172308087348938
0.06495862454175949
0.04743770509958267
0.15878823399543762
0.09440656006336212
0.09096851199865341
0.1426648646593094
0.1340334415435791
0.10163962095975876
0.11431480944156647
0.17313756048679352
0.03353331983089447
0.0451975055038929
0.01674390584230423
0.05700847506523132
0.08834511786699295
0.11929406970739365
0.08094123750925064
0.1724512130022049
0.05202089622616768
0.37999454140663147
0.2253190129995346
0.018136799335479736
0.047071777284145355
0.08630826324224472
0.04000098630785942
0.18891701102256775
0.0517471581697464
0.06689988821744919
0.1537124365568161
0.03829658776521683
0.06710104644298553
0.09081259369850159
0.07325950264930725
0.09002218395471573
0.09304987639188766
0.0935758724808693
0.1712978482246399
0.1405819058418274
0.13128145039081573
0.12806929647922516
0.0722070261836052
0.17143340408802032
0.10896838456392288
0.03192008659243584
0.19969753921031952
0.17298772931098938
0.1861477643251419
0.1196521744132042
0.20043998956680298
0.1378604918718338
0.029854098334908485
0.061633091419935226
0.1977856308221817
0.19522491097450256
0.07238101214170456
0.07855767011642456
0.0833648070693016
0.14179301261901855
0.128255233168602
0.07629768550395966
0.3148573637008667
0.116207554936409
0.19591516256332397
0.09678448736667633
0.057251423597335815
0.08709117770195007
0.03577485680580139
0.05257376655936241
0.09116044640541077
0.2203676700592041
0.24367333948612213
0.08290869742631912
0.12611842155456543
0.07659312337636948
0.14126664400100708
0.14043866097927094
0.11733970791101456
0.08649907261133194
0.20545722544193268
0.020163534209132195
0.21815885603427887
0.12347416579723358
0.05027862265706062
0.0619829036295414
0.23903614282608032
0.11865761131048203
0.10339607298374176
0.0867689773440361
0.11264220625162125
0.22533588111400604
0.1566282957792282
0.17722022533416748
0.17182914912700653
0.05861504375934601
0.05794141814112663
0.09122629463672638
0.11825725436210632
0.04493631049990654
0.05461493879556656
0.16374076902866364
0.09049339592456818
0.13986730575561523
0.10576081275939941
0.07612284272909164
0.06902310997247696
0.09022653102874756
0.14714714884757996
0.1194891408085823
0.15031857788562775
0.14062142372131348
0.06220320612192154
0.274114727973938
0.11577340215444565
0.039092499762773514
0.2264384776353836
0.13364079594612122
0.16409483551979065
0.18792688846588135
0.11522900313138962
0.18034815788269043
0.027445033192634583
0.11893174797296524
0.04814384505152702
0.03097081370651722
0.14944499731063843
0.04377106949687004
0.16965512931346893
0.09270169585943222
0.20317649841308594
0.059162404388189316
0.20628373324871063
0.1176673173904419
0.08645054697990417
0.056317929178476334
0.12770503759384155
0.11319022625684738
0.03900660574436188
0.00807146355509758
0.10013447701931
0.0667918398976326
0.12074139714241028
0.11134166270494461
0.2462439388036728
0.04953961819410324
0.11890710145235062
0.07867956161499023
0.12855061888694763
0.041188377887010574
0.1516004055738449
0.04144451022148132
0.07365933060646057
0.0862089991569519
0.15505346655845642
0.0696508064866066
0.10315294563770294
0.018520906567573547
0.02012629061937332
0.06802818179130554
0.13995963335037231
0.15751786530017853
0.08150450140237808
0.14927947521209717
0.2635837495326996
0.12893551588058472
0.07261180132627487
0.12814530730247498
0.030346538871526718
0.18086989223957062
0.241167351603508
0.17215101420879364
0.1182013750076294
0.05319925770163536
0.16896086931228638
0.11405442655086517
0.14274173974990845
0.14901410043239594
0.0818643718957901
0.21705211699008942
0.014577938243746758
0.17189978063106537
0.09824454039335251
0.2879234254360199
0.037005871534347534
0.10771210491657257
0.09125622361898422
0.13885483145713806
0.11972781270742416
0.1305398941040039
0.07436714321374893
0.1525897979736328
0.16650041937828064
0.1566743701696396
0.2317526936531067
0.13633237779140472
0.1492321789264679
0.18021628260612488
0.1935473531484604
0.13687151670455933
0.06434080004692078
0.24014118313789368
0.07664898782968521
0.22133401036262512
0.04020918533205986
0.25692930817604065
0.041605643928050995
0.16254757344722748
0.14604520797729492
0.14339382946491241
0.08665270358324051
0.172194242477417
0.11715669184923172
0.15982843935489655
0.0669328048825264
0.07754998654127121
0.23937934637069702
0.06602244824171066
0.12288438528776169
0.16693522036075592
0.05896778404712677
0.043334927409887314
0.08135176450014114
0.06004614755511284
0.07772761583328247
0.12358314543962479
0.08473973721265793
0.1173338070511818
0.21668487787246704
0.027776848524808884
0.09645843505859375
0.143883615732193
0.10015133768320084
0.19684796035289764
0.13944989442825317
0.19033995270729065
0.2015553116798401
0.06311626732349396
0.0797601044178009
0.21369917690753937
0.10610637068748474
0.14136344194412231
0.02894611470401287
0.06288859993219376
0.23115979135036469
0.028394682332873344
0.10397938638925552
0.03764497861266136
0.166793555021286
0.08287107199430466
0.04822133481502533
0.029832065105438232
0.0822262316942215
0.09875522553920746
0.05717818811535835
0.2120174616575241
0.24559953808784485
0.03470863401889801
0.09108279645442963
0.1843736171722412
0.18437115848064423
0.08520331233739853
0.11578129976987839
0.0829910859465599
0.09020566195249557
0.0760297104716301
0.08218681812286377
0.14223752915859222
0.09173489362001419
0.038874488323926926
0.350922554731369
0.2350292056798935
0.11852758377790451
0.04308728501200676
0.11343571543693542
0.16755236685276031
0.24004411697387695
0.12293874472379684
0.09516105055809021
0.1368044912815094
0.173538938164711
0.170662522315979
0.08729434013366699
0.10605670511722565
0.14868789911270142
0.09408095479011536
0.24730893969535828
0.050502218306064606
0.04240509867668152
0.09895332157611847
0.06501291692256927
0.0427042618393898
0.2702646851539612
0.045526839792728424
0.3192356526851654
0.12168821692466736
0.046732593327760696
0.12054809182882309
0.1522417962551117
0.05171024054288864
0.3159448802471161
0.08413288742303848
0.04760252311825752
0.3198707103729248
0.11249559372663498
0.13788332045078278
0.08859957754611969
0.07584106922149658
0.05079302936792374
0.11586202681064606
0.09151984006166458
0.17521916329860687
0.1992543786764145
0.413862019777298
0.09813035279512405
0.04790011793375015
0.14486613869667053
0.20181997120380402
0.17374557256698608
0.16016705334186554
0.07461225986480713
0.19581711292266846
0.06269171833992004
0.06622926890850067
0.14471843838691711
0.0685247927904129
0.12144359201192856
0.12373822182416916
0.0787329450249672
0.14645227789878845
0.018982132896780968
0.13700474798679352
0.05031563341617584
0.1077180877327919
0.033767033368349075
0.06872349977493286
0.1456518918275833
0.10979834198951721
0.06471294909715652
0.07141203433275223
0.15506665408611298
0.16134020686149597
0.1101899966597557
0.06875374913215637
0.08706790953874588
0.11961638182401657
0.2323838174343109
0.1377139389514923
0.16015057265758514
0.14353306591510773
0.03220614045858383
0.17699816823005676
0.08748815953731537
0.1896602064371109
0.17776446044445038
0.12216992676258087
0.05651174858212471
0.07651354372501373
0.06553584337234497
0.1433493196964264
0.08696312457323074
0.09495648741722107
0.14501073956489563
0.07149850577116013
0.17907582223415375
0.0840025395154953
0.14043685793876648
0.042124807834625244
0.18089111149311066
0.07325559109449387
0.11640889942646027
0.0386352613568306
0.12284675240516663
0.11405497044324875
0.09645409882068634
0.0836872011423111
0.13832885026931763
0.06267911195755005
0.16329964995384216
0.25317299365997314
0.05553840473294258
0.07145533710718155
0.05119727924466133
0.03530769422650337
0.0518488809466362
0.37990477681159973
0.18031613528728485
0.19881024956703186
0.11010219901800156
0.18554948270320892
0.04242600128054619
0.1400502324104309
0.2105427235364914
0.09004887193441391
0.14668400585651398
0.05499006435275078
0.24721723794937134
0.23280969262123108
0.35800352692604065
0.3449595272541046
0.06011639162898064
0.2436629831790924
0.09164456278085709
0.018947239965200424
0.2089783102273941
0.18226203322410583
0.15089887380599976
0.11719978600740433
0.10890691727399826
0.09889556467533112
0.035434018820524216
0.1111137717962265
0.02964584156870842
0.16137972474098206
0.05631475895643234
0.23159131407737732
0.18722231686115265
0.12923218309879303
0.11773773282766342
0.20420010387897491
0.09793349355459213
0.15675151348114014
0.11469263583421707
0.21057283878326416
0.10371556133031845
0.09713941812515259
0.06328698247671127
0.2699796259403229
0.039795637130737305
0.11823006719350815
0.24042163789272308
0.1797654777765274
0.144679456949234
0.08224847912788391
0.11339219659566879
0.08761176466941833
0.10824736207723618
0.08941113948822021
0.07339975237846375
0.19203221797943115
0.11926646530628204
0.18300887942314148
0.03230435401201248
0.058375634253025055
0.08294464647769928
0.20223449170589447
0.06950115412473679
0.19817586243152618
0.11080674082040787
0.08191041648387909
0.18213416635990143
0.15423502027988434
0.05739181488752365
0.061346862465143204
0.0697169080376625
0.0732150599360466
0.07171161472797394
0.10347983241081238
0.1105833649635315
0.05826212838292122
0.14953629672527313
0.08851203322410583
0.14332611858844757
0.18186011910438538
0.07623143494129181
0.2005852311849594
0.0549352802336216
0.1118803545832634
0.0706750899553299
0.08176741003990173
0.12367366254329681
0.061999693512916565
0.09605028480291367
0.14039075374603271
0.14296022057533264
0.16251559555530548
0.12747478485107422
0.10692677646875381
0.08129091560840607
0.07026130706071854
0.1989218145608902
0.18463507294654846
0.04053239896893501
0.0396699383854866
0.1682862490415573
0.07251722365617752
0.08098248392343521
0.08320813626050949
0.036915916949510574
0.19781456887722015
0.0884024053812027
0.15409216284751892
0.06880789995193481
0.27510181069374084
0.054379504173994064
0.18257251381874084
0.14823251962661743
0.07443825900554657
0.04479869082570076
0.10513769835233688
0.186315655708313
0.09588361531496048
0.2637939453125
0.05434311926364899
0.07229693233966827
0.18846170604228973
0.09805607795715332
0.06190728396177292
0.12572744488716125
0.09693063795566559
0.10052100569009781
0.04896334931254387
0.053930915892124176
0.06501640379428864
0.048479851335287094
0.16935935616493225
0.07724764198064804
0.041156455874443054
0.1378701627254486
0.11496797204017639
0.027254320681095123
0.10841214656829834
0.15239357948303223
0.03686962276697159
0.06758611649274826
0.049947112798690796
0.17832176387310028
0.10580899566411972
0.18176066875457764
0.16232533752918243
0.1542450189590454
0.22267118096351624
0.046150874346494675
0.04665476828813553
0.12402866035699844
0.08998708426952362
0.11367581784725189
0.20043091475963593
0.07755523920059204
0.11065712571144104
0.17035417258739471
0.07958096265792847
0.13586285710334778
0.15824425220489502
0.05433059483766556
0.07506149262189865
0.1401047557592392
0.03770769387483597
0.26380395889282227
0.1257769614458084
0.022407252341508865
0.0816374123096466
0.09763225167989731
0.0772605836391449
0.19600200653076172
0.28501230478286743
0.13521088659763336
0.08801035583019257
0.052825380116701126
0.15417371690273285
0.08352958410978317
0.12140026688575745
0.11083944886922836
0.18550999462604523
0.06393127143383026
0.26458272337913513
0.21611155569553375
0.19624857604503632
0.11580045521259308
0.1639428436756134
0.20690833032131195
0.1685536801815033
0.12823635339736938
0.06092396378517151
0.06071211025118828
0.1281367838382721
0.025920607149600983
0.1321563720703125
0.16962870955467224
0.03791697323322296
0.040671005845069885
0.14991725981235504
0.10264583677053452
0.07136436551809311
0.21760199964046478
0.10478547215461731
0.18404754996299744
0.15918317437171936
0.09454140067100525
0.1768043041229248
0.09095516055822372
0.20549501478672028
0.04665309190750122
0.035962384194135666
0.07455510646104813
0.08236241340637207
0.07476196438074112
0.3206888437271118
0.0679197832942009
0.06688771396875381
0.04208856448531151
0.22791045904159546
0.11808384954929352
0.04965546727180481
0.0326259583234787
0.028641941025853157
0.16670134663581848
0.11449886858463287
0.09858506917953491
0.12730242311954498
0.1930829882621765
0.11443949490785599
0.0528072714805603
0.037779513746500015
0.16033664345741272
0.09160317480564117
0.17854082584381104
0.08940403163433075
0.03732314705848694
0.15894350409507751
0.13340027630329132
0.07976211607456207
0.0262986421585083
0.13758575916290283
0.12439616024494171
0.09585767239332199
0.07618788629770279
0.0334138348698616
0.12198738753795624
0.11339569091796875
0.18746361136436462
0.07664786279201508
0.08848205953836441
0.09555906802415848
0.03906542807817459
0.23267053067684174
0.29045194387435913
0.07134595513343811
0.21572735905647278
0.03876764327287674
0.15927571058273315
0.10886887460947037
0.10849935561418533
0.10838256776332855
0.041811034083366394
0.19633324444293976
0.22713801264762878
0.11859683692455292
0.06399039179086685
0.03105306625366211
0.07219263911247253
0.04693352431058884
0.14505106210708618
0.171915665268898
0.29563474655151367
0.23465479910373688
0.129917174577713
0.015509449876844883
0.08284362405538559
0.08974676579236984
0.15191465616226196
0.07919581979513168
0.05881039798259735
0.12840411067008972
0.15032319724559784
0.03216855600476265
0.2653505504131317
0.06199929863214493
0.15710531175136566
0.17616872489452362
0.027532227337360382
0.05312345176935196
0.026853831484913826
0.16770881414413452
0.2319502979516983
0.09853094071149826
0.17625032365322113
0.22436031699180603
0.06845723092556
0.13460184633731842
0.0483439564704895
0.1456184834241867
0.13611817359924316
0.1002759039402008
0.29278331995010376
0.04069863632321358
0.09439334273338318
0.14798778295516968
0.08961989730596542
0.054834891110658646
0.1021086797118187
0.09977053850889206
0.07409147173166275
0.18824124336242676
0.08824830502271652
0.09469003230333328
0.05553261563181877
0.09103602170944214
0.17775733768939972
0.11009103804826736
0.16393601894378662
0.1338171809911728
0.07883917540311813
0.032746560871601105
0.2308347374200821
0.1636505126953125
0.11959066987037659
0.12414119392633438
0.05856659635901451
0.16770946979522705
0.05218064412474632
0.07820763438940048
0.08296671509742737
0.24554607272148132
0.07034655660390854
0.09607051312923431
0.18833895027637482
0.19356480240821838
0.10293716192245483
0.11616957932710648
0.08429098129272461
0.16817115247249603
0.05638812482357025
0.06093592569231987
0.04815986752510071
0.08397156745195389
0.16956903040409088
0.18479955196380615
0.08274438977241516
0.06137721985578537
0.05509503558278084
0.08818764984607697
0.07614117860794067
0.13692280650138855
0.12014619261026382
0.15369124710559845
0.13888226449489594
0.12723007798194885
0.2391655445098877
0.09917009621858597
0.1024518832564354
0.11307676136493683
0.05976452678442001
0.4085608124732971
0.06950318813323975
0.22103442251682281
0.17938697338104248
0.07288462668657303
0.15450823307037354
0.25032562017440796
0.08301275223493576
0.05378543213009834
0.056754082441329956
0.15915712714195251
0.18136560916900635
0.20350860059261322
0.12352485954761505
0.17443294823169708
0.1461658775806427
0.09449584037065506
0.039080359041690826
0.16953866183757782
0.15339115262031555
0.1334810107946396
0.09281223267316818
0.06672243028879166
0.14538846909999847
0.10798138380050659
0.1644238382577896
0.10910727083683014
0.06521666049957275
0.0812721773982048
0.08473071455955505
0.12206891924142838
0.21010805666446686
0.15422269701957703
0.12478864192962646
0.07491977512836456
0.18264253437519073
0.08944763988256454
0.10494537651538849
0.17550750076770782
0.14395281672477722
0.08382198214530945
0.08853355050086975
0.06910497695207596
0.08214855194091797
0.1507955938577652
0.08074301481246948
0.10020367801189423
0.13465428352355957
0.12192712724208832
0.14243608713150024
0.06874306499958038
0.23333236575126648
0.05594991520047188
0.14009754359722137
0.03803229331970215
0.060006435960531235
0.031030133366584778
0.08128423988819122
0.29612669348716736
0.09512130171060562
0.06124305725097656
0.17418065667152405
0.18659168481826782
0.09539582580327988
0.21560783684253693
0.07272498309612274
0.0855962410569191
0.015807494521141052
0.07510223239660263
0.09019786864519119
0.0438569150865078
0.05932912230491638
0.03349192440509796
0.18149805068969727
0.07725583016872406
0.07837151736021042
0.159906804561615
0.09817212074995041
0.0957731083035469
0.031207911670207977
0.2560790479183197
0.15435902774333954
0.031184900552034378
0.21896758675575256
0.16084058582782745
0.08627339452505112
0.07478225231170654
0.19782529771327972
0.10511036962270737
0.08364711701869965
0.08466178178787231
0.1220807284116745
0.15973301231861115
0.06565376371145248
0.07648354768753052
0.10165593028068542
0.07833746075630188
0.044043801724910736
0.11898170411586761
0.08275562524795532
0.19993501901626587
0.03277275338768959
0.17233598232269287
0.08070932328701019
0.15782566368579865
0.027602167800068855
0.07033443450927734
0.053108908236026764
0.10880725085735321
0.1278112381696701
0.019380709156394005
0.12493474036455154
0.34011363983154297
0.06322205811738968
0.2552829086780548
0.030320096760988235
