0.1559389978647232
0.2144879400730133
0.1336228847503662
0.03676504269242287
0.1961834579706192
0.19427187740802765
0.3581460416316986
0.3157646358013153
0.10158463567495346
0.1752566695213318
0.0710514485836029
0.1009676456451416
0.122495137155056
0.21935895085334778
0.22447459399700165
0.11810290068387985
0.18099062144756317
0.14013846218585968
0.0741104781627655
0.1044452115893364
0.05064505338668823
0.17686575651168823
0.1974237859249115
0.12551330029964447
0.1341525912284851
0.11168785393238068
0.025344746187329292
0.2157760113477707
0.12958501279354095
0.21275407075881958
0.06383663415908813
0.21226590871810913
0.11536447703838348
0.16269609332084656
0.04027971625328064
0.224778413772583
0.1047649160027504
0.09537553042173386
0.034642770886421204
0.10678375512361526
0.19344815611839294
0.06647584587335587
0.043635785579681396
0.2639676630496979
0.07105650752782822
0.09651133418083191
0.05818319320678711
0.11491278558969498
0.21118932962417603
0.05211315304040909
0.04340043663978577
0.13867203891277313
0.044981785118579865
0.1329616755247116
0.15881873667240143
0.0933600440621376
0.06340717524290085
0.08969523757696152
0.22389130294322968
0.10290128737688065
0.12940101325511932
0.1931351274251938
0.04778006672859192
0.030779095366597176
0.060787878930568695
0.17850667238235474
0.06244110316038132
0.04242856800556183
0.19822117686271667
0.12808255851268768
0.11068954318761826
0.11550918221473694
0.06622082740068436
0.17192506790161133
0.17321637272834778
0.05253380537033081
0.12321817874908447
0.04132552072405815
0.15738458931446075
0.30281955003738403
0.03921419009566307
0.03148322552442551
0.19304683804512024
0.11012689024209976
0.3354036509990692
0.11622786521911621
0.05444365367293358
0.12380749732255936
0.03844611346721649
0.08784596621990204
0.02081824466586113
0.0553034208714962
0.3025204539299011
0.19067919254302979
0.06898316740989685
0.09104153513908386
0.16579242050647736
0.0927945226430893
0.03093111887574196
0.06032048538327217
0.09642225503921509
0.11319833248853683
0.12743178009986877
0.11309818923473358
0.14290539920330048
0.020892249420285225
0.18131880462169647
0.15145616233348846
0.20469152927398682
0.014720315113663673
0.037105850875377655
0.19847582280635834
0.06285342574119568
0.10665637999773026
0.07970288395881653
0.08153161406517029
0.17140960693359375
0.15188206732273102
0.12270775437355042
0.09276042133569717
0.14425186812877655
0.3551275432109833
0.06423072516918182
0.2962753176689148
0.054249588400125504
0.04616844281554222
0.19311478734016418
0.23872531950473785
0.1316659152507782
0.11656133830547333
0.05457943677902222
0.09638318419456482
0.1166437491774559
0.2015865445137024
0.06568549573421478
0.09084099531173706
0.10156412422657013
0.15358147025108337
0.06098943203687668
0.08613694459199905
0.14742150902748108
0.09062454104423523
0.09585407376289368
0.07549750059843063
0.12788616120815277
0.11199521273374557
0.21983793377876282
0.06394393742084503
0.08475296199321747
0.07935788482427597
0.07014129310846329
0.05689329281449318
0.11399315297603607
0.16432106494903564
0.10841760039329529
0.0729585513472557
0.1268841177225113
0.12717339396476746
0.14759598672389984
0.10508203506469727
0.1270599365234375
0.09393264353275299
0.05712885037064552
0.12404027581214905
0.12870362401008606
0.118580661714077
0.15445476770401
0.11034256219863892
0.0730665773153305
0.1578662395477295
0.03225978463888168
0.13225306570529938
0.1390516608953476
0.08626329898834229
0.13185037672519684
0.12587235867977142
0.07259302586317062
0.14733867347240448
0.19387827813625336
0.1662018895149231
0.09705837070941925
0.1490412801504135
0.04127810522913933
0.12366136908531189
0.04541866481304169
0.10366208106279373
0.11396253108978271
0.16073578596115112
0.19442282617092133
0.11989220231771469
0.08200981467962265
0.030527547001838684
0.05624702200293541
0.10554120689630508
0.1324576437473297
0.18171387910842896
0.0861380472779274
0.09399651736021042
0.18808108568191528
0.24239949882030487
0.1267891526222229
0.062436334788799286
0.12170571833848953
0.033264126628637314
0.1476592868566513
0.039591457694768906
0.17603212594985962
0.17550572752952576
0.13075292110443115
0.1903633028268814
0.046416379511356354
0.09923437237739563
0.32507601380348206
0.09108832478523254
0.13125739991664886
0.17434753477573395
0.09380390495061874
0.08760402351617813
0.14914436638355255
0.05386723577976227
0.14029982686042786
0.13739006221294403
0.06107189878821373
0.12426267564296722
0.08617876470088959
0.18114984035491943
0.02810721844434738
0.2717539668083191
0.08165699988603592
0.32685863971710205
0.09480048716068268
0.1587497740983963
0.08151958137750626
0.09009550511837006
0.1051362156867981
0.3930656611919403
0.09496016055345535
0.07487554103136063
0.14855822920799255
0.0647146925330162
0.26997146010398865
0.17841145396232605
0.1034698337316513
0.06205691397190094
0.1777936816215515
0.03670636937022209
0.23269473016262054
0.05965447053313255
0.177240788936615
0.239302858710289
0.16707774996757507
0.17867235839366913
0.20562535524368286
0.30468642711639404
0.22543728351593018
0.10818088799715042
0.2053239345550537
0.04477148503065109
0.03573368862271309
0.12371275573968887
0.029882268980145454
0.19209010899066925
0.14532791078090668
0.15981917083263397
0.17835555970668793
0.24254466593265533
0.05233260989189148
0.19325566291809082
0.06978961080312729
0.06229650229215622
0.11952924728393555
0.11042813211679459
0.12451258301734924
0.1455651968717575
0.07097265869379044
0.056682389229536057
0.0692237839102745
0.09489665925502777
0.07008739560842514
0.04996851831674576
0.31134191155433655
0.02850320190191269
0.05556609481573105
0.1357608586549759
0.1253097504377365
0.1159592717885971
0.375683456659317
0.10414467751979828
0.21534228324890137
0.1487702578306198
0.19939644634723663
0.09589089453220367
0.030888522043824196
0.18739674985408783
0.15186777710914612
0.06800194829702377
0.11916803568601608
0.17521467804908752
0.18773049116134644
0.1703343391418457
0.053807444870471954
0.09118447452783585
0.15178905427455902
0.28521114587783813
0.07875316590070724
0.04821021482348442
0.12241896241903305
0.1745120733976364
0.10797203332185745
0.1387670487165451
0.11419014632701874
0.12184645235538483
0.15011648833751678
0.05465928465127945
0.13893330097198486
0.25019755959510803
0.2151382863521576
0.24048162996768951
0.04280564934015274
0.1326960325241089
0.0691920593380928
0.041791196912527084
0.10903633385896683
0.12058010697364807
0.12401852756738663
0.09536948800086975
0.15570133924484253
0.2183089405298233
0.09720829129219055
0.05929148197174072
0.10889080166816711
0.13420066237449646
0.1973191350698471
0.19543229043483734
0.13507594168186188
0.05164226517081261
0.1907246708869934
0.07503511011600494
0.16892503201961517
0.05108226090669632
0.16787005960941315
0.10870552808046341
0.13718421757221222
0.114059217274189
0.11903097480535507
0.07486853748559952
0.10087081044912338
0.030402345582842827
0.19248251616954803
0.27450811862945557
0.192209854722023
0.27877217531204224
0.1865273118019104
0.16774380207061768
0.1503394991159439
0.036416858434677124
0.2768455445766449
0.1926880031824112
0.09069734066724777
0.24925577640533447
0.0437493659555912
0.07070057094097137
0.05311497673392296
0.09365011006593704
0.02876690961420536
0.12323018163442612
0.08010540157556534
0.09593137353658676
0.1498611867427826
0.17049956321716309
0.038746315985918045
0.16591408848762512
0.09197111427783966
0.1172408014535904
0.06919994950294495
0.10372304171323776
0.04596823826432228
0.06325586140155792
0.10570146888494492
0.13501416146755219
0.30664050579071045
0.04158327355980873
0.12000105530023575
0.13005563616752625
0.07342512905597687
0.07130353152751923
0.12704148888587952
0.06229335442185402
0.05499288812279701
0.12397237122058868
0.03057865984737873
0.03081432729959488
0.31360456347465515
0.11583459377288818
0.15664798021316528
0.1314748227596283
0.07531006634235382
0.1611405909061432
0.07198274880647659
0.1477033644914627
0.10397360473871231
0.10071391612291336
0.08941131830215454
0.3201777935028076
0.13098309934139252
0.07671461254358292
0.0640326514840126
0.10898623615503311
0.023848209530115128
0.12052230536937714
0.10417716950178146
0.08942335098981857
0.11902383714914322
0.23078517615795135
0.06291499733924866
0.09073784947395325
0.13682086765766144
0.06955975294113159
0.19932064414024353
0.09348336607217789
0.17442943155765533
0.1640944480895996
0.0740969106554985
0.05166422203183174
0.09201286733150482
0.15196453034877777
0.14765138924121857
0.08082619309425354
0.1364852339029312
0.08017081022262573
0.13209396600723267
0.14044320583343506
0.07295431196689606
0.2636581063270569
0.07246710360050201
0.05619669333100319
0.12021464854478836
0.21159464120864868
0.1021437719464302
0.2782942056655884
0.038434483110904694
0.23101074993610382
0.10236349701881409
0.14388306438922882
0.1614486128091812
0.17949481308460236
0.12711291015148163
0.02390296757221222
0.23471975326538086
0.0692538470029831
0.22660312056541443
0.1222187802195549
0.10293717682361603
0.10033741593360901
0.06000705063343048
0.0686371922492981
0.044785067439079285
0.05121331661939621
0.12965071201324463
0.08823073655366898
0.18760080635547638
0.07812578231096268
0.1106828823685646
0.1027761921286583
0.1828952133655548
0.1305769830942154
0.057135920971632004
0.10521537810564041
0.21589303016662598
0.15826919674873352
0.13937625288963318
0.09567409753799438
0.17135587334632874
0.16259340941905975
0.13297350704669952
0.13032662868499756
0.14299215376377106
0.1484811007976532
0.07466507703065872
0.14964322745800018
0.06842369586229324
0.06533226370811462
0.11746709793806076
0.07327865064144135
0.0684589073061943
0.13436901569366455
0.0899033471941948
0.11409015953540802
0.06184444576501846
0.043769750744104385
0.36783573031425476
0.08759011328220367
0.15994594991207123
0.09177582710981369
0.0653199553489685
0.14577427506446838
0.08883640915155411
0.06996223330497742
0.07218531519174576
0.025577053427696228
0.074226513504982
0.3324890434741974
0.07452629506587982
0.1013583317399025
0.1650046408176422
0.11282586306333542
0.0659681111574173
0.03655540943145752
0.12223578244447708
0.08380332589149475
0.26098689436912537
0.11437851935625076
0.3269972503185272
0.10694713145494461
0.12278064340353012
0.07682903110980988
0.16812551021575928
0.13764499127864838
0.26923924684524536
0.14607448875904083
0.11066943407058716
0.044522445648908615
0.12315206229686737
0.14938144385814667
0.08042065799236298
0.12470562011003494
0.14337493479251862
0.12063604593276978
0.08134713768959045
0.2600488066673279
0.2174408882856369
0.07587680965662003
0.26749059557914734
0.10350188612937927
0.20777741074562073
0.3472476899623871
0.09109874814748764
0.07409261912107468
0.06271418184041977
0.1588059812784195
0.08129405230283737
0.12706883251667023
0.11815875768661499
0.07217226922512054
0.07397312670946121
0.12547625601291656
0.056328147649765015
0.043338507413864136
0.14214327931404114
0.18561336398124695
0.07674222439527512
0.08133240789175034
0.08440469950437546
0.06175784394145012
0.10309623926877975
0.04946132004261017
0.04673096165060997
0.21189185976982117
0.27822428941726685
0.1302819550037384
0.09700317680835724
0.1648319661617279
0.3133682906627655
0.13432569801807404
0.13663281500339508
0.12881435453891754
0.05740618333220482
0.3312258720397949
0.1472068876028061
0.1497848927974701
0.10097170621156693
0.1372469961643219
0.16191188991069794
0.04906840622425079
0.11709475517272949
0.04788728803396225
0.05021766573190689
0.12324094027280807
0.056792546063661575
0.12017929553985596
0.08371968567371368
0.24677665531635284
0.18045908212661743
0.15240663290023804
0.14917981624603271
0.23233474791049957
0.0939529687166214
0.12472651153802872
0.10181037336587906
0.1507813185453415
0.12604205310344696
0.07598491758108139
0.26720109581947327
0.0882054790854454
0.17767566442489624
0.10512690991163254
0.07490972429513931
0.08665052801370621
0.31615057587623596
0.11252700537443161
0.3829604983329773
0.2334526628255844
0.08920690417289734
0.15698453783988953
0.21607591211795807
0.11731401085853577
0.03020118549466133
0.08198932558298111
0.05274006724357605
0.17021335661411285
0.05475631356239319
0.34368181228637695
0.09308833628892899
0.17752128839492798
0.020232418552041054
0.15472742915153503
0.09636357426643372
0.2629821002483368
0.07770241051912308
0.05306535214185715
0.05183771997690201
0.1612144410610199
0.1290726512670517
0.0680936872959137
0.14681881666183472
0.14011716842651367
0.06375440955162048
0.14196141064167023
0.05763948708772659
0.13246873021125793
0.2069196105003357
0.15147162973880768
0.09153851866722107
0.07079915702342987
0.08692582696676254
0.11264239251613617
0.0825912356376648
0.1726824790239334
0.1837143898010254
0.1582784354686737
0.10123042017221451
0.10675887763500214
0.16688673198223114
0.020642424002289772
0.06331729888916016
0.11028389632701874
0.24422097206115723
0.03291067108511925
0.09970340132713318
0.25178515911102295
0.056525107473134995
0.16053104400634766
0.1146874949336052
0.33019477128982544
0.20299601554870605
0.09097015857696533
0.1329708844423294
0.11293569952249527
0.05516715347766876
0.08660886436700821
0.11196363717317581
0.08051151782274246
0.08655448257923126
0.10368828475475311
0.1517435908317566
0.37832361459732056
0.3536571264266968
0.24553552269935608
0.01706182397902012
0.1200244277715683
0.1282300502061844
0.13130146265029907
0.06496068835258484
0.08427026867866516
0.16669170558452606
0.05678009241819382
0.1425788700580597
0.07286693155765533
0.08869148045778275
0.07777445018291473
0.08652888983488083
0.25202062726020813
0.18794797360897064
0.03376532346010208
0.15345130860805511
0.31304317712783813
0.09381233900785446
0.08012516051530838
0.09017064422369003
0.2776655852794647
0.11760571599006653
0.03487255796790123
0.08961165696382523
0.19711993634700775
0.0766083374619484
0.0964435413479805
0.07293423265218735
0.11072084307670593
0.2623889148235321
0.19460316002368927
0.08517388254404068
0.2652912139892578
0.11500406265258789
0.06148279085755348
0.12018458545207977
0.1104334145784378
0.13402949273586273
0.1686825007200241
0.06413307785987854
0.22637003660202026
0.11098974943161011
0.18713977932929993
0.07251416891813278
0.06332962960004807
0.1532183140516281
0.20821774005889893
0.1398153156042099
0.2206035703420639
0.16662393510341644
0.06679806858301163
0.16632862389087677
0.1256643384695053
0.02978636883199215
0.089301697909832
0.21858404576778412
0.08354950696229935
0.12523899972438812
0.19291414320468903
0.2280653566122055
0.1259109526872635
0.1648145169019699
0.08854122459888458
0.039276011288166046
0.1699826866388321
0.07724211364984512
0.07828415930271149
0.1339123547077179
0.16807639598846436
0.07819518446922302
0.1586066633462906
0.04279302433133125
0.0945621132850647
0.04693121090531349
0.029383359476923943
0.19268617033958435
0.10104981064796448
0.05075477808713913
0.129380002617836
0.06340203434228897
0.1220550462603569
0.15272557735443115
0.013107968494296074
0.13220442831516266
0.08569487184286118
0.0551089271903038
0.1591750681400299
0.05709560215473175
0.08708850294351578
0.14144018292427063
0.09370331466197968
0.030007554218173027
0.08990774303674698
0.10744616389274597
0.04162369668483734
0.2430998980998993
0.23533810675144196
0.1120184063911438
0.07718927413225174
0.17791619896888733
0.10808132588863373
0.33341941237449646
0.1472984105348587
0.07395688444375992
0.06716873496770859
0.06780299544334412
0.15938572585582733
0.1680825799703598
0.09602436423301697
0.14382024109363556
0.16000649333000183
0.17060057818889618
0.12039749324321747
0.15051402151584625
0.04062553867697716
0.17797565460205078
0.2248646318912506
0.13853614032268524
0.06554469466209412
0.14643488824367523
0.09939810633659363
0.09275217354297638
0.040942516177892685
0.028813175857067108
0.1044573038816452
0.048314910382032394
0.07676905393600464
0.2012430727481842
0.058695580810308456
0.18136145174503326
0.09229789674282074
0.13454346358776093
0.1428910493850708
0.1518138200044632
0.09011176973581314
0.12543870508670807
0.040993016213178635
0.08013037592172623
0.08754502236843109
0.10683941841125488
0.10932954400777817
0.20678827166557312
0.05376667529344559
0.047273341566324234
0.15236011147499084
0.18300886452198029
0.10942765325307846
0.24811647832393646
0.10867255926132202
0.1814640909433365
0.11191283911466599
0.11003996431827545
0.1904754489660263
0.05401017516851425
0.2269369661808014
0.1862250566482544
0.19125118851661682
0.17991191148757935
0.06748455762863159
0.07236247509717941
0.2806895077228546
0.03489992395043373
0.18504451215267181
0.03200492635369301
0.04208251088857651
0.06430749595165253
0.10318724811077118
0.15177381038665771
0.14326904714107513
0.1665329784154892
0.06358379870653152
0.14337463676929474
0.15147091448307037
0.07284893840551376
0.17613758146762848
0.13058726489543915
0.214933842420578
0.1301395744085312
0.24505610764026642
0.0659928172826767
0.08830508589744568
0.14683960378170013
0.19630683958530426
0.07603161782026291
0.20836329460144043
0.1126549020409584
0.03558431938290596
0.2087879627943039
0.21325303614139557
0.033750537782907486
0.0672631785273552
0.06140840798616409
0.0600166879594326
0.0837567150592804
0.20628531277179718
0.12872104346752167
0.1571580022573471
0.08884342014789581
0.13220804929733276
0.1649829000234604
0.19504575431346893
0.16624125838279724
0.2840820252895355
0.29143428802490234
0.08058228343725204
0.13595770299434662
0.1496790051460266
0.23482485115528107
0.2490924894809723
0.12232847511768341
0.07671108841896057
0.04279269278049469
0.056275032460689545
0.19752879440784454
0.12390322238206863
0.06764575093984604
0.07775737345218658
0.18513619899749756
0.10537877678871155
0.06934680789709091
0.09947529435157776
0.11376246809959412
0.12149158120155334
0.11674689501523972
0.11806792765855789
0.08878374099731445
0.20795783400535583
0.09354409575462341
0.10762986540794373
0.02301456406712532
0.09371180832386017
0.08775994926691055
0.1627185344696045
0.11125209927558899
0.04684433713555336
0.21832424402236938
0.1909361630678177
0.1657349020242691
0.051715463399887085
0.2509652078151703
0.21612957119941711
0.1441049873828888
0.0928063914179802
0.10255587100982666
0.1435004472732544
0.09068791568279266
0.09195119887590408
0.24034777283668518
0.1314852386713028
0.17421270906925201
0.23631183803081512
0.11892195045948029
0.3058648705482483
0.15323232114315033
0.3533301055431366
0.01999443769454956
0.12510131299495697
0.04090550169348717
0.06876126676797867
0.06374731659889221
0.08281733095645905
0.07659291476011276
0.1066276803612709
0.09113921970129013
0.14446277916431427
0.1930830180644989
0.013463037088513374
0.2421078383922577
0.054599687457084656
0.2781579792499542
0.09495151042938232
