0.1720384955406189
0.2369684875011444
0.18970611691474915
0.4134223461151123
0.19828054308891296
0.09919176250696182
0.10123016685247421
0.12744663655757904
0.2673448622226715
0.20659776031970978
0.19429130852222443
0.08661647886037827
0.15646648406982422
0.12513622641563416
0.13280607759952545
0.12778691947460175
0.3042355179786682
0.2378944307565689
0.17066510021686554
0.12741126120090485
0.2920456528663635
0.3250904083251953
0.28200843930244446
0.16112038493156433
0.26019391417503357
0.1847395896911621
0.25637713074684143
0.2015543133020401
0.36680299043655396
0.05601789429783821
0.1814928501844406
0.1999140828847885
0.23018933832645416
0.18108408153057098
0.24902606010437012
0.15474724769592285
0.14103953540325165
0.30750149488449097
0.23339799046516418
0.12504592537879944
0.18460212647914886
0.14724165201187134
0.1830693930387497
0.3477194309234619
0.10823513567447662
0.28821033239364624
0.24183106422424316
0.16142676770687103
0.13655628263950348
0.1431870311498642
0.3195344805717468
0.2310250848531723
0.3444845676422119
0.3372266888618469
0.1344228982925415
0.2617398798465729
0.20601817965507507
0.33475902676582336
0.1782851666212082
0.3029433488845825
0.1408541202545166
0.3488026261329651
0.20231832563877106
0.17611061036586761
0.1759742796421051
0.1813805252313614
0.16110219061374664
0.24502085149288177
0.17216183245182037
0.22585517168045044
0.26145777106285095
0.2145777940750122
0.17569787800312042
0.09973126649856567
0.3384707272052765
0.37697315216064453
0.15604491531848907
0.3011952340602875
0.2683139741420746
0.21487751603126526
0.1116223856806755
0.06231986731290817
0.380954384803772
0.13938921689987183
0.2512635290622711
0.11244247108697891
0.24439261853694916
0.22530972957611084
0.2591812014579773
0.39917412400245667
0.08585218340158463
0.23962561786174774
0.15943226218223572
0.32089540362358093
0.14488659799098969
0.4930063486099243
0.2221176028251648
0.06644633412361145
0.15403589606285095
0.1861267238855362
0.20050206780433655
0.23141710460186005
0.19715982675552368
0.4700770676136017
0.2536941468715668
0.25876960158348083
0.10788973420858383
0.3275703489780426
0.269883394241333
0.1310151368379593
0.17225287854671478
0.2580873370170593
0.24394749104976654
0.26099616289138794
0.14005239307880402
0.1623268723487854
0.2865411639213562
0.2466738075017929
0.1535656750202179
0.23260480165481567
0.31667885184288025
0.3354484736919403
0.085758738219738
0.19308066368103027
0.374215304851532
0.2267111986875534
0.13237494230270386
0.22648800909519196
0.3115602135658264
0.31362536549568176
0.2975139617919922
0.2469329833984375
0.2601788640022278
0.22532090544700623
0.1319519579410553
0.3141956627368927
0.1851833611726761
0.19565877318382263
0.20714573562145233
0.2331712394952774
0.1890350580215454
0.0858321413397789
0.13457424938678741
0.10982949286699295
0.3263014853000641
0.24822905659675598
0.08969765901565552
0.1812787801027298
0.24368415772914886
0.3036520183086395
0.13371098041534424
0.22695869207382202
0.2551330029964447
0.22702321410179138
0.13949836790561676
0.3544161021709442
0.10328221321105957
0.19983811676502228
0.47627881169319153
0.16398859024047852
0.20063434541225433
0.23096364736557007
0.17335285246372223
0.2080131471157074
0.15385320782661438
0.16506342589855194
0.13203124701976776
0.10889086127281189
0.3352499008178711
0.17156068980693817
0.1681571900844574
0.2886008322238922
0.3927944302558899
0.2143976390361786
0.172768235206604
0.15220347046852112
0.29812055826187134
0.12177767604589462
0.22796730697155
0.27789250016212463
0.1265859752893448
0.08838630467653275
0.3506890833377838
0.17749670147895813
0.319790244102478
0.11622284352779388
0.20137649774551392
0.4345053434371948
0.3203652799129486
0.20010638236999512
0.11234522610902786
0.11573817580938339
0.13480107486248016
0.2849330008029938
0.20028728246688843
0.20999784767627716
0.13262702524662018
0.1251945048570633
0.1664668172597885
0.1879369467496872
0.2418980449438095
0.30480873584747314
0.23724782466888428
0.3676857054233551
0.27976030111312866
0.28219008445739746
0.17044216394424438
0.20231764018535614
0.1649324595928192
0.137769415974617
0.13814041018486023
0.11058112233877182
0.13596375286579132
0.19814231991767883
0.3404073119163513
0.23167601227760315
0.08025021106004715
0.12026585638523102
0.3239451050758362
0.12247361242771149
0.1878795474767685
0.3181235194206238
0.22837117314338684
0.14298532903194427
0.2741604149341583
0.3514339327812195
0.19741573929786682
0.30823883414268494
0.1580953449010849
0.26560914516448975
0.2557205557823181
0.1799975037574768
0.25196316838264465
0.14018428325653076
0.26393792033195496
0.39269500970840454
0.22195181250572205
0.247272789478302
0.1980196237564087
0.26330089569091797
0.26860976219177246
0.251796156167984
0.19350723922252655
0.19093897938728333
0.14991545677185059
0.19405986368656158
0.24033242464065552
0.09253569692373276
0.20502975583076477
0.17512710392475128
0.19439703226089478
0.07744001597166061
0.2647753357887268
0.19744251668453217
0.24069923162460327
0.15368539094924927
0.33875003457069397
0.21697096526622772
0.4657004773616791
0.1971757858991623
0.21649183332920074
0.05290759727358818
0.12619411945343018
0.28000491857528687
0.4491662085056305
0.2949255704879761
0.12549476325511932
0.37307772040367126
0.17065000534057617
0.10828818380832672
0.39867913722991943
0.36346039175987244
0.33564695715904236
0.19265049695968628
0.13815082609653473
0.188625305891037
0.3044686019420624
0.1290908306837082
0.2590995728969574
0.2868150770664215
0.08434372395277023
0.1566467583179474
0.3780156373977661
0.1905365288257599
0.3949587047100067
0.1064675822854042
0.14680621027946472
0.14282236993312836
0.1693793535232544
0.20587162673473358
0.12665319442749023
0.12578870356082916
0.4417829215526581
0.23065659403800964
0.30387261509895325
0.17679284512996674
0.10333399474620819
0.300077885389328
0.11737614870071411
0.12545187771320343
0.17387568950653076
0.19759394228458405
0.28182435035705566
0.19654040038585663
0.3087736964225769
0.1943642646074295
0.31345313787460327
0.12434214353561401
0.08359946310520172
0.06695213168859482
0.3008286654949188
0.23403772711753845
0.10903671383857727
0.15418186783790588
0.10540828108787537
0.23406566679477692
0.20446258783340454
0.40011143684387207
0.23892520368099213
0.2830779552459717
0.21687622368335724
0.1989605873823166
0.15194739401340485
0.2130022794008255
0.19308029115200043
0.078859843313694
0.14863553643226624
0.1576700210571289
0.17577873170375824
0.11050212383270264
0.1369755119085312
0.1313466727733612
0.19701078534126282
0.3338547945022583
0.21443071961402893
0.1344713419675827
0.2204427570104599
0.09266305714845657
0.13205544650554657
0.18822196125984192
0.2829636037349701
0.2828613221645355
0.2655114531517029
0.1960422843694687
0.15493783354759216
0.46708574891090393
0.22002474963665009
0.2222336232662201
0.17268626391887665
0.1510201096534729
0.2627224028110504
0.11010447889566422
0.2248864471912384
0.1820865422487259
0.1462978720664978
0.2976534962654114
0.1867872178554535
0.14464840292930603
0.14449100196361542
0.3597831130027771
0.17644783854484558
0.5499960780143738
0.3535687029361725
0.15182512998580933
0.09482225030660629
0.27051475644111633
0.19649308919906616
0.1514754295349121
0.16737259924411774
0.33649811148643494
0.11043649911880493
0.21868598461151123
0.3158224821090698
0.20633630454540253
0.297547847032547
0.29024747014045715
0.2726529538631439
0.2646752595901489
0.20212164521217346
0.19970232248306274
0.2639690637588501
0.20617790520191193
0.19140031933784485
0.1339266151189804
0.2563779354095459
0.10023333877325058
0.26945745944976807
0.15173909068107605
0.1933697760105133
0.29267826676368713
0.10150469094514847
0.1292726993560791
0.27172377705574036
0.25279706716537476
0.13418585062026978
0.12779252231121063
0.39430826902389526
0.33594638109207153
0.5225602388381958
0.3396320939064026
0.24594688415527344
0.2508167028427124
0.2887730896472931
0.16344785690307617
0.21086345613002777
0.08840066194534302
0.11493692547082901
0.05653832480311394
0.12103547900915146
0.10594508796930313
0.1794918179512024
0.15420189499855042
0.1892811357975006
0.11631857603788376
0.14371733367443085
0.1292237639427185
0.22031094133853912
0.13654391467571259
0.23710976541042328
0.10176688432693481
0.18996340036392212
0.30362462997436523
0.23725689947605133
0.31386446952819824
0.16199052333831787
0.1832932084798813
0.35369566082954407
0.16460447013378143
0.27321526408195496
0.22453533113002777
0.21849998831748962
0.11136644333600998
0.21505726873874664
0.16322600841522217
0.19269657135009766
0.14270637929439545
0.1416795551776886
0.2053869217634201
0.14312788844108582
0.3195613920688629
0.18634679913520813
0.14679546654224396
0.2827877104282379
0.17765066027641296
0.13380298018455505
0.15610221028327942
0.24838437139987946
0.3346656560897827
0.2007555216550827
0.07491958141326904
0.2680492103099823
0.2942622900009155
0.26668018102645874
0.12345922738313675
0.3498472273349762
0.13826780021190643
0.23442789912223816
0.1806386560201645
0.15368986129760742
0.16116638481616974
0.2817267179489136
0.1329556554555893
0.226092129945755
0.44515928626060486
0.17471353709697723
0.37738317251205444
0.41853997111320496
0.22898897528648376
0.1115337535738945
0.17862223088741302
0.14439240097999573
0.13119551539421082
0.27496835589408875
0.23944514989852905
0.19558265805244446
0.19617924094200134
0.09495703876018524
0.17626366019248962
0.1590559184551239
0.11426941305398941
0.2977941930294037
0.225747749209404
0.4974966049194336
0.2903692424297333
0.2281559258699417
0.2148064821958542
0.14313459396362305
0.2119297981262207
0.30136582255363464
0.25970256328582764
0.33929958939552307
0.15149548649787903
0.22285248339176178
0.07723487913608551
0.05611983686685562
0.21035760641098022
0.2462305724620819
0.08949611335992813
0.13045315444469452
0.18806250393390656
0.13824787735939026
0.08886096626520157
0.09317580610513687
0.16702133417129517
0.16565753519535065
0.18013380467891693
0.13415755331516266
0.3037138283252716
0.18935267627239227
0.16030336916446686
0.08498092740774155
0.16336123645305634
0.17994298040866852
0.21821247041225433
0.15521396696567535
0.548933744430542
0.203688383102417
0.20232203602790833
0.06906845420598984
0.1541566550731659
0.11554645001888275
0.19043762981891632
0.4331980347633362
0.1603977233171463
0.32051125168800354
0.15922802686691284
0.1175973042845726
0.2071036547422409
0.14741764962673187
0.29886046051979065
0.1802951842546463
0.10937458276748657
0.23813995718955994
0.20489703118801117
0.20283839106559753
0.14907954633235931
0.2804289758205414
0.13619033992290497
0.2855994701385498
0.32312026619911194
0.28577300906181335
0.1754709631204605
0.16006284952163696
0.10698658227920532
0.2750009000301361
0.21418723464012146
0.2130359709262848
0.19756574928760529
0.13206011056900024
0.17139165103435516
0.12929905951023102
0.1793680638074875
0.12359290570020676
0.16244639456272125
0.17472437024116516
0.3870449364185333
0.14088459312915802
0.20764151215553284
0.22821496427059174
0.11792327463626862
0.11279832571744919
0.1543438583612442
0.2911347448825836
0.4197409451007843
0.14786846935749054
0.11963317543268204
0.18958458304405212
0.11570986360311508
0.184030681848526
0.2776539921760559
0.1728127896785736
0.2259521335363388
0.3591412901878357
0.4682827591896057
0.16371691226959229
0.19703635573387146
0.2539891302585602
0.3089197874069214
0.1815471649169922
0.16284973919391632
0.11064957082271576
0.17919854819774628
0.17797154188156128
0.2012011706829071
0.12580542266368866
0.1056826040148735
0.20103895664215088
0.14932231605052948
0.1182839646935463
0.1868007332086563
0.3359662890434265
0.19719399511814117
0.1285112053155899
0.11885318160057068
0.14194491505622864
0.22310282289981842
0.24207206070423126
0.12085969746112823
0.1290292888879776
0.15778015553951263
0.0797530934214592
0.27435776591300964
0.18721312284469604
0.2498401254415512
0.07991549372673035
0.09251939505338669
0.2716858386993408
0.23511916399002075
0.1931976079940796
0.26585307717323303
0.3401167094707489
0.18453431129455566
0.09700123965740204
0.14215810596942902
0.19484707713127136
0.4371667504310608
0.10023922473192215
0.1084693893790245
0.1730162352323532
0.14754325151443481
0.13329915702342987
0.13776567578315735
0.31296733021736145
0.1653476059436798
0.2638190984725952
0.1438683718442917
0.23001013696193695
0.2923230826854706
0.30804726481437683
0.2644505202770233
0.13088877499103546
0.21263964474201202
0.34857186675071716
0.19228702783584595
0.3568742573261261
0.27121543884277344
0.2366563081741333
0.229233518242836
0.20676279067993164
0.23469278216362
0.265972763299942
0.24606840312480927
0.19366072118282318
0.11551736295223236
0.12060343474149704
0.10833605378866196
0.15995433926582336
0.09194672852754593
0.16015613079071045
0.08875350654125214
0.20107156038284302
0.16376499831676483
0.22614134848117828
0.07597288489341736
0.1155567467212677
0.1638265699148178
0.1299683153629303
0.08773387968540192
0.26963382959365845
0.30441054701805115
0.1871393620967865
0.16433650255203247
0.09543515741825104
0.2657927870750427
0.2151394784450531
0.35954636335372925
0.20387937128543854
0.18540765345096588
0.16567957401275635
0.2586396336555481
0.16071730852127075
0.398830771446228
0.16901174187660217
0.13048195838928223
0.1594781130552292
0.12125273793935776
0.09109579026699066
0.3940316140651703
0.19776886701583862
0.34341105818748474
0.21672378480434418
0.17735916376113892
0.1298314332962036
0.4274514615535736
0.09196700155735016
0.0917205736041069
0.2046988159418106
0.2349628508090973
0.1173081174492836
0.14026141166687012
0.12508656084537506
0.1510128229856491
0.29073017835617065
0.21817024052143097
0.143635094165802
0.2063894271850586
0.3958509564399719
0.22170846164226532
0.10113710165023804
0.16952192783355713
0.0764363706111908
0.13934272527694702
0.16099826991558075
0.18135866522789001
0.11419325321912766
0.09948945790529251
0.1536814272403717
0.23473237454891205
0.27659872174263
0.06847302615642548
0.12126744538545609
0.23352660238742828
0.1152774915099144
0.2353779375553131
0.19534212350845337
0.16069363057613373
0.13448157906532288
0.23191682994365692
0.2843626141548157
0.1345839649438858
0.15961673855781555
0.1986692100763321
0.23851971328258514
0.16029459238052368
0.17602312564849854
0.20750418305397034
0.20312245190143585
0.21460559964179993
0.17961546778678894
0.22413228452205658
0.14557768404483795
0.07073888182640076
0.10541747510433197
0.18061551451683044
0.2803734242916107
0.20065158605575562
0.11469312757253647
0.18155786395072937
0.2289886772632599
0.18142935633659363
0.38397157192230225
0.16228556632995605
0.10429242998361588
0.14631934463977814
0.28341805934906006
0.22925913333892822
0.19127437472343445
0.18949490785598755
0.18490874767303467
0.229707732796669
0.24283400177955627
0.19517943263053894
0.16991908848285675
0.18740898370742798
0.1528151035308838
0.15742114186286926
0.23178379237651825
0.3168684244155884
0.15414540469646454
0.13089117407798767
0.3249112367630005
0.14101837575435638
0.19350244104862213
0.3063906133174896
0.1617206484079361
0.08514143526554108
0.110152468085289
0.1960371732711792
0.07465922832489014
0.39972394704818726
0.22928908467292786
0.05831042677164078
0.314945787191391
0.3240753412246704
0.14522022008895874
0.24219676852226257
0.47029420733451843
0.16467493772506714
0.06664029508829117
0.0748753696680069
0.2203962802886963
0.10028090327978134
0.2683674991130829
0.20095160603523254
0.09708890318870544
0.2789490222930908
0.19644756615161896
0.08787119388580322
0.15338920056819916
0.1218997910618782
0.28630924224853516
0.12378426641225815
0.5332618355751038
0.18049407005310059
0.14580027759075165
0.14917893707752228
0.2015887051820755
0.14429238438606262
0.37756139039993286
0.2870812714099884
0.1505071222782135
0.3899742364883423
0.3664255738258362
0.22667540609836578
0.1733972728252411
0.08802187442779541
0.08516961336135864
0.2314598560333252
0.21303491294384003
0.1015000268816948
0.13796696066856384
0.07665415853261948
0.24566857516765594
0.12369388341903687
0.22215145826339722
0.15973705053329468
0.14712704718112946
0.3785288631916046
0.15029236674308777
0.19711622595787048
0.21554233133792877
0.25538548827171326
0.12774308025836945
0.21651285886764526
0.26473933458328247
0.28447896242141724
0.15028908848762512
0.28009697794914246
0.21615226566791534
0.17053745687007904
0.14919055998325348
0.15571418404579163
0.2176039069890976
0.2882123589515686
0.14675980806350708
0.2260136902332306
0.340494304895401
0.2238590270280838
0.2262071967124939
0.28083083033561707
0.2291679084300995
0.2611725330352783
0.26512014865875244
0.1881237030029297
0.12130449712276459
0.14040125906467438
0.10273868590593338
0.17814554274082184
0.09171741455793381
0.08495325595140457
0.12140116840600967
0.22691820561885834
0.4192350506782532
0.11930615454912186
0.34270423650741577
0.13281680643558502
0.23872414231300354
0.2678324580192566
0.13239052891731262
0.09679394960403442
0.19746430218219757
0.19540061056613922
0.06195014342665672
0.1595723032951355
0.22570613026618958
0.1789647489786148
0.21403692662715912
0.2551354169845581
0.09366035461425781
0.15211078524589539
0.26933753490448
0.11847659200429916
0.1626347303390503
0.15625087916851044
0.28211870789527893
0.0968826413154602
0.3106611669063568
0.23563329875469208
0.29705315828323364
0.08713045716285706
0.07980822771787643
0.1542351245880127
0.07287993282079697
0.13279150426387787
0.16352908313274384
0.12718868255615234
0.21884463727474213
0.07622561603784561
0.6699202060699463
0.15777844190597534
0.21916310489177704
0.2712317705154419
0.2559908926486969
0.09023739397525787
0.2231050580739975
0.2443615049123764
0.15783312916755676
0.20442993938922882
0.13141141831874847
0.1510320007801056
0.1889372169971466
0.07752803713083267
0.11216847598552704
0.21127600967884064
0.2920452058315277
0.20953761041164398
0.1246049702167511
0.1455180048942566
0.11804728209972382
0.20219725370407104
0.1267915517091751
0.138044074177742
0.250528484582901
0.14505010843276978
0.20153632760047913
0.11295069009065628
0.37669673562049866
0.20149444043636322
0.32258784770965576
0.08609851449728012
0.18769864737987518
0.12352846562862396
0.18697012960910797
0.12284057587385178
0.31289130449295044
0.10774990916252136
0.17235872149467468
0.1449008285999298
0.2411426305770874
0.2898268401622772
0.21432717144489288
0.15637339651584625
0.1296691745519638
0.28289616107940674
0.42701733112335205
0.12248706072568893
0.09079752117395401
0.30160486698150635
0.22380395233631134
0.17632433772087097
