0.14427483081817627
0.2377026528120041
0.17250996828079224
0.27465713024139404
0.09116989374160767
0.1966470628976822
0.0977400615811348
0.07928413152694702
0.19558070600032806
0.09250366687774658
0.2972975969314575
0.07456276565790176
0.21515542268753052
0.1426190584897995
0.18320095539093018
0.05715150758624077
0.1806662231683731
0.11061031371355057
0.2064177542924881
0.18052925169467926
0.22744247317314148
0.08618886023759842
0.10860279202461243
0.12320560216903687
0.10295376926660538
0.08659728616476059
0.09395062923431396
0.19492264091968536
0.12356632947921753
0.24960723519325256
0.1988534927368164
0.18900896608829498
0.11666934192180634
0.3057144582271576
0.1457972675561905
0.07121292501688004
0.17363688349723816
0.11417364329099655
0.11258000135421753
0.12864351272583008
0.18452560901641846
0.15698958933353424
0.09812372922897339
0.13748593628406525
0.08697110414505005
0.12338543683290482
0.20253480970859528
0.1349022388458252
0.07595542073249817
0.09623770415782928
0.20666879415512085
0.12694282829761505
0.09238621592521667
0.38231003284454346
0.1285218447446823
0.061007171869277954
0.11645486205816269
0.13662981986999512
0.09206937253475189
0.09743048995733261
0.0914248377084732
0.16441121697425842
0.37267476320266724
0.10640831291675568
0.18210403621196747
0.08450929075479507
0.1835850328207016
0.1364665925502777
0.6196049451828003
0.06805092841386795
0.17940296232700348
0.1287757158279419
0.3838571012020111
0.08044693619012833
0.16163370013237
0.058397892862558365
0.1187291145324707
0.36475446820259094
0.13374190032482147
0.18943887948989868
0.12637358903884888
0.09015903621912003
0.16994479298591614
0.2363376021385193
0.04551294073462486
0.0700196772813797
0.1318800449371338
0.09315374493598938
0.07413097470998764
0.14062637090682983
0.1399846076965332
0.1999475210905075
0.1438761055469513
0.2280973345041275
0.1430400311946869
0.1308383345603943
0.254433810710907
0.0895765945315361
0.096806101500988
0.09266605973243713
0.4087871015071869
0.2939682602882385
0.08418834209442139
0.25309377908706665
0.15716169774532318
0.10304665565490723
0.2619093358516693
0.2185240238904953
0.088220976293087
0.17133556306362152
0.1197136640548706
0.07221519201993942
0.11226271092891693
0.1656218022108078
0.1699073314666748
0.07024510949850082
0.18873435258865356
0.06328331679105759
0.2085520625114441
0.11745074391365051
0.059629205614328384
0.18247295916080475
0.07626509666442871
0.10920095443725586
0.09229381382465363
0.18254677951335907
0.13008083403110504
0.13992713391780853
0.21400396525859833
0.14348052442073822
0.09511721134185791
0.12121255695819855
0.06780648976564407
0.12659026682376862
0.05836370587348938
0.08113544434309006
0.14284728467464447
0.14793922007083893
0.25602036714553833
0.06922893971204758
0.10449600219726563
0.08411847800016403
0.08955163508653641
0.2474929392337799
0.21341393887996674
0.2232518196105957
0.14885921776294708
0.04961425065994263
0.01878608949482441
0.08067702502012253
0.20178255438804626
0.07214868813753128
0.14693444967269897
0.058175262063741684
0.06932137906551361
0.20191310346126556
0.18012477457523346
0.22986146807670593
0.069545216858387
0.27665868401527405
0.06953480839729309
0.05339232459664345
0.11860259622335434
0.07477114349603653
0.26025041937828064
0.13363923132419586
0.23711194097995758
0.05149944871664047
0.19577805697917938
0.19312068819999695
0.272563636302948
0.12330774962902069
0.05817262455821037
0.09270235151052475
0.1802433878183365
0.06505322456359863
0.09900657087564468
0.14968448877334595
0.24151577055454254
0.2771795690059662
0.30318683385849
0.12087368965148926
0.10782549530267715
0.1732359677553177
0.2222089320421219
0.1866576373577118
0.09720166772603989
0.24879243969917297
0.09057909995317459
0.20648737251758575
0.1639891266822815
0.11100909113883972
0.13301675021648407
0.08942209184169769
0.1536877453327179
0.11709490418434143
0.2511175870895386
0.26594921946525574
0.3827868700027466
0.20539399981498718
0.21979974210262299
0.12783315777778625
0.1981283277273178
0.2599427103996277
0.13707923889160156
0.19461020827293396
0.07926560938358307
0.12389536201953888
0.15495611727237701
0.1447020024061203
0.22558237612247467
0.06481686979532242
0.1700713038444519
0.2457558512687683
0.17081788182258606
0.2665925621986389
0.3484031856060028
0.13546523451805115
0.13509488105773926
0.17314018309116364
0.12461842596530914
0.0885656401515007
0.18386703729629517
0.23574568331241608
0.10886014997959137
0.08673222362995148
0.12999992072582245
0.14117878675460815
0.16132856905460358
0.19915388524532318
0.09813817590475082
0.14306072890758514
0.11306246370077133
0.03513447940349579
0.16843217611312866
0.08400999009609222
0.07783792167901993
0.208171084523201
0.26381710171699524
0.25407013297080994
0.2034720927476883
0.18591442704200745
0.137398824095726
0.1661020666360855
0.11626914143562317
0.1007339209318161
0.3039034903049469
0.1392289102077484
0.19425322115421295
0.04843355715274811
0.22746656835079193
0.20450955629348755
0.2084968537092209
0.03304380923509598
0.14779315888881683
0.12394831329584122
0.1715278923511505
0.14200590550899506
0.05799338221549988
0.141998752951622
0.040289584547281265
0.09464588016271591
0.19204749166965485
0.12566082179546356
0.1609136313199997
0.08876385539770126
0.11714574694633484
0.13139595091342926
0.2566751539707184
0.20636770129203796
0.3211617171764374
0.22831356525421143
0.08427392691373825
0.07506746053695679
0.1487973928451538
0.16283170878887177
0.2323881834745407
0.29884955286979675
0.14333702623844147
0.316007137298584
0.10104043036699295
0.3204873502254486
0.2909078299999237
0.15928888320922852
0.14728499948978424
0.34515997767448425
0.08441175520420074
0.09607728570699692
0.14378207921981812
0.1668153554201126
0.29957646131515503
0.15283627808094025
0.057881806045770645
0.11753181368112564
0.18491850793361664
0.07880690693855286
0.07195311039686203
0.12126363813877106
0.24567019939422607
0.10193471610546112
0.15967728197574615
0.12970192730426788
0.10867022722959518
0.19101858139038086
0.11312158405780792
0.08188179135322571
0.16225691139698029
0.09165309369564056
0.13369862735271454
0.14943841099739075
0.19635610282421112
0.1784580647945404
0.25369447469711304
0.09961830079555511
0.2122483253479004
0.07410159707069397
0.07038896530866623
0.12306369096040726
0.06759874522686005
0.2426374852657318
0.21615265309810638
0.054598744958639145
0.10766667872667313
0.22562424838542938
0.1365356594324112
0.19635234773159027
0.2043045461177826
0.21601985394954681
0.1600457727909088
0.3901855945587158
0.09870529919862747
0.39631232619285583
0.06934981793165207
0.062752366065979
0.11722198128700256
0.2877020835876465
0.4450311064720154
0.09354525059461594
0.21736015379428864
0.12982621788978577
0.1571797877550125
0.13374359905719757
0.24276301264762878
0.1217619925737381
0.045666031539440155
0.15134882926940918
0.058060482144355774
0.1042695865035057
0.24664843082427979
0.12084314972162247
0.28284674882888794
0.1054195687174797
0.061037179082632065
0.04780985042452812
0.04547541216015816
0.15753373503684998
0.09258855879306793
0.13194088637828827
0.17623507976531982
0.08722555637359619
0.06273450702428818
0.09686974436044693
0.09976465255022049
0.23728400468826294
0.10160515457391739
0.2897922992706299
0.0564541257917881
0.12620270252227783
0.21941088140010834
0.07523317635059357
0.07968036085367203
0.18399611115455627
0.17665690183639526
0.1033749133348465
0.12106966972351074
0.040160126984119415
0.08926032483577728
0.24961914122104645
0.20149371027946472
0.05777633190155029
0.14243170619010925
0.26763173937797546
0.18859076499938965
0.1190919280052185
0.09214531630277634
0.12829460203647614
0.06135059520602226
0.17779003083705902
0.21365982294082642
0.25973403453826904
0.3230150640010834
0.20396707952022552
0.09550892561674118
0.06573047488927841
0.07511545717716217
0.14538751542568207
0.2394227534532547
0.3009909689426422
0.10551269352436066
0.36532357335090637
0.22895638644695282
0.1110968068242073
0.22484087944030762
0.21153607964515686
0.2526291012763977
0.35424476861953735
0.17896930873394012
0.20779605209827423
0.23650869727134705
0.10091425478458405
0.26555564999580383
0.20841039717197418
0.10779448598623276
0.12474874407052994
0.12652769684791565
0.3087702989578247
0.25971072912216187
0.1664760559797287
0.22938743233680725
0.29643169045448303
0.10689004510641098
0.15124446153640747
0.06840458512306213
0.15401588380336761
0.18337497115135193
0.06002086400985718
0.10825368762016296
0.14223115146160126
0.219550222158432
0.07899004966020584
0.13528205454349518
0.25797343254089355
0.2318941056728363
0.18113215267658234
0.1340520977973938
0.22225309908390045
0.17063194513320923
0.14679546654224396
0.19243009388446808
0.1060623899102211
0.20937734842300415
0.20380228757858276
0.09027643501758575
0.09126926958560944
0.16054481267929077
0.10714013129472733
0.2386011928319931
0.27134543657302856
0.20030561089515686
0.17884863913059235
0.2576320469379425
0.16745299100875854
0.13155724108219147
0.2008543461561203
0.12387315183877945
0.1521008014678955
0.1884562224149704
0.056942883878946304
0.11447138339281082
0.17675988376140594
0.1160716786980629
0.2049977034330368
0.06987038999795914
0.07014475762844086
0.1023901179432869
0.18379682302474976
0.18255001306533813
0.05904224142432213
0.28768810629844666
0.04531371220946312
0.144521564245224
0.052327144891023636
0.11175983399152756
0.2135201245546341
0.10659249871969223
0.20733188092708588
0.07215453684329987
0.11738857626914978
0.18577195703983307
0.19390499591827393
0.11679532378911972
0.16497142612934113
0.2220180779695511
0.16750378906726837
0.16406963765621185
0.17465397715568542
0.08656570315361023
0.19378511607646942
0.11563524603843689
0.12962976098060608
0.09170776605606079
0.09485718607902527
0.25081485509872437
0.15625116229057312
0.15693135559558868
0.31754225492477417
0.17919796705245972
0.15050026774406433
0.30551883578300476
0.041453246027231216
0.19322530925273895
0.29434195160865784
0.07449693977832794
0.09442197531461716
0.16054892539978027
0.0795520544052124
0.14457988739013672
0.07048626244068146
0.25795987248420715
0.1720195710659027
0.23917217552661896
0.17864657938480377
0.11764590442180634
0.30365803837776184
0.14086757600307465
0.048974353820085526
0.12378387898206711
0.11636899411678314
0.15701982378959656
0.1885329931974411
0.05638160929083824
0.21178363263607025
0.133187398314476
0.10408850759267807
0.10938893258571625
0.24933965504169464
0.06637712568044662
0.042186688631772995
0.12656763195991516
0.17625150084495544
0.21133670210838318
0.12836159765720367
0.15095412731170654
0.10328858345746994
0.06120425462722778
0.25480759143829346
0.14568661153316498
0.28343480825424194
0.2640591561794281
0.1131797581911087
0.06693727523088455
0.3385109007358551
0.17408207058906555
0.20769399404525757
0.1718592494726181
0.1694314181804657
0.2091388702392578
0.14836832880973816
0.07537896186113358
0.16604499518871307
0.2316790223121643
0.03615128621459007
0.06479161977767944
0.19611214101314545
0.09393467009067535
0.1850358098745346
0.09132829308509827
0.18983902037143707
0.16869385540485382
0.2734279930591583
0.1872618943452835
0.28941065073013306
0.16456574201583862
0.16724087297916412
0.15202400088310242
0.21032343804836273
0.058665696531534195
0.38307878375053406
0.18596932291984558
0.19031038880348206
0.16799995303153992
0.12292460352182388
0.1746324598789215
0.3195632994174957
0.056165628135204315
0.27896690368652344
0.1785745769739151
0.1451238989830017
0.14834246039390564
0.10734094679355621
0.12367062270641327
0.1863923966884613
0.1246488094329834
0.11919976770877838
0.10106488317251205
0.19975410401821136
0.13901256024837494
0.15424592792987823
0.17074261605739594
0.19921231269836426
0.2635591924190521
0.12388700991868973
0.10033644735813141
0.17575480043888092
0.09305129200220108
0.2364579737186432
0.0672454908490181
0.340059757232666
0.16734763979911804
0.2892281413078308
0.1953158974647522
0.21796157956123352
0.13591231405735016
0.24821695685386658
0.11642903089523315
0.19026228785514832
0.09698004275560379
0.1242980808019638
0.20674371719360352
0.05303933843970299
0.2886433005332947
0.10695136338472366
0.05469135195016861
0.15556877851486206
0.15721458196640015
0.020756293088197708
0.18100285530090332
0.07497996836900711
0.08634787797927856
0.14672420918941498
0.1774597465991974
0.0756024494767189
0.10347141325473785
0.19747695326805115
0.1291569024324417
0.1347351372241974
0.10909267514944077
0.15839938819408417
0.08275073766708374
0.10128214955329895
0.2765079736709595
0.1604709029197693
0.21361280977725983
0.1400170922279358
0.20805391669273376
0.13081762194633484
0.15581810474395752
0.27033767104148865
0.14236284792423248
0.0937536433339119
0.11305855959653854
0.15235215425491333
0.1549072116613388
0.15052443742752075
0.42322033643722534
0.16327397525310516
0.14140385389328003
0.15346449613571167
0.2493147850036621
0.24364452064037323
0.0587046816945076
0.08708101511001587
0.1870999038219452
0.3589772880077362
0.11814092099666595
0.17085795104503632
0.07418365031480789
0.060220152139663696
0.20359060168266296
0.0495329424738884
0.07259773463010788
0.1457653045654297
0.23633331060409546
0.20019596815109253
0.12599879503250122
0.04680613800883293
0.19663667678833008
0.3140914738178253
0.12488251179456711
0.23117271065711975
0.19916731119155884
0.04901880398392677
0.12495314329862595
0.36509644985198975
0.11334356665611267
0.365349680185318
0.1378403753042221
0.1727515161037445
0.13354867696762085
0.11787928640842438
0.15825213491916656
0.09732042253017426
0.2144245058298111
0.18287836015224457
0.1152319610118866
0.1491217166185379
0.2778714895248413
0.18051816523075104
0.12954553961753845
0.11473727226257324
0.07461510598659515
0.30206048488616943
0.2897183299064636
0.19351115822792053
0.3214986026287079
0.12181855738162994
0.18893113732337952
0.2404889017343521
0.2267378866672516
0.11150768399238586
0.21773481369018555
0.1898495852947235
0.07120651006698608
0.1353394240140915
0.21117934584617615
0.26053741574287415
0.14396347105503082
0.13305024802684784
0.019159844145178795
0.0951211079955101
0.17752251029014587
0.14038056135177612
0.09903239458799362
0.12202200293540955
0.17977243661880493
0.13454799354076385
0.07696856558322906
0.3046172559261322
0.08991692960262299
0.11222992837429047
0.059759821742773056
0.30821728706359863
0.1620311439037323
0.1100408136844635
0.07669039070606232
0.2939796447753906
0.12868468463420868
0.05948894843459129
0.16060452163219452
0.4330296516418457
0.3659422695636749
0.18454545736312866
0.10809904336929321
0.1691160649061203
0.07105706632137299
0.13290096819400787
0.27903226017951965
0.2396828532218933
0.0601198635995388
0.052862733602523804
0.302976131439209
0.09941162168979645
0.16752733290195465
0.09147711843252182
0.19760000705718994
0.12371937185525894
0.2648218274116516
0.24703258275985718
0.08860631287097931
0.12295270711183548
0.3969390094280243
0.08651628345251083
0.2709352970123291
0.2077757567167282
0.14942029118537903
0.2276058942079544
0.17347277700901031
0.052110057324171066
0.12727102637290955
0.15995308756828308
0.15796644985675812
0.14586368203163147
0.14391815662384033
0.10625289380550385
0.1706179827451706
0.22804860770702362
0.09144814312458038
0.2624390125274658
0.20098590850830078
0.06021037697792053
0.17274944484233856
0.24261806905269623
0.0836959183216095
0.16822566092014313
0.06024283915758133
0.15039579570293427
0.13316597044467926
0.17674966156482697
0.26762914657592773
0.20607668161392212
0.17916737496852875
0.04194086045026779
0.06229227036237717
0.27074378728866577
0.1960507333278656
0.17840319871902466
0.08614978939294815
0.04969572275876999
0.14394333958625793
0.2809850573539734
0.1420779824256897
0.2880927622318268
0.08471709489822388
0.0551297701895237
0.18972685933113098
0.19881637394428253
0.17825642228126526
0.19011041522026062
0.15482725203037262
0.10643830895423889
0.13225209712982178
0.0573517382144928
0.20671702921390533
0.13252194225788116
0.2078629583120346
0.13530197739601135
0.2695760726928711
0.15008720755577087
0.12638923525810242
0.12966109812259674
0.1252456158399582
0.28507840633392334
0.15640002489089966
0.13339422643184662
0.14756084978580475
0.19065207242965698
0.08890581130981445
0.17912909388542175
0.34674468636512756
0.11291360855102539
0.08992963284254074
0.08024832606315613
0.133952796459198
0.12183846533298492
0.11628200858831406
0.0871114432811737
0.18548986315727234
0.0859791487455368
0.15582139790058136
0.16341811418533325
0.19618603587150574
0.2945389747619629
0.16630536317825317
0.04811595752835274
0.11824165284633636
0.18547654151916504
0.08538032323122025
0.24063768982887268
0.30113619565963745
0.23721511662006378
0.309101402759552
0.23717625439167023
0.13548722863197327
0.30095425248146057
0.07878906279802322
0.14111436903476715
0.14788764715194702
0.16357670724391937
0.2626492381095886
0.3321811258792877
0.19033651053905487
0.11004920303821564
0.09600015729665756
0.13008075952529907
0.32847025990486145
0.1597861498594284
0.17308224737644196
0.09720047563314438
0.13724854588508606
0.030979694798588753
0.19273072481155396
0.14013491570949554
0.046302542090415955
0.13437724113464355
0.09048256278038025
0.08343978971242905
0.10188723355531693
0.1950525939464569
0.2741217613220215
0.1070622131228447
0.15252685546875
0.22937802970409393
0.10790372639894485
0.16020148992538452
0.1401015669107437
0.14833605289459229
0.23894768953323364
0.15085069835186005
0.1435522735118866
0.3101944625377655
0.09915263950824738
0.15756802260875702
0.21260234713554382
0.22486034035682678
0.13057969510555267
0.12351793795824051
0.15592850744724274
0.021677374839782715
0.12619228661060333
0.1452551782131195
0.0457228422164917
0.04916128143668175
0.14243647456169128
0.1816374510526657
0.17890505492687225
0.11973456293344498
0.1894770860671997
0.12717914581298828
0.15279847383499146
0.08009447157382965
0.09822499006986618
0.093355692923069
0.08002762496471405
0.16996358335018158
0.08115784823894501
0.10726192593574524
0.20543593168258667
0.044955551624298096
0.12169971317052841
0.03069414012134075
0.13411353528499603
0.1288878172636032
0.07023603469133377
0.19558535516262054
0.13076965510845184
0.11090253293514252
0.29227006435394287
0.29362061619758606
0.02243775501847267
0.2124512493610382
0.23037879168987274
0.16233360767364502
0.13345129787921906
0.3481582701206207
0.45202210545539856
0.16887430846691132
0.06996391713619232
0.28706032037734985
0.12946712970733643
0.03981192037463188
0.15033680200576782
0.2645224630832672
0.02218608558177948
0.20243369042873383
0.12164880335330963
0.1313910186290741
0.0695350393652916
0.03167679160833359
0.1792462319135666
0.04159592092037201
