0.20621322095394135
0.10982929170131683
0.25408419966697693
0.09590199589729309
0.08117581903934479
0.07038746774196625
0.23384883999824524
0.19719575345516205
0.23322689533233643
0.09452203661203384
0.12349039316177368
0.09037952125072479
0.04813068360090256
0.06474263221025467
0.03482753410935402
0.1165480688214302
0.29378634691238403
0.13915866613388062
0.07519043236970901
0.09741295874118805
0.1866793930530548
0.151747465133667
0.15194591879844666
0.11944828927516937
0.24590812623500824
0.14711877703666687
0.04994352534413338
0.2640145719051361
0.08178342133760452
0.09284433722496033
0.21566244959831238
0.13057835400104523
0.27278241515159607
0.11774652451276779
0.07168750464916229
0.13468904793262482
0.10136380046606064
0.033121585845947266
0.11332684755325317
0.16448678076267242
0.11712473630905151
0.15680113434791565
0.21645355224609375
0.09724090993404388
0.135428324341774
0.11354044079780579
0.11593475937843323
0.06040577590465546
0.09653802216053009
0.12822309136390686
0.16933271288871765
0.13577412068843842
0.18694579601287842
0.15938448905944824
0.024538611993193626
0.22482280433177948
0.039236847311258316
0.24714097380638123
0.09900408238172531
0.19144727289676666
0.22657223045825958
0.05952933058142662
0.2542950510978699
0.14367195963859558
0.11108899861574173
0.1930273175239563
0.08971650898456573
0.15242043137550354
0.1499178409576416
0.2919527590274811
0.07749767601490021
0.13446204364299774
0.12106427550315857
0.10969812422990799
0.13812334835529327
0.1569700539112091
0.2085200548171997
0.0824388787150383
0.1135941669344902
0.07794254273176193
0.120295450091362
0.10678641498088837
0.14426138997077942
0.17717809975147247
0.11602331697940826
0.21897011995315552
0.26155781745910645
0.20101198554039001
0.16094231605529785
0.06551898270845413
0.04626915976405144
0.15584713220596313
0.24949327111244202
0.06069595366716385
0.07044664025306702
0.14583058655261993
0.23656226694583893
0.14380447566509247
0.1346479207277298
0.04151477292180061
0.07097262889146805
0.05904969945549965
0.1464124172925949
0.1657991260290146
0.16366788744926453
0.10549964010715485
0.11465592682361603
0.14358589053153992
0.11159699410200119
0.24698404967784882
0.19401764869689941
0.20347581803798676
0.09411422908306122
0.18842710554599762
0.09978269040584564
0.058397166430950165
0.2555243670940399
0.06491675972938538
0.16637322306632996
0.1291711926460266
0.22213508188724518
0.2953420877456665
0.22723664343357086
0.053277622908353806
0.13795045018196106
0.09432446956634521
0.1164432168006897
0.04229355975985527
0.12428948283195496
0.09906894713640213
0.06779540330171585
0.17342761158943176
0.12258093059062958
0.18883074820041656
0.2624319791793823
0.22336819767951965
0.27892109751701355
0.09628570079803467
0.10631942749023438
0.2605486214160919
0.056790340691804886
0.048555612564086914
0.21631860733032227
0.05641112104058266
0.11911063641309738
0.10314546525478363
0.25432083010673523
0.09288571029901505
0.07858480513095856
0.0471629872918129
0.11585531383752823
0.15272964537143707
0.05958452820777893
0.14185823500156403
0.07213570177555084
0.13596424460411072
0.14386442303657532
0.11154216527938843
0.07660099118947983
0.05896695330739021
0.15171170234680176
0.2682456374168396
0.11983596533536911
0.055320706218481064
0.21883845329284668
0.07297847419977188
0.1971147656440735
0.2326098084449768
0.09683658182621002
0.24403800070285797
0.197711780667305
0.0983770340681076
0.09631194174289703
0.09893490374088287
0.1600351482629776
0.14679111540317535
0.048989348113536835
0.06301155686378479
0.226338192820549
0.2702835202217102
0.12748803198337555
0.10975180566310883
0.13163672387599945
0.10081912577152252
0.21084709465503693
0.05041380971670151
0.1395791471004486
0.12132208794355392
0.08623018115758896
0.18433983623981476
0.06358398497104645
0.10533455014228821
0.046493470668792725
0.07187338918447495
0.13075748085975647
0.06088102236390114
0.18071769177913666
0.2245199829339981
0.12284894287586212
0.0895325168967247
0.2030831277370453
0.08593745529651642
0.178691565990448
0.026543503627181053
0.18685708940029144
0.2506103813648224
0.058180712163448334
0.04657677188515663
0.08903563022613525
0.12142087519168854
0.08561296761035919
0.1443261355161667
0.1097932904958725
0.09459371864795685
0.06840033084154129
0.17295250296592712
0.131560280919075
0.16880570352077484
0.13404668867588043
0.10532529652118683
0.0800132155418396
0.15697556734085083
0.12659624218940735
0.062398120760917664
0.12100671231746674
0.09404373914003372
0.03939084708690643
0.019571159034967422
0.09781081229448318
0.17870043218135834
0.15984858572483063
0.048163797706365585
0.09649921953678131
0.12960225343704224
0.06084654852747917
0.2682616412639618
0.11482643336057663
0.11297760903835297
0.1811041235923767
0.0420081727206707
0.059476304799318314
0.13692092895507813
0.132256880402565
0.04663766548037529
0.192668616771698
0.07973599433898926
0.10421644151210785
0.11889951676130295
0.12088783085346222
0.0843074694275856
0.10533944517374039
0.13547185063362122
0.18945643305778503
0.16828040778636932
0.06263665109872818
0.08174224942922592
0.12967677414417267
0.1981469988822937
0.07252592593431473
0.25058713555336
0.2692383825778961
0.167573943734169
0.06217898800969124
0.12287048250436783
0.3120231628417969
0.11466071754693985
0.23633402585983276
0.055795833468437195
0.13172604143619537
0.1849191039800644
0.17223285138607025
0.23514457046985626
0.08927895873785019
0.18178299069404602
0.07056021690368652
0.27098795771598816
0.1630692481994629
0.07532437890768051
0.11874360591173172
0.16603466868400574
0.12539009749889374
0.10089799761772156
0.05484016612172127
0.1925663948059082
0.047809503972530365
0.07993324846029282
0.07799164950847626
0.14985637366771698
0.31001439690589905
0.152761310338974
0.16515177488327026
0.22841283679008484
0.03255143016576767
0.12494335323572159
0.09226565062999725
0.08881187438964844
0.07494524866342545
0.09299208223819733
0.15897835791110992
0.3402218222618103
0.13925938308238983
0.21260175108909607
0.31213903427124023
0.05785660073161125
0.19537343084812164
0.43781837821006775
0.15283773839473724
0.11931408941745758
0.1682019680738449
0.07847779989242554
0.09108586609363556
0.2665775418281555
0.07743559032678604
0.24141624569892883
0.17597132921218872
0.11492036283016205
0.34374961256980896
0.08616034686565399
0.07283919304609299
0.16716304421424866
0.06380167603492737
0.059691548347473145
0.1975221484899521
0.17389342188835144
0.14881035685539246
0.08278285712003708
0.13411514461040497
0.21872326731681824
0.16375485062599182
0.2535957992076874
0.219715878367424
0.22375008463859558
0.19526882469654083
0.15836329758167267
0.07219050824642181
0.028742266818881035
0.21469198167324066
0.10635977983474731
0.05470599606633186
0.15966510772705078
0.07529541850090027
0.23539257049560547
0.055210381746292114
0.13686704635620117
0.07418017089366913
0.16554203629493713
0.1557869017124176
0.13265740871429443
0.2012702226638794
0.26429638266563416
0.2494787871837616
0.2410523146390915
0.07913704961538315
0.2249111384153366
0.07258260995149612
0.11950302869081497
0.103261798620224
0.17024129629135132
0.13770173490047455
0.06522932648658752
0.21313528716564178
0.14078092575073242
0.14493437111377716
0.1909642368555069
0.29774993658065796
0.11140023916959763
0.16191792488098145
0.11009938269853592
0.27370575070381165
0.027833282947540283
0.2341361939907074
0.148610919713974
0.19452892243862152
0.11475388705730438
0.12176413834095001
0.20552511513233185
0.2611852288246155
0.14126954972743988
0.11514027416706085
0.061782076954841614
0.035279661417007446
0.03804488852620125
0.09802832454442978
0.18719062209129333
0.12320751696825027
0.152204230427742
0.19311144948005676
0.06675802916288376
0.1830195039510727
0.15215623378753662
0.17769624292850494
0.048722051084041595
0.22389072179794312
0.13096395134925842
0.19248205423355103
0.07833611965179443
0.12776809930801392
0.038799311965703964
0.1269439160823822
0.051132041960954666
0.2509271800518036
0.13242492079734802
0.06276517361402512
0.21830794215202332
0.2282695770263672
0.207808256149292
0.23033328354358673
0.09443625062704086
0.06454407423734665
0.12405426800251007
0.11015051603317261
0.4088088274002075
0.16404074430465698
0.16625049710273743
0.13249389827251434
0.082884281873703
0.08030741661787033
0.1522904336452484
0.11971981078386307
0.06659655272960663
0.12489449977874756
0.12526878714561462
0.055486708879470825
0.16079768538475037
0.12504595518112183
0.23482684791088104
0.1810629814863205
0.06970690190792084
0.19696775078773499
0.09755454957485199
0.09796204417943954
0.033662568777799606
0.13987553119659424
0.0666138157248497
0.0825800821185112
0.08145683258771896
0.12275649607181549
0.04768097773194313
0.3201693296432495
0.07864397764205933
0.10806751996278763
0.051959410309791565
0.16682401299476624
0.08391671627759933
0.13541623950004578
0.13976076245307922
0.05779123306274414
0.17159432172775269
0.15135282278060913
0.14078541100025177
0.17786097526550293
0.11582732200622559
0.07077375054359436
0.09732259064912796
0.04308152571320534
0.13773491978645325
0.08440618216991425
0.18294493854045868
0.08838588744401932
0.18816305696964264
0.125863179564476
0.030769705772399902
0.04471629112958908
0.09761522710323334
0.19215014576911926
0.09968738257884979
0.14270640909671783
0.20550023019313812
0.2142198383808136
0.16902771592140198
0.17341119050979614
0.045243654400110245
0.14776724576950073
0.22007229924201965
0.12546798586845398
0.16370978951454163
0.12110697478055954
0.03855271264910698
0.07997307926416397
0.07815098762512207
0.06761524081230164
0.13818368315696716
0.07274095714092255
0.04121066629886627
0.22135883569717407
0.15965770184993744
0.12297090142965317
0.08439027518033981
0.12324409931898117
0.10078988969326019
0.14540083706378937
0.24248714745044708
0.14198194444179535
0.03355913236737251
0.1866055577993393
0.06909498572349548
0.08472233265638351
0.04030841961503029
0.08065703511238098
0.07746250927448273
0.056857503950595856
0.19338858127593994
0.21933363378047943
0.1753290295600891
0.1252657175064087
0.12573137879371643
0.09022074192762375
0.1298152059316635
0.016844339668750763
0.05217355117201805
0.025441592559218407
0.0794711709022522
0.21780098974704742
0.21217826008796692
0.14314500987529755
0.06071002036333084
0.11737754940986633
0.15867416560649872
0.07668573409318924
0.06418189406394958
0.0652640163898468
0.11229052394628525
0.06755269318819046
0.2794012427330017
0.17828242480754852
0.1185174360871315
0.1248118206858635
0.0899759903550148
0.2104027271270752
0.15550437569618225
0.18310807645320892
0.03950051963329315
0.15559320151805878
0.18392562866210938
0.11559861898422241
0.20938827097415924
0.10260135680437088
0.19964733719825745
0.17397770285606384
0.1417607218027115
0.19546250998973846
0.33425596356391907
0.06322482228279114
0.10293575376272202
0.1306305080652237
0.056770674884319305
0.05170983821153641
0.10956554859876633
0.0584721677005291
0.033016227185726166
0.16419924795627594
0.14695948362350464
0.1753360480070114
0.08783911913633347
0.13922950625419617
0.13112521171569824
0.059736113995313644
0.104884572327137
0.16339688003063202
0.07321054488420486
0.14311529695987701
0.10382357239723206
0.22988778352737427
0.16606879234313965
0.20996251702308655
0.037155892699956894
0.09729127585887909
0.12619830667972565
0.13921287655830383
0.11939781904220581
0.16338683664798737
0.08489368855953217
0.28131163120269775
0.256255179643631
0.12816083431243896
0.17097829282283783
0.12097287178039551
0.0900060310959816
0.06631700694561005
0.13811318576335907
0.08406108617782593
0.050122544169425964
0.23079238831996918
0.16428455710411072
0.2191767543554306
0.1323605179786682
0.1003037765622139
0.0951133593916893
0.2443016618490219
0.10581692308187485
0.09016294777393341
0.33939608931541443
0.11148156225681305
0.045464567840099335
0.07372499257326126
0.253900945186615
0.2353246659040451
0.13827382028102875
0.18305310606956482
0.14531129598617554
0.09732566773891449
0.09912262111902237
0.10515838861465454
0.1554253101348877
0.15657372772693634
0.12956883013248444
0.1758219450712204
0.18969111144542694
0.15531672537326813
0.09459240734577179
0.038815662264823914
0.06809935718774796
0.09359675645828247
0.12995891273021698
0.049417369067668915
0.16146226227283478
0.12880386412143707
0.14395466446876526
0.12957404553890228
0.0403403677046299
0.0842522531747818
0.06897123903036118
0.20668330788612366
0.3548818528652191
0.11919151246547699
0.25964900851249695
0.09337592869997025
0.10618524998426437
0.07654120773077011
0.060260701924562454
0.11289333552122116
0.21346014738082886
0.20005494356155396
0.1936209350824356
0.15861839056015015
0.07486341148614883
0.06767135113477707
0.11083095520734787
0.08851967751979828
0.06379199773073196
0.40178364515304565
0.09115990996360779
0.1404285877943039
0.05341465026140213
0.11610813438892365
0.13218116760253906
0.33571159839630127
0.20215493440628052
0.30724844336509705
0.05320306122303009
0.19812846183776855
0.23562771081924438
0.2033654749393463
0.16225995123386383
0.08281058073043823
0.09636980295181274
0.1293133795261383
0.23306824266910553
0.12607190012931824
0.19844621419906616
0.0804578885436058
0.09707153588533401
0.17696622014045715
0.31648412346839905
0.2119663953781128
0.11960428208112717
0.2244866043329239
0.10068287700414658
0.1312992125749588
0.17006687819957733
0.13307130336761475
0.5058788657188416
0.19622395932674408
0.14334461092948914
0.15081237256526947
0.07732795178890228
0.18264305591583252
0.05427626892924309
0.16968467831611633
0.08427201211452484
0.13128046691417694
0.17829720675945282
0.125816211104393
0.1610419601202011
0.12990805506706238
0.12410054355859756
0.18643133342266083
0.12849938869476318
0.14572091400623322
0.14356674253940582
0.15316352248191833
0.032264214009046555
0.11674118787050247
0.3272954523563385
0.15946412086486816
0.054694462567567825
0.08815465122461319
0.12468724697828293
0.09720953553915024
0.07770662754774094
0.0950213223695755
0.12164697051048279
0.08410684764385223
0.17350132763385773
0.11600568890571594
0.13631372153759003
0.10797439515590668
0.13583825528621674
0.08905379474163055
0.0993635505437851
0.07669959217309952
0.18306483328342438
0.11523744463920593
0.200235977768898
0.11091677844524384
0.14519672095775604
0.2015400230884552
0.10357610881328583
0.1626206636428833
0.17688705027103424
0.06629380583763123
0.09699176251888275
0.12985831499099731
0.07555929571390152
0.13123704493045807
0.17878977954387665
0.17431402206420898
0.12375722825527191
0.21578478813171387
0.28278398513793945
0.16312234103679657
0.13073475658893585
0.41609349846839905
0.12576396763324738
0.07039924710988998
0.11335364729166031
0.09375468641519547
0.07366690784692764
0.09791424125432968
0.0952233150601387
0.14842408895492554
0.029315682128071785
0.1564471423625946
0.11828478425741196
0.08620427548885345
0.1922067552804947
0.19944646954536438
0.0942210704088211
0.1398029923439026
0.18556667864322662
0.15185077488422394
0.17913183569908142
0.027363799512386322
0.22721560299396515
0.03474695608019829
0.13291651010513306
0.23373408615589142
0.05048162490129471
0.3294731378555298
0.16241715848445892
0.13307145237922668
0.14239318668842316
0.18045513331890106
0.10456825792789459
0.24032354354858398
0.09224479645490646
0.05912225320935249
0.0875723585486412
0.09105613082647324
0.11643709987401962
0.2021932452917099
0.14105305075645447
0.1540503203868866
0.10516463965177536
0.1032998114824295
0.12164149433374405
0.09954679757356644
0.29233431816101074
0.16314855217933655
0.07072880864143372
0.09224193543195724
0.14095553755760193
0.10885248333215714
0.12704172730445862
0.12483268976211548
0.08795976638793945
0.11187160015106201
0.08643915504217148
0.19693082571029663
0.15550842881202698
0.16860967874526978
0.18846267461776733
0.08270184695720673
0.15235313773155212
0.15508675575256348
0.22508907318115234
0.24405241012573242
0.10335569083690643
0.17409884929656982
0.09713814407587051
0.19540533423423767
0.23696108162403107
0.22624680399894714
0.04777069762349129
0.04242728278040886
0.2848469316959381
0.17148417234420776
0.03601380065083504
0.038247205317020416
0.23372043669223785
0.06324499845504761
0.11840758472681046
0.12043605744838715
0.096661277115345
0.13335931301116943
0.19086714088916779
0.12094758450984955
0.0870809331536293
0.08573663979768753
0.21490423381328583
0.04788597673177719
0.18853719532489777
0.06013204902410507
0.10085586458444595
0.21952314674854279
0.05432305485010147
0.0620424821972847
0.11585104465484619
0.3041994869709015
0.2607344388961792
0.20739434659481049
0.14810246229171753
0.266941100358963
0.039734240621328354
0.18155068159103394
0.27688077092170715
0.06596728414297104
0.09298410266637802
0.06232846528291702
0.20435889065265656
0.14288362860679626
0.06212610378861427
0.33109036087989807
0.07610512524843216
0.163274347782135
0.13966459035873413
0.10138566046953201
0.15546494722366333
0.2186039537191391
0.06573939323425293
0.26423367857933044
0.10454606264829636
0.0789576843380928
0.12816940248012543
0.18832458555698395
0.14509181678295135
0.08556141704320908
0.038906000554561615
0.309235543012619
0.0921998918056488
0.1508377343416214
0.070001982152462
0.046727873384952545
0.19083242118358612
0.2320505529642105
0.36337289214134216
0.04779376462101936
0.05999908223748207
0.06058576703071594
0.13435646891593933
0.143681600689888
0.0923643484711647
0.07714055478572845
0.14806906878948212
0.12091033905744553
0.21067577600479126
0.17095842957496643
0.08251969516277313
0.3621675670146942
0.21085304021835327
0.04871185123920441
0.0995631292462349
0.06852182745933533
0.13951662182807922
0.08915587514638901
0.1963297426700592
0.0780104249715805
0.12479952722787857
0.1341109424829483
0.051716167479753494
0.046825557947158813
0.09887600690126419
0.08657129853963852
0.22817370295524597
0.18398721516132355
0.028355974704027176
0.1156175285577774
0.04130617156624794
0.044667791575193405
0.07179893553256989
0.1488955318927765
0.04473358392715454
0.14633016288280487
0.061457280069589615
0.19648857414722443
0.052711110562086105
0.14331874251365662
0.03079286403954029
0.0682259202003479
0.0887945294380188
0.14085784554481506
0.10091344267129898
0.11559787392616272
0.06291911005973816
0.11122381687164307
0.13920541107654572
0.22383759915828705
0.10072590410709381
0.07937052100896835
0.09368929266929626
0.1185348778963089
0.10259252786636353
0.07234051078557968
0.1196126788854599
0.043823838233947754
0.1285983920097351
0.1362581104040146
0.059564925730228424
0.1391042172908783
0.16802576184272766
0.15055525302886963
0.10370757430791855
0.1642105132341385
0.25080376863479614
0.06907669454813004
0.0850563645362854
0.1952739953994751
0.07008321583271027
0.035640206187963486
0.35615217685699463
