0.2712940275669098
0.061953045427799225
0.24158413708209991
0.18938924372196198
0.22276945412158966
0.2588540315628052
0.21715880930423737
0.33579760789871216
0.37814658880233765
0.30384236574172974
0.34845733642578125
0.3356904983520508
0.1336027830839157
0.14851319789886475
0.238302543759346
0.30371877551078796
0.2719528377056122
0.21993708610534668
0.26260069012641907
0.2731046676635742
0.2605300843715668
0.47718632221221924
0.24779029190540314
0.18558131158351898
0.18278856575489044
0.20221960544586182
0.4197841286659241
0.33404919505119324
0.39430683851242065
0.23273688554763794
0.3092263638973236
0.2042626589536667
0.4936026632785797
0.2619307339191437
0.20735283195972443
0.3824845254421234
0.38607725501060486
0.37099841237068176
0.4568045735359192
0.3131767511367798
0.17356210947036743
0.30568695068359375
0.39440062642097473
0.3975294828414917
0.2201283574104309
0.39636003971099854
0.3809233605861664
0.5694592595100403
0.30562037229537964
0.17655231058597565
0.4507488012313843
0.18758368492126465
0.2593892514705658
0.29033857583999634
0.2954878807067871
0.23587888479232788
0.4140501320362091
0.21662768721580505
0.3439297378063202
0.24434685707092285
0.40906575322151184
0.15105882287025452
0.3254527151584625
0.3125307857990265
0.16028189659118652
0.16044117510318756
0.21279165148735046
0.4019761085510254
0.22210419178009033
0.4527861177921295
0.3688240945339203
0.16458775103092194
0.2588263750076294
0.36965426802635193
0.31089937686920166
0.39781874418258667
0.2997889518737793
0.2229577600955963
0.2083818018436432
0.26956623792648315
0.22663614153862
0.17770403623580933
0.2855147421360016
0.2580210864543915
0.40375441312789917
0.3095393776893616
0.3328866958618164
0.3672317862510681
0.36055788397789
0.18565629422664642
0.26058152318000793
0.35301491618156433
0.3571784496307373
0.20023344457149506
0.18054425716400146
0.18408852815628052
0.14320021867752075
0.3282898962497711
0.13168562948703766
0.21682222187519073
0.14023630321025848
0.198661208152771
0.152689591050148
0.21829314529895782
0.45180344581604004
0.4222486615180969
0.23722012341022491
0.1565842628479004
0.2551997900009155
0.2487560212612152
0.4021759033203125
0.08668845146894455
0.1573924720287323
0.26436886191368103
0.2921457290649414
0.3586350679397583
0.4047107994556427
0.29462382197380066
0.29428932070732117
0.3579958379268646
0.28340470790863037
0.23821336030960083
0.06955086439847946
0.29991233348846436
0.17779313027858734
0.16263288259506226
0.5564350485801697
0.21487168967723846
0.2779802978038788
0.2540213465690613
0.2570715844631195
0.23548530042171478
0.2694345712661743
0.2025267630815506
0.24560078978538513
0.18357712030410767
0.3375896215438843
0.32953107357025146
0.20598116517066956
0.21617890894412994
0.3021872937679291
0.15076076984405518
0.2263125479221344
0.2688179612159729
0.15038709342479706
0.09658979624509811
0.25406521558761597
0.36839333176612854
0.307921826839447
0.5306633710861206
0.2701413631439209
0.23555366694927216
0.1759982705116272
0.2036592960357666
0.3393990993499756
0.44218605756759644
0.17455264925956726
0.13444054126739502
0.3497876822948456
0.38701024651527405
0.3529803454875946
0.3761688768863678
0.34646865725517273
0.2571493685245514
0.6321039199829102
0.08212202787399292
0.3418935537338257
0.231242835521698
0.39423397183418274
0.25364363193511963
0.24937991797924042
0.3454124331474304
0.15771785378456116
0.17983633279800415
0.28329187631607056
0.24065805971622467
0.21161742508411407
0.2655733823776245
0.3681701719760895
0.2135719358921051
0.2137104719877243
0.2308197021484375
0.24531245231628418
0.39571207761764526
0.22373901307582855
0.10876062512397766
0.3526700437068939
0.30865126848220825
0.2821670472621918
0.2579641044139862
0.33021020889282227
0.17411760985851288
0.1771727055311203
0.1924683004617691
0.22306793928146362
0.29454487562179565
0.23427623510360718
0.3929821848869324
0.5316540002822876
0.23045600950717926
0.14360739290714264
0.282731294631958
0.13098090887069702
0.21840690076351166
0.15575647354125977
0.32886433601379395
0.1483308970928192
0.20951519906520844
0.20891039073467255
0.2410813421010971
0.22154103219509125
0.12480171769857407
0.21787351369857788
0.1461181491613388
0.23573508858680725
0.2680826485157013
0.4300621747970581
0.23381535708904266
0.22395572066307068
0.11063913255929947
0.3558715581893921
0.2902616262435913
0.3171064555644989
0.13543199002742767
0.1945190131664276
0.16090457141399384
0.1324646770954132
0.30001336336135864
0.41701290011405945
0.16544106602668762
0.17674648761749268
0.2706633508205414
0.18305377662181854
0.2898256182670593
0.29983383417129517
0.26679185032844543
0.32457035779953003
0.20772434771060944
0.1458994448184967
0.1429244875907898
0.4733276963233948
0.20995654165744781
0.39023032784461975
0.2563665807247162
0.3070601224899292
0.24968914687633514
0.190406933426857
0.19327563047409058
0.37418678402900696
0.303102046251297
0.20839367806911469
0.2300911247730255
0.27885982394218445
0.10431326925754547
0.1748717874288559
0.220844566822052
0.30043724179267883
0.17487208545207977
0.1550493687391281
0.3118833899497986
0.43281739950180054
0.26815861463546753
0.19968026876449585
0.41712692379951477
0.197391077876091
0.274606853723526
0.3088347017765045
0.22177529335021973
0.4533381760120392
0.4438422918319702
0.5025387406349182
0.08668521046638489
0.18965153396129608
0.21674863994121552
0.3649062216281891
0.13120520114898682
0.1803048998117447
0.2639271914958954
0.18227887153625488
0.24573637545108795
0.36284857988357544
0.1222420260310173
0.2779054045677185
0.25043654441833496
0.15297602117061615
0.31241708993911743
0.33717259764671326
0.30152174830436707
0.29633665084838867
0.2745005488395691
0.1916460245847702
0.33048132061958313
0.19446617364883423
0.2805934548377991
0.3726936876773834
0.39415058493614197
0.22064992785453796
0.11292920261621475
0.21053200960159302
0.3527665436267853
0.2100410908460617
0.22902657091617584
0.280427485704422
0.26284074783325195
0.29797807335853577
0.19930969178676605
0.15330305695533752
0.3111613988876343
0.20011502504348755
0.3064621686935425
0.08409441262483597
0.23017087578773499
0.3663104176521301
0.14118289947509766
0.3875511884689331
0.12681685388088226
0.22497858107089996
0.1999979317188263
0.34155985713005066
0.19692108035087585
0.2735109329223633
0.1851108819246292
0.3025093972682953
0.23029650747776031
0.163321852684021
0.1112910658121109
0.3095701336860657
0.1979529708623886
0.4313880205154419
0.09546728432178497
0.29354262351989746
0.10425171256065369
0.1455601453781128
0.13295580446720123
0.1747777760028839
0.23083741962909698
0.3043753206729889
0.3183596134185791
0.4594089686870575
0.2673459053039551
0.16712000966072083
0.1659613847732544
0.2292352020740509
0.21429891884326935
0.1826006919145584
0.29097723960876465
0.49118128418922424
0.2598029673099518
0.1934887319803238
0.3234517574310303
0.26557907462120056
0.2556033134460449
0.196436807513237
0.4265356957912445
0.1150907650589943
0.18131422996520996
0.20953647792339325
0.27065324783325195
0.2115911841392517
0.18363261222839355
0.2983083426952362
0.3664509654045105
0.2199822962284088
0.236851304769516
0.2909132242202759
0.17397429049015045
0.21740955114364624
0.11597992479801178
0.24682080745697021
0.30429843068122864
0.13237038254737854
0.5534767508506775
0.2959802448749542
0.27140164375305176
0.25498688220977783
0.22543808817863464
0.33543911576271057
0.13780608773231506
0.13387396931648254
0.2716454267501831
0.36946800351142883
0.11486387997865677
0.16681253910064697
0.3567539155483246
0.21771939098834991
0.16478362679481506
0.1920911967754364
0.20761114358901978
0.26465904712677
0.3026053309440613
0.3253253102302551
0.2702235281467438
0.1456257551908493
0.36681264638900757
0.17177042365074158
0.18112151324748993
0.44445568323135376
0.479890912771225
0.16377604007720947
0.3531448543071747
0.40526100993156433
0.2258577197790146
0.37220141291618347
0.40128254890441895
0.2818499505519867
0.2272547334432602
0.17787906527519226
0.2029000222682953
0.2214052677154541
0.3683951199054718
0.33103707432746887
0.25223812460899353
0.2661791741847992
0.1752861738204956
0.22081464529037476
0.2563161253929138
0.17062434554100037
0.2303987443447113
0.24333281815052032
0.19353842735290527
0.2271900624036789
0.2987147867679596
0.38795942068099976
0.23109564185142517
0.23451095819473267
0.21895922720432281
0.24065203964710236
0.35733869671821594
0.4053565263748169
0.1072486937046051
0.33930376172065735
0.33884507417678833
0.279207319021225
0.2000444531440735
0.2032991349697113
0.1878361850976944
0.2626408338546753
0.2272348403930664
0.3854616582393646
0.1497935801744461
0.30231866240501404
0.1935848891735077
0.2517505884170532
0.2779327630996704
0.21556499600410461
0.2925148904323578
0.2086706906557083
0.14675675332546234
0.23019327223300934
0.20930027961730957
0.25621548295021057
0.09735728800296783
0.1565672755241394
0.20724128186702728
0.1908567100763321
0.2583613395690918
0.3592260777950287
0.1753203272819519
0.28653356432914734
0.3044620752334595
0.3128321170806885
0.21352888643741608
0.139125257730484
0.21086128056049347
0.34833863377571106
0.3720487356185913
0.25462132692337036
0.34594565629959106
0.21474647521972656
0.25517597794532776
0.17538408935070038
0.21040840446949005
0.08314969390630722
0.1317714899778366
0.4872880280017853
0.21741069853305817
0.3122255504131317
0.3703392744064331
0.3743250072002411
0.37940889596939087
0.09496980905532837
0.16378405690193176
0.3970153331756592
0.20487366616725922
0.252034991979599
0.1865547001361847
0.2744790315628052
0.12763869762420654
0.2862766981124878
0.49577900767326355
0.13539743423461914
0.35710710287094116
0.33422645926475525
0.29811716079711914
0.1364607810974121
0.24288368225097656
0.2928389608860016
0.24251143634319305
0.2965920865535736
0.30461397767066956
0.28160005807876587
0.20807307958602905
0.22893968224525452
0.23294219374656677
0.2401925027370453
0.24874649941921234
0.234108105301857
0.23806770145893097
0.3121519088745117
0.06755870580673218
0.22387437522411346
0.4464009404182434
0.12530240416526794
0.2201864868402481
0.26747238636016846
0.2902413606643677
0.15962864458560944
0.46671006083488464
0.20984026789665222
0.18861143290996552
0.23930121958255768
0.1253613382577896
0.1974852830171585
0.14031466841697693
0.3181661367416382
0.19063317775726318
0.11854873597621918
0.5378636121749878
0.1260179728269577
0.20899049937725067
0.48738694190979004
0.22660475969314575
0.29471465945243835
0.24115630984306335
0.25925910472869873
0.25269344449043274
0.22489964962005615
0.1498020738363266
0.08917450904846191
0.4218236804008484
0.2920478284358978
0.1687171310186386
0.4248896837234497
0.2846795618534088
0.20149165391921997
0.26186659932136536
0.2061702013015747
0.18292230367660522
0.2671409547328949
0.1457553207874298
0.09498714655637741
0.17246946692466736
0.29624056816101074
0.2881511151790619
0.15108613669872284
0.37280261516571045
0.22678230702877045
0.16879187524318695
0.29104214906692505
0.3068333864212036
0.2526906728744507
0.2365313619375229
0.14927396178245544
0.3336542844772339
0.18557962775230408
0.2694823145866394
0.1738283932209015
0.18914465606212616
0.2462388128042221
0.06713670492172241
0.3229454755783081
0.14704349637031555
0.30885058641433716
0.276236355304718
0.24348168075084686
0.1085953637957573
0.09556061029434204
0.28519561886787415
0.22461473941802979
0.14483508467674255
0.3555154800415039
0.24470750987529755
0.24810348451137543
0.3137235641479492
0.26499778032302856
0.2791609466075897
0.21788212656974792
0.357029527425766
0.1144384816288948
0.66187983751297
0.2365999072790146
0.1806817501783371
0.15949216485023499
0.09392903000116348
0.38219234347343445
0.09817159920930862
0.10316550731658936
0.28353866934776306
0.1945025473833084
0.26546511054039
0.23016376793384552
0.23830634355545044
0.22096377611160278
0.2177775800228119
0.280918151140213
0.23283915221691132
0.2903886139392853
0.3029569387435913
0.1637200117111206
0.13196106255054474
0.16860844194889069
0.21608488261699677
0.23926320672035217
0.3222182095050812
0.2047702670097351
0.2102288007736206
0.3927133083343506
0.1532822996377945
0.06958303600549698
0.17977367341518402
0.5219243764877319
0.24227966368198395
0.2622423470020294
0.3307398855686188
0.22476275265216827
0.4806597828865051
0.3077161908149719
0.42343416810035706
0.25420451164245605
0.15758025646209717
0.4001232385635376
0.22177128493785858
0.14816893637180328
0.23219971358776093
0.24174228310585022
0.23800545930862427
0.2568477690219879
0.16045047342777252
0.30768972635269165
0.346823513507843
0.29437825083732605
0.3198465406894684
0.27306899428367615
0.1460341066122055
0.19446000456809998
0.23731790482997894
0.21960653364658356
0.24912002682685852
0.11611814796924591
0.06713118404150009
0.2279350310564041
0.14700643718242645
0.15721923112869263
0.26886534690856934
0.2735339105129242
0.21125391125679016
0.27792489528656006
0.1973203718662262
0.2873964309692383
0.11983948945999146
0.2773301601409912
0.5161550641059875
0.44443032145500183
0.24695679545402527
0.3653176426887512
0.3540368974208832
0.1358477920293808
0.12526802718639374
0.2598501145839691
0.18736407160758972
0.19130440056324005
0.30542218685150146
0.24672408401966095
0.34491628408432007
0.3345721960067749
0.27124300599098206
0.23201918601989746
0.31617429852485657
0.1902816742658615
0.30167898535728455
0.3876972794532776
0.141648530960083
0.2934592068195343
0.13598227500915527
0.5023618340492249
0.2601693272590637
0.23789088428020477
0.12857988476753235
0.38457855582237244
0.13472513854503632
0.1437637358903885
0.1827736347913742
0.18901824951171875
0.24556270241737366
0.18705907464027405
0.11016811430454254
0.2571432590484619
0.27180808782577515
0.35307320952415466
0.208615243434906
0.3288288414478302
0.2180957794189453
0.2445826381444931
0.38013434410095215
0.2359437644481659
0.1604488641023636
0.22969479858875275
0.38009291887283325
0.2837734520435333
0.2772238850593567
0.27724704146385193
0.3435988128185272
0.3234074115753174
0.15926802158355713
0.2851864695549011
0.39316558837890625
0.16186903417110443
0.1702030450105667
0.28043121099472046
0.21039457619190216
0.12855423986911774
0.17217297852039337
0.31213828921318054
0.24020767211914063
0.3984608054161072
0.30825379490852356
0.14908836781978607
0.2342412769794464
0.16571103036403656
0.21848684549331665
0.1878737062215805
0.1855948567390442
0.1682834029197693
0.27309033274650574
0.12140418589115143
0.2533680498600006
0.14042915403842926
0.27930745482444763
0.14540863037109375
0.43454405665397644
0.17520681023597717
0.4352940320968628
0.16688504815101624
0.313483327627182
0.286770761013031
0.32546043395996094
0.2671924829483032
0.17867232859134674
0.31199437379837036
0.262207955121994
0.20127947628498077
0.3204303979873657
0.12140744924545288
0.19411294162273407
0.15691019594669342
0.2851192057132721
0.1366378515958786
0.2681945860385895
0.20097823441028595
0.0992308109998703
0.22917281091213226
0.2526293694972992
0.22346335649490356
0.10819360613822937
0.18372607231140137
0.310268372297287
0.19743485748767853
0.0943961963057518
0.1331375688314438
0.18661876022815704
0.1442720592021942
0.3374752700328827
0.1442519575357437
0.23579460382461548
0.38559088110923767
0.30687469244003296
0.30159300565719604
0.23591472208499908
0.22588154673576355
0.12700030207633972
0.22554552555084229
0.32004252076148987
0.10439033806324005
0.2332480400800705
0.3357733488082886
0.3042052388191223
0.23178112506866455
0.2877492904663086
0.30860182642936707
0.22263158857822418
0.1702251136302948
0.17152968049049377
0.22733359038829803
0.20928196609020233
0.38346272706985474
0.2522068917751312
0.2946639955043793
0.2425512820482254
0.1905743032693863
0.15722501277923584
0.31635814905166626
0.1382744014263153
0.35060977935791016
0.23629462718963623
0.14713037014007568
0.22064588963985443
0.2772464156150818
0.20528724789619446
0.3422151207923889
0.2362728863954544
0.23910242319107056
0.10365885496139526
0.4475642740726471
0.10650654137134552
0.14136764407157898
0.1582789272069931
0.2788791358470917
0.2620593011379242
0.1848558485507965
0.2581733763217926
0.357162207365036
0.23969998955726624
0.18384435772895813
0.2322649210691452
0.21488913893699646
0.13793104887008667
0.29525628685951233
0.1788577437400818
0.19910116493701935
0.1826351135969162
0.19190330803394318
0.2287234365940094
0.3987959921360016
0.18037483096122742
0.19224929809570313
0.32428625226020813
0.1667778640985489
0.2556578516960144
0.13268530368804932
0.13546811044216156
0.35758519172668457
0.2614147365093231
0.10682114958763123
0.23029762506484985
0.35122349858283997
0.11064516007900238
0.16721010208129883
0.24975581467151642
0.2623384892940521
0.41972532868385315
0.2613976001739502
0.23454101383686066
0.18656575679779053
0.27001315355300903
0.18965229392051697
0.09712198376655579
0.12498582899570465
0.24149954319000244
0.45636266469955444
0.17514456808567047
0.3505617678165436
0.4254852533340454
0.14382290840148926
0.12058977782726288
0.3388078212738037
0.2675231695175171
0.21668507158756256
0.2675849497318268
0.460958868265152
0.2795555889606476
0.1268238127231598
0.1866150200366974
0.2329040765762329
0.2769623100757599
0.29283618927001953
0.12858515977859497
0.31160205602645874
0.3867623507976532
0.313100665807724
0.28115156292915344
0.22482934594154358
0.10859058052301407
0.18284356594085693
0.15108191967010498
0.3116890490055084
0.26350516080856323
0.2955210506916046
0.1475042998790741
0.1600377857685089
0.2080811858177185
0.08714080601930618
0.15764150023460388
0.14196263253688812
0.17714735865592957
0.2794116735458374
0.32798853516578674
0.2745691239833832
0.15248017013072968
0.22913585603237152
0.2723594009876251
0.15252536535263062
0.18935373425483704
0.17944017052650452
0.16196246445178986
0.37942975759506226
0.08907216042280197
0.24035856127738953
0.3050808012485504
0.25126346945762634
0.24253787100315094
0.20127905905246735
0.32397031784057617
0.162345290184021
0.22121088206768036
0.15737377107143402
0.0567026287317276
0.3711283802986145
0.35962390899658203
0.22542551159858704
0.18543823063373566
0.10544364154338837
0.2429228574037552
0.22185534238815308
0.21659378707408905
0.12937402725219727
0.27218878269195557
0.16148412227630615
0.19271203875541687
0.17813649773597717
0.10486751049757004
0.2413642257452011
0.12587802112102509
0.21913820505142212
0.5292298793792725
0.07344372570514679
0.2499828338623047
0.25959524512290955
0.15691673755645752
0.06440302729606628
0.31646835803985596
