0.22515468299388885
0.05987920984625816
0.2311488389968872
0.12439657002687454
0.14452479779720306
0.1853208988904953
0.321344256401062
0.21650393307209015
0.2538181245326996
0.2340337634086609
0.07322129607200623
0.29221850633621216
0.19036389887332916
0.06277753412723541
0.16160884499549866
0.10653068125247955
0.1585039645433426
0.06908658891916275
0.11176636070013046
0.05507846549153328
0.1469472050666809
0.13435755670070648
0.18468956649303436
0.11760959774255753
0.36263740062713623
0.07727818191051483
0.11390236020088196
0.1862444281578064
0.11600072681903839
0.14919757843017578
0.07759597897529602
0.14278629422187805
0.09151424467563629
0.1303308606147766
0.09381620585918427
0.06465093046426773
0.1328127086162567
0.10730788856744766
0.12350842356681824
0.12746165692806244
0.04537612944841385
0.18577364087104797
0.12778818607330322
0.21623782813549042
0.05303407087922096
0.0643768385052681
0.1683751344680786
0.2148677110671997
0.16255639493465424
0.10768608748912811
0.15554587543010712
0.36745551228523254
0.1996890753507614
0.07610271871089935
0.20593027770519257
0.12094566971063614
0.30243366956710815
0.049623116850852966
0.1555202603340149
0.08823192119598389
0.033649418503046036
0.11845635622739792
0.0830426886677742
0.19479124248027802
0.11800642311573029
0.35593920946121216
0.23553088307380676
0.11603561788797379
0.08379540592432022
0.08582533150911331
0.11181812733411789
0.10448585450649261
0.2277097851037979
0.07920922338962555
0.22154736518859863
0.11541935801506042
0.19884206354618073
0.1387512981891632
0.11975885927677155
0.1577356904745102
0.08887948840856552
0.09357785433530807
0.06810014694929123
0.05829896777868271
0.15472306311130524
0.22645238041877747
0.1479402482509613
0.1535225659608841
0.1528012752532959
0.12230133265256882
0.13732856512069702
0.16449861228466034
0.10179014503955841
0.1682824343442917
0.10959125310182571
0.09538983553647995
0.17222963273525238
0.06865457445383072
0.18976053595542908
0.1599055677652359
0.24026213586330414
0.2297588586807251
0.10243982821702957
0.2792147994041443
0.1043272465467453
0.09660199284553528
0.17926983535289764
0.3070025146007538
0.303148090839386
0.20210887491703033
0.2656875252723694
0.2146061211824417
0.22986836731433868
0.22829842567443848
0.1455257385969162
0.03685152530670166
0.0606684647500515
0.1924833208322525
0.09063734859228134
0.16857030987739563
0.19325512647628784
0.06838350743055344
0.12795424461364746
0.05469341203570366
0.3585664629936218
0.025367358699440956
0.1641951948404312
0.12749682366847992
0.16832168400287628
0.13836710155010223
0.10033122450113297
0.10992930084466934
0.13708241283893585
0.23442938923835754
0.23673567175865173
0.14844392240047455
0.12903869152069092
0.06759287416934967
0.10156365483999252
0.14009393751621246
0.07186414301395416
0.10216914862394333
0.21651329100131989
0.17366281151771545
0.06208242103457451
0.020309902727603912
0.046015430241823196
0.21648968756198883
0.12325847148895264
0.22462250292301178
0.11221320927143097
0.1927729994058609
0.13701504468917847
0.10195352137088776
0.04386942461133003
0.46414387226104736
0.1715283989906311
0.12789398431777954
0.09996739774942398
0.11694290488958359
0.17931868135929108
0.11302100121974945
0.12358139455318451
0.21836189925670624
0.21931302547454834
0.03500305861234665
0.1382562518119812
0.3326086103916168
0.21811950206756592
0.14229802787303925
0.1375115066766739
0.2689988911151886
0.08347918838262558
0.06485459208488464
0.22498922049999237
0.17501649260520935
0.3244565725326538
0.08977451920509338
0.24381153285503387
0.09628541767597198
0.07582920044660568
0.1349768042564392
0.1011778712272644
0.07261790335178375
0.09482277184724808
0.19553859531879425
0.0697019174695015
0.14532943069934845
0.19083501398563385
0.16861407458782196
0.11606904119253159
0.04780092462897301
0.09467975795269012
0.15246586501598358
0.03548868000507355
0.0822274312376976
0.06682566553354263
0.2252776324748993
0.04751415178179741
0.13541202247142792
0.1523769050836563
0.0679246112704277
0.11869136244058609
0.1053694412112236
0.25922566652297974
0.1702147126197815
0.3279660940170288
0.0729374811053276
0.13183903694152832
0.05412958189845085
0.045072127133607864
0.15840613842010498
0.05938679352402687
0.07931491732597351
0.20507894456386566
0.05134441703557968
0.1360253542661667
0.06877928227186203
0.1646718829870224
0.15634916722774506
0.1322975754737854
0.04832260310649872
0.12077208608388901
0.13264526426792145
0.09723993390798569
0.10836432129144669
0.13859900832176208
0.09928776323795319
0.12277579307556152
0.15433520078659058
0.1948554515838623
0.1773863583803177
0.04876241087913513
0.19702354073524475
0.06497357040643692
0.12233362346887589
0.21765317022800446
0.174872487783432
0.11215595155954361
0.09994595497846603
0.1877271682024002
0.14400677382946014
0.42224422097206116
0.2180081456899643
0.3577544093132019
0.07317620515823364
0.12507927417755127
0.26705053448677063
0.14040224254131317
0.24280577898025513
0.1538672298192978
0.09961894899606705
0.23387570679187775
0.15533918142318726
0.06488654017448425
0.10241823643445969
0.06913987547159195
0.10913341492414474
0.15285836160182953
0.163949117064476
0.2759212851524353
0.15253514051437378
0.27649617195129395
0.1322590857744217
0.24398373067378998
0.11327246576547623
0.147999569773674
0.04525849223136902
0.07183833420276642
0.054062873125076294
0.3235957622528076
0.09845336526632309
0.12226889282464981
0.27393296360969543
0.18799076974391937
0.14558257162570953
0.061160843819379807
0.08732274174690247
0.18327432870864868
0.10234509408473969
0.16140174865722656
0.14661285281181335
0.093161441385746
0.07321346551179886
0.1494545042514801
0.10522424429655075
0.07201313972473145
0.229410782456398
0.30006664991378784
0.08219597488641739
0.18840743601322174
0.09160476177930832
0.15832383930683136
0.2195654958486557
0.07975636422634125
0.14153262972831726
0.13837608695030212
0.14395000040531158
0.03859778866171837
0.1171499490737915
0.07671980559825897
0.1231200248003006
0.05277363583445549
0.0755113884806633
0.18961621820926666
0.06953214854001999
0.11750727891921997
0.1390984207391739
0.27101683616638184
0.15069106221199036
0.04697561264038086
0.18660105764865875
0.18595628440380096
0.21718934178352356
0.054013416171073914
0.2833004891872406
0.18857918679714203
0.1987055391073227
0.07702267169952393
0.1128920465707779
0.10885325819253922
0.18198315799236298
0.13355550169944763
0.2078438550233841
0.2059544175863266
0.05357574298977852
0.12287457287311554
0.3572591245174408
0.11902005970478058
0.08231893926858902
0.04130036011338234
0.20660102367401123
0.07495983690023422
0.07779474556446075
0.2940281331539154
0.19536744058132172
0.1436426192522049
0.16027036309242249
0.12220397591590881
0.19532658159732819
0.06124161556363106
0.09868329018354416
0.08701741695404053
0.1408192664384842
0.07867791503667831
0.2043740302324295
0.09212613105773926
0.03891303390264511
0.1067962795495987
0.14091449975967407
0.16290095448493958
0.2881001830101013
0.2719094753265381
0.10269384831190109
0.07951288670301437
0.3206814229488373
0.18863002955913544
0.1402614712715149
0.13167384266853333
0.05340006574988365
0.15011805295944214
0.09433868527412415
0.04447086527943611
0.4448440372943878
0.11328273266553879
0.09306982159614563
0.2154177725315094
0.10849534720182419
0.16933931410312653
0.09084489941596985
0.11910939961671829
0.12079008668661118
0.2216791808605194
0.12262189388275146
0.12887224555015564
0.10322882235050201
0.1768302470445633
0.05542457103729248
0.17269475758075714
0.13502362370491028
0.27724573016166687
0.3035309314727783
0.3096418082714081
0.13462074100971222
0.10227899998426437
0.17373916506767273
0.07327025383710861
0.08233655989170074
0.11212153732776642
0.11331317573785782
0.11892572045326233
0.12679944932460785
0.12913677096366882
0.05362089350819588
0.08949572592973709
0.2679271399974823
0.07240675389766693
0.08653217554092407
0.32902762293815613
0.07841067761182785
0.10112227499485016
0.07909192889928818
0.1673392802476883
0.23155219852924347
0.05648214370012283
0.09212981909513474
0.27998384833335876
0.12487389892339706
0.1790819764137268
0.16242773830890656
0.15475715696811676
0.1020599976181984
0.09908222407102585
0.14889182150363922
0.18751874566078186
0.11255946755409241
0.12940672039985657
0.14954949915409088
0.180156409740448
0.18818499147891998
0.09219542890787125
0.194417804479599
0.13861964643001556
0.22081252932548523
0.08748812228441238
0.12691159546375275
0.1088600605726242
0.09631649404764175
0.1352144181728363
0.03845248371362686
0.39712053537368774
0.2704974114894867
0.1512506902217865
0.09002548456192017
0.0857381671667099
0.1947735697031021
0.12763261795043945
0.09465540200471878
0.12649892270565033
0.14961649477481842
0.18419571220874786
0.14632119238376617
0.2549387514591217
0.0973137617111206
0.13598321378231049
0.15860213339328766
0.3194581866264343
0.07729592174291611
0.04040146246552467
0.14707542955875397
0.2595791518688202
0.10967913269996643
0.1291479915380478
0.26146793365478516
0.06893458217382431
0.08284421265125275
0.1465877890586853
0.1171451285481453
0.14361009001731873
0.0711551383137703
0.24768754839897156
0.1756998896598816
0.07805120199918747
0.10073129832744598
0.13303124904632568
0.04594603180885315
0.039617035537958145
0.06333111226558685
0.20367257297039032
0.06424608826637268
0.3416540324687958
0.2618219554424286
0.12185794115066528
0.1434626281261444
0.12249112129211426
0.12372446805238724
0.20477236807346344
0.06987965852022171
0.09365465492010117
0.18153132498264313
0.1363917589187622
0.15167385339736938
0.03850001469254494
0.0747276172041893
0.12759441137313843
0.06843295693397522
0.139473095536232
0.1387042999267578
0.06988736987113953
0.15175047516822815
0.30230334401130676
0.18568754196166992
0.1208273246884346
0.05708923563361168
0.07722945511341095
0.2538425028324127
0.09107869118452072
0.05834772437810898
0.1273079514503479
0.27706077694892883
0.19592231512069702
0.1144777461886406
0.23826932907104492
0.13351339101791382
0.08829189091920853
0.12938643991947174
0.2697112262248993
0.3255520761013031
0.1331653892993927
0.2574441134929657
0.17443305253982544
0.05036104843020439
0.08990543335676193
0.13682174682617188
0.16555984318256378
0.20449329912662506
0.0722765401005745
0.05080954357981682
0.15297412872314453
0.1564180999994278
0.0776652917265892
0.29663386940956116
0.1018185019493103
0.13443763554096222
0.22273987531661987
0.15786971151828766
0.07091383635997772
0.1463494598865509
0.2708207368850708
0.0851154550909996
0.16251511871814728
0.07353436946868896
0.26872777938842773
0.05326832830905914
0.1440580189228058
0.1063656285405159
0.10376880317926407
0.10032903403043747
0.07554341107606888
0.1594071239233017
0.2469940185546875
0.2627647817134857
0.2870895564556122
0.11874599009752274
0.1588134616613388
0.11012353748083115
0.03612121194601059
0.144627183675766
0.19831210374832153
0.07918395847082138
0.10884756594896317
0.23986591398715973
0.1937226504087448
0.08361508697271347
0.22070446610450745
0.06593484431505203
0.23167982697486877
0.38840723037719727
0.11380790919065475
0.1116122454404831
0.2282836139202118
0.1387292742729187
0.12740394473075867
0.17960432171821594
0.17627273499965668
0.14447234570980072
0.14999975264072418
0.12385790050029755
0.23657992482185364
0.13878391683101654
0.12858937680721283
0.08861635625362396
0.1453908383846283
0.07969725131988525
0.09656057506799698
0.10687427222728729
0.15799501538276672
0.13360005617141724
0.2723747789859772
0.04396023601293564
0.16952595114707947
0.09737951308488846
0.061088092625141144
0.09744622558355331
0.08367513865232468
0.19915103912353516
0.058531370013952255
0.07980808615684509
0.15570995211601257
0.16847719252109528
0.10776343941688538
0.14547380805015564
0.05300083011388779
0.052448712289333344
0.18372786045074463
0.10340392589569092
0.0654570683836937
0.16711364686489105
0.13367949426174164
0.18611882627010345
0.11742018908262253
0.09556245803833008
0.07406280934810638
0.17292261123657227
0.11797697097063065
0.2699372470378876
0.11781597882509232
0.26659104228019714
0.25053608417510986
0.11065975576639175
0.10539544373750687
0.09458781033754349
0.26181015372276306
0.153433695435524
0.30598652362823486
0.2852233350276947
0.16409774124622345
0.1920914649963379
0.2828591763973236
0.18627625703811646
0.1315208524465561
0.09530577063560486
0.16175477206707
0.10346195101737976
0.04844469949603081
0.08683210611343384
0.1193922609090805
0.10517556965351105
0.17061015963554382
0.16097496449947357
0.25414276123046875
0.23731839656829834
0.08341269195079803
0.1800893098115921
0.10479452461004257
0.04801154509186745
0.18469825387001038
0.19829337298870087
0.11749517917633057
0.08663245290517807
0.19120502471923828
0.0934099555015564
0.0778113305568695
0.18476390838623047
0.20090864598751068
0.18151754140853882
0.26287591457366943
0.14727123081684113
0.15456083416938782
0.09170781075954437
0.057151105254888535
0.17235809564590454
0.09869558364152908
0.09690559655427933
0.23512428998947144
0.07693153619766235
0.2701277732849121
0.25481998920440674
0.17358410358428955
0.10151948779821396
0.21863406896591187
0.12847661972045898
0.15852177143096924
0.14275071024894714
0.11382616311311722
0.05717669427394867
0.10299310833215714
0.10667252540588379
0.18338507413864136
0.051404260098934174
0.16162797808647156
0.18892993032932281
0.11573872715234756
0.10225577652454376
0.19563919305801392
0.04656468704342842
0.05356891453266144
0.08204507827758789
0.1478419154882431
0.1910533905029297
0.19019320607185364
0.10942985117435455
0.05191140994429588
0.07085032016038895
0.08480509370565414
0.25012868642807007
0.25449755787849426
0.13252229988574982
0.08263026922941208
0.313752681016922
0.0823582112789154
0.16515576839447021
0.042802996933460236
0.36103370785713196
0.19006890058517456
0.0972689837217331
0.24501602351665497
0.04746618494391441
0.09289005398750305
0.26964569091796875
0.15974213182926178
0.11114737391471863
0.06696772575378418
0.11462974548339844
0.25721558928489685
0.15737512707710266
0.04768655076622963
0.1462206244468689
0.2117554396390915
0.07109137624502182
0.07948709279298782
0.06576742231845856
0.12902460992336273
0.11127354204654694
0.06378594040870667
0.09714359045028687
0.19002529978752136
0.2092423141002655
0.16234225034713745
0.23114211857318878
0.08428943902254105
0.14441026747226715
0.09241298586130142
0.15487909317016602
0.08803828805685043
0.1228390708565712
0.10589884221553802
0.2797202169895172
0.10993286967277527
0.12238200008869171
0.1333969533443451
0.29862135648727417
0.09107561409473419
0.21894660592079163
0.11340038478374481
0.16104885935783386
0.11719450354576111
0.21371419727802277
0.08598121255636215
0.16475291550159454
0.09474671632051468
0.14145538210868835
0.0960903912782669
0.2071237564086914
0.2855575680732727
0.0933249369263649
0.06978826224803925
0.10963944345712662
0.27049776911735535
0.19592899084091187
0.09087749570608139
0.24979767203330994
0.0695236399769783
0.06355781108140945
0.13645265996456146
0.07115308195352554
0.21568074822425842
0.2945370376110077
0.15863656997680664
0.1885395646095276
0.21894145011901855
0.09603758901357651
0.10718930512666702
0.15331147611141205
0.13298608362674713
0.10762111842632294
0.1336049884557724
0.12395202368497849
0.07191343605518341
0.061549168080091476
0.4312828779220581
0.15020926296710968
0.17217935621738434
0.11604776233434677
0.11287910491228104
0.11550025641918182
0.12117087095975876
0.3382807970046997
0.10985498875379562
0.15662342309951782
0.10356598347425461
0.10206437855958939
0.11791796237230301
0.15309134125709534
0.09289226680994034
0.09689963608980179
0.09568542242050171
0.097481369972229
0.20788776874542236
0.10205460339784622
0.1241869181394577
0.1977086067199707
0.12194845825433731
0.23623475432395935
0.15041925013065338
0.25172287225723267
0.15175697207450867
0.17579402029514313
0.14859743416309357
0.040755920112133026
0.0961327999830246
0.27942225337028503
0.06590384244918823
0.2015182226896286
0.07849566638469696
0.12581299245357513
0.16330084204673767
0.09315416216850281
0.1647421270608902
0.11635370552539825
0.22504004836082458
0.14073163270950317
0.1364334523677826
0.06142104044556618
0.08996369689702988
0.02097724936902523
0.18720702826976776
0.09858842194080353
0.11124106496572495
0.2619718313217163
0.08190136402845383
0.42391446232795715
0.11729524284601212
0.30668964982032776
0.16727757453918457
0.12727443873882294
0.16511942446231842
0.17905868589878082
0.2006676197052002
0.05643631890416145
0.13673436641693115
0.18413886427879333
0.16596126556396484
0.23296697437763214
0.2026376575231552
0.09212043881416321
0.10930566489696503
0.1151488795876503
0.1749998927116394
0.1309783160686493
0.15750639140605927
0.23287145793437958
0.07778851687908173
0.18923279643058777
0.11784511059522629
0.1391581892967224
0.12083321809768677
0.08823173493146896
0.1813926249742508
0.05430952087044716
0.07550172507762909
0.18499252200126648
0.04126457870006561
0.05798732489347458
0.146615669131279
0.058212485164403915
0.1013132855296135
0.16958163678646088
0.1585490107536316
0.32178208231925964
0.09310611337423325
0.2016671895980835
0.10381675511598587
0.29160869121551514
0.24335063993930817
0.14301499724388123
0.23176874220371246
0.19212956726551056
0.11050198972225189
0.17117977142333984
0.07034789025783539
0.22337543964385986
0.07881981134414673
0.07767396420240402
0.09946753084659576
0.1454293578863144
0.15672895312309265
0.31247836351394653
0.12830010056495667
0.1610061079263687
0.06561541557312012
0.10395511984825134
0.08762117475271225
0.060783885419368744
0.323430597782135
0.17524626851081848
0.11263473331928253
0.20761996507644653
0.1050158143043518
0.1042785495519638
0.06711671501398087
0.08303183317184448
0.06349942088127136
0.17908047139644623
0.05685048550367355
0.2188621461391449
0.08432015776634216
0.09042487293481827
0.13644030690193176
0.09115542471408844
0.13627605140209198
0.048701368272304535
0.20111341774463654
0.07990508526563644
0.20782963931560516
0.19265036284923553
0.15678593516349792
0.12973402440547943
0.08495394885540009
0.31267738342285156
0.2786385416984558
0.08134184032678604
0.0648314505815506
0.3039848506450653
0.12933430075645447
0.08979775011539459
0.21707920730113983
0.24454914033412933
0.13442914187908173
0.04121612012386322
0.15202605724334717
0.12085847556591034
0.04373477026820183
0.11237898468971252
0.16761788725852966
0.14235322177410126
0.2718658745288849
0.12161930650472641
0.1981046050786972
0.0820651426911354
0.31591784954071045
0.04683439061045647
0.2384711503982544
0.03521762415766716
0.23073668777942657
0.08534391969442368
0.374961793422699
0.046954818069934845
0.08733201026916504
0.16526217758655548
