0.3115057349205017
0.14279332756996155
0.2148243635892868
0.3667214810848236
0.09880918264389038
0.21459269523620605
0.16108447313308716
0.13147038221359253
0.11476550996303558
0.12656007707118988
0.30351945757865906
0.2823661267757416
0.2663035988807678
0.22102098166942596
0.14956523478031158
0.21208785474300385
0.07803504168987274
0.14206846058368683
0.35889118909835815
0.09125965088605881
0.172474205493927
0.21711327135562897
0.2586909532546997
0.1061980128288269
0.14803974330425262
0.32705408334732056
0.21906648576259613
0.196575328707695
0.22174040973186493
0.19817328453063965
0.10459975153207779
0.08437886834144592
0.12017668038606644
0.1612025946378708
0.10078781098127365
0.3442476987838745
0.20073045790195465
0.1552393138408661
0.21812716126441956
0.16898369789123535
0.20445771515369415
0.1196775883436203
0.3409954905509949
0.18472452461719513
0.11089377105236053
0.13065551221370697
0.11339988559484482
0.06535503268241882
0.15956172347068787
0.3121577203273773
0.41409122943878174
0.1268247812986374
0.1438458412885666
0.14743033051490784
0.18780753016471863
0.35800203680992126
0.1493806391954422
0.19937166571617126
0.29212823510169983
0.17864441871643066
0.20651933550834656
0.11013288050889969
0.10728029161691666
0.2097608745098114
0.16908353567123413
0.28068000078201294
0.26579350233078003
0.2581649720668793
0.164551243185997
0.18086405098438263
0.2404654622077942
0.21106380224227905
0.16036294400691986
0.10706299543380737
0.10394201427698135
0.17452171444892883
0.0789749026298523
0.16691072285175323
0.1930277794599533
0.08357425034046173
0.24666902422904968
0.14819516241550446
0.21093030273914337
0.10533992201089859
0.09814459830522537
0.22256335616111755
0.2769186794757843
0.22837606072425842
0.41156724095344543
0.2861471176147461
0.15337622165679932
0.16563935577869415
0.20833350718021393
0.24381226301193237
0.10546412318944931
0.12591981887817383
0.09048768877983093
0.16257309913635254
0.19986826181411743
0.08395124226808548
0.20747429132461548
0.15345782041549683
0.27512219548225403
0.21417611837387085
0.10982566326856613
0.09316912293434143
0.584427535533905
0.17109574377536774
0.28852152824401855
0.19349320232868195
0.14378933608531952
0.058812692761421204
0.15463054180145264
0.2022051215171814
0.06078594923019409
0.11725474894046783
0.10587859153747559
0.12655052542686462
0.2676471769809723
0.2872447371482849
0.12307122349739075
0.3040322959423065
0.14645397663116455
0.1714327186346054
0.1429997831583023
0.15064676105976105
0.24822109937667847
0.35377171635627747
0.08685553818941116
0.14594800770282745
0.1830659806728363
0.07882523536682129
0.15516752004623413
0.21155893802642822
0.2753015160560608
0.1806206852197647
0.12739844620227814
0.08874362707138062
0.17149169743061066
0.2185523509979248
0.2765240967273712
0.09147883206605911
0.12983909249305725
0.15829451382160187
0.13781045377254486
0.04953937977552414
0.11132639646530151
0.3743067681789398
0.22807492315769196
0.19579769670963287
0.14913628995418549
0.07680381089448929
0.30884936451911926
0.14605699479579926
0.33404454588890076
0.16579292714595795
0.17162275314331055
0.32921960949897766
0.22432547807693481
0.17841841280460358
0.4338778555393219
0.11517409980297089
0.20355266332626343
0.2707292139530182
0.16205278038978577
0.23940081894397736
0.3130159378051758
0.14086346328258514
0.10983362048864365
0.20868101716041565
0.17602673172950745
0.17155960202217102
0.13331998884677887
0.19342954456806183
0.11118555814027786
0.13470031321048737
0.116036057472229
0.10691861063241959
0.08062714338302612
0.20578189194202423
0.27724984288215637
0.17411291599273682
0.2526732087135315
0.16976584494113922
0.16750499606132507
0.2542590796947479
0.14895659685134888
0.18792614340782166
0.25223514437675476
0.3033183515071869
0.21037261188030243
0.3143925070762634
0.2530132532119751
0.09163235872983932
0.1490163654088974
0.2596418857574463
0.06716860085725784
0.07516457140445709
0.23928925395011902
0.18837828934192657
0.2063576877117157
0.04054627567529678
0.16930381953716278
0.13487274944782257
0.3454524278640747
0.25043985247612
0.14385762810707092
0.13522611558437347
0.17108972370624542
0.24000966548919678
0.14180462062358856
0.22525179386138916
0.14309124648571014
0.201658234000206
0.27607303857803345
0.14842721819877625
0.213939368724823
0.2251671999692917
0.23408330976963043
0.09938375651836395
0.18566493690013885
0.05569301173090935
0.3315752446651459
0.2018464207649231
0.1459941416978836
0.12662486732006073
0.21130399405956268
0.078207828104496
0.14436064660549164
0.22241832315921783
0.09736453741788864
0.15786170959472656
0.09373892098665237
0.1684253215789795
0.24920235574245453
0.2449609935283661
0.2991146445274353
0.17157027125358582
0.21483434736728668
0.2252371460199356
0.10891440510749817
0.17712418735027313
0.26798588037490845
0.4021744430065155
0.2029123604297638
0.13561098277568817
0.2620972990989685
0.11993139237165451
0.4831456243991852
0.12786135077476501
0.05653877183794975
0.2952847480773926
0.10467223823070526
0.37381213903427124
0.11900170147418976
0.1006946787238121
0.15202589333057404
0.13614626228809357
0.14749495685100555
0.28885066509246826
0.15368899703025818
0.1715291142463684
0.20660696923732758
0.1491285264492035
0.1512797623872757
0.1328175663948059
0.29091018438339233
0.14930784702301025
0.1208978220820427
0.11823015660047531
0.14403963088989258
0.10308128595352173
0.12494832277297974
0.16434317827224731
0.17620737850666046
0.3197628855705261
0.21096384525299072
0.1804317831993103
0.10378173738718033
0.11370828002691269
0.2351936250925064
0.21113544702529907
0.156206414103508
0.2015862762928009
0.0796014815568924
0.15658241510391235
0.13921275734901428
0.1734970062971115
0.08211380988359451
0.0865807756781578
0.10289300978183746
0.11945977061986923
0.10155037045478821
0.2159653604030609
0.18846678733825684
0.19929389655590057
0.10388724505901337
0.09310542792081833
0.11640362441539764
0.19498318433761597
0.14406266808509827
0.2538820207118988
0.07557155191898346
0.20804257690906525
0.1513122022151947
0.195975199341774
0.06676577776670456
0.16716554760932922
0.0896221175789833
0.04407653957605362
0.1473684310913086
0.4716013967990875
0.1544523537158966
0.14037448167800903
0.22791460156440735
0.17753250896930695
0.42832133173942566
0.13018538057804108
0.08512088656425476
0.14867308735847473
0.2040058970451355
0.19042648375034332
0.20961116254329681
0.12668465077877045
0.09986640512943268
0.22279195487499237
0.19599802792072296
0.17438824474811554
0.1943126618862152
0.1403801590204239
0.21711063385009766
0.17551149427890778
0.3080628514289856
0.14650219678878784
0.11257918924093246
0.23908935487270355
0.13503944873809814
0.08105135709047318
0.16143926978111267
0.15141303837299347
0.14168335497379303
0.25992536544799805
0.046006400138139725
0.21768885850906372
0.10096423327922821
0.16656500101089478
0.26112595200538635
0.2882198393344879
0.30902746319770813
0.0677279382944107
0.1476692259311676
0.18842417001724243
0.2449067384004593
0.11700469255447388
0.13189344108104706
0.11967917531728745
0.19964492321014404
0.14318527281284332
0.0979844480752945
0.1429089903831482
0.24232007563114166
0.0733533501625061
0.2555125057697296
0.09741420298814774
0.16041705012321472
0.21800580620765686
0.19036158919334412
0.10659678280353546
0.13540181517601013
0.15506798028945923
0.12910975515842438
0.1530832201242447
0.1866409331560135
0.06507419794797897
0.2032255232334137
0.16634266078472137
0.3210812509059906
0.1616312563419342
0.14599092304706573
0.0648772269487381
0.11256164312362671
0.1823863834142685
0.16781353950500488
0.026222191751003265
0.14183925092220306
0.2148059755563736
0.2044491022825241
0.19693608582019806
0.24073146283626556
0.15234188735485077
0.17909295856952667
0.1866409182548523
0.3485475778579712
0.12827086448669434
0.14284126460552216
0.09448320418596268
0.13380034267902374
0.1160421371459961
0.2570716142654419
0.03890366479754448
0.2512540817260742
0.28089356422424316
0.20426902174949646
0.16123586893081665
0.24643690884113312
0.2351440191268921
0.015064465813338757
0.22589631378650665
0.33496806025505066
0.0856943428516388
0.2836589217185974
0.18297865986824036
0.33606112003326416
0.21208448708057404
0.1517224758863449
0.13315977156162262
0.19597913324832916
0.09736894816160202
0.17527373135089874
0.0561438612639904
0.1849493384361267
0.08474491536617279
0.2072266787290573
0.11318286508321762
0.1253945231437683
0.2647036015987396
0.15382340550422668
0.20167462527751923
0.19670329988002777
0.09436474740505219
0.20651887357234955
0.1347334384918213
0.15582385659217834
0.02893877401947975
0.10812106728553772
0.0957130417227745
0.24084053933620453
0.15830710530281067
0.19021856784820557
0.21331451833248138
0.251179039478302
0.3116491436958313
0.09726700186729431
0.28424957394599915
0.07340717315673828
0.21382573246955872
0.19411996006965637
0.18618743121623993
0.24115411937236786
0.25812461972236633
0.1415824443101883
0.16990159451961517
0.18856771290302277
0.14952869713306427
0.12592028081417084
0.08808537572622299
0.1396409422159195
0.24833261966705322
0.1146862730383873
0.16216319799423218
0.09571658074855804
0.2421344369649887
0.14613734185695648
0.12788072228431702
0.23309744894504547
0.10819252580404282
0.15525349974632263
0.1436937302350998
0.17887984216213226
0.15402087569236755
0.1459883600473404
0.08018731325864792
0.2006603330373764
0.32497745752334595
0.1250879317522049
0.209341362118721
0.1061653420329094
0.11181624978780746
0.17690029740333557
0.26396870613098145
0.07853633165359497
0.09705623239278793
0.1524522453546524
0.24785393476486206
0.2815888822078705
0.13514764606952667
0.2932368218898773
0.23373867571353912
0.21626409888267517
0.19157154858112335
0.13453073799610138
0.0938146784901619
0.16328555345535278
0.10092881321907043
0.30360448360443115
0.3078711926937103
0.19737248122692108
0.13183093070983887
0.18567757308483124
0.06444551795721054
0.13462452590465546
0.09265566617250443
0.2467639446258545
0.42266780138015747
0.17725220322608948
0.10047939419746399
0.18748058378696442
0.13837267458438873
0.14629298448562622
0.08652714639902115
0.1728816032409668
0.19602592289447784
0.0940956175327301
0.1839030683040619
0.08958227932453156
0.3002907335758209
0.24160908162593842
0.21948988735675812
0.22273722290992737
0.10581707954406738
0.15898099541664124
0.06062190607190132
0.27982109785079956
0.12047768384218216
0.08894464373588562
0.10083548724651337
0.18321192264556885
0.25088152289390564
0.17690452933311462
0.08768249303102493
0.13797983527183533
0.15201064944267273
0.23431509733200073
0.11576820909976959
0.13451345264911652
0.3470478653907776
0.04915381222963333
0.3228195011615753
0.2180219441652298
0.18130695819854736
0.1593867540359497
0.10934986919164658
0.13852201402187347
0.1506681740283966
0.25068551301956177
0.19738700985908508
0.0832727923989296
0.16259995102882385
0.1204582080245018
0.14610277116298676
0.13873475790023804
0.19135789573192596
0.28295567631721497
0.35460901260375977
0.30397695302963257
0.16572357714176178
0.10355400294065475
0.15908560156822205
0.32872316241264343
0.14601729810237885
0.1429642289876938
0.1829167902469635
0.1187562346458435
0.20176148414611816
0.17393068969249725
0.4451335370540619
0.07705254852771759
0.2366950511932373
0.16954095661640167
0.23428383469581604
0.2419799268245697
0.166347473859787
0.39719849824905396
0.19216397404670715
0.0973007008433342
0.13211801648139954
0.14163686335086823
0.1977946162223816
0.1533210277557373
0.31208717823028564
0.16530276834964752
0.1753474622964859
0.2507069408893585
0.1186661347746849
0.13412337005138397
0.21888361871242523
0.3368634283542633
0.09462062269449234
0.24705840647220612
0.2991923987865448
0.18754754960536957
0.15729540586471558
0.19126176834106445
0.24818599224090576
0.14879070222377777
0.21094734966754913
0.16502544283866882
0.37007996439933777
0.06234637275338173
0.16651885211467743
0.17650623619556427
0.11322217434644699
0.15829133987426758
0.19504480063915253
0.08923523873090744
0.11361090838909149
0.16052654385566711
0.10833563655614853
0.14558137953281403
0.19702711701393127
0.1409570425748825
0.26701951026916504
0.2729554772377014
0.20224414765834808
0.3802724778652191
0.08554504066705704
0.17899999022483826
0.1229621097445488
0.46635380387306213
0.17956459522247314
0.16411377489566803
0.19995108246803284
0.11215375363826752
0.1206820085644722
0.15472617745399475
0.08277319371700287
0.21923477947711945
0.13339120149612427
0.3125150799751282
0.29732391238212585
0.12949281930923462
0.06805300712585449
0.37017732858657837
0.31625017523765564
0.09795200079679489
0.20946727693080902
0.18356677889823914
0.21820564568042755
0.18022149801254272
0.3798888325691223
0.1838950365781784
0.07868882268667221
0.181955024600029
0.08063424378633499
0.11514119058847427
0.18662868440151215
0.19387543201446533
0.15088900923728943
0.25982409715652466
0.19623981416225433
0.1772019863128662
0.16456721723079681
0.2876182496547699
0.1102418303489685
0.11331701278686523
0.06545186042785645
0.06502032279968262
0.10698075592517853
0.14172044396400452
0.14382845163345337
0.254673033952713
0.24263641238212585
0.18936167657375336
0.2653331160545349
0.18057739734649658
0.15801453590393066
0.1343170404434204
0.04153792932629585
0.2907634675502777
0.10655180364847183
0.12057814747095108
0.1786145269870758
0.14806221425533295
0.17683468759059906
0.047386545687913895
0.054753780364990234
0.1366913616657257
0.2574309706687927
0.14190280437469482
0.16291417181491852
0.15313057601451874
0.05468364059925079
0.32666701078414917
0.14590203762054443
0.2509978115558624
0.1911763846874237
0.2848912477493286
0.21408392488956451
0.1942751258611679
0.10714270919561386
0.15500497817993164
0.14032310247421265
0.24938908219337463
0.15001936256885529
0.19271622598171234
0.1602647453546524
0.2031414955854416
0.24011635780334473
0.16575410962104797
0.14279086887836456
0.04500569775700569
0.07783912867307663
0.342252641916275
0.1452595293521881
0.22301706671714783
0.33370792865753174
0.34415286779403687
0.08532852679491043
0.1695801168680191
0.21471066772937775
0.1385367512702942
0.036793142557144165
0.07375793159008026
0.18912118673324585
0.1821664571762085
0.1621304601430893
0.16094885766506195
0.1912936270236969
0.1911630630493164
0.22344648838043213
0.13115467131137848
0.10833503305912018
0.13317854702472687
0.10486405342817307
0.12500551342964172
0.11492779105901718
0.16283194720745087
0.12704618275165558
0.2621912658214569
0.21301232278347015
0.08490089327096939
0.19150324165821075
0.12594695389270782
0.07540614902973175
0.06889810413122177
0.26879194378852844
0.23771792650222778
0.08388175815343857
0.12380413711071014
0.182480588555336
0.2994622588157654
0.15974417328834534
0.3807010054588318
0.07309462130069733
0.21824441850185394
0.18125386536121368
0.2509809732437134
0.1133895069360733
0.1508827656507492
0.14380179345607758
0.1581164449453354
0.19290538132190704
0.1617647409439087
0.34448885917663574
0.08090271800756454
0.06744399666786194
0.15568944811820984
0.21411427855491638
0.08712582290172577
0.13348791003227234
0.1755780130624771
0.30991753935813904
0.16920536756515503
0.09959571063518524
0.3517325818538666
0.16468580067157745
0.20855849981307983
0.16912350058555603
0.09025683999061584
0.18777544796466827
0.07258090376853943
0.22483819723129272
0.17665500938892365
0.15061476826667786
0.15796451270580292
0.1105690598487854
0.044628486037254333
0.1852254718542099
0.25896310806274414
0.11208949983119965
0.26059186458587646
0.30125078558921814
0.2631056010723114
0.05801395699381828
0.3439777195453644
0.28980767726898193
0.3005121350288391
0.1832960844039917
0.1980154663324356
0.08151084184646606
0.18788596987724304
0.0724666565656662
0.23476293683052063
0.20961813628673553
0.25169944763183594
0.07697043567895889
0.12776058912277222
0.10457471758127213
0.19477248191833496
0.3241214156150818
0.1999671757221222
0.05263776332139969
0.08035027980804443
0.1001489907503128
0.04837369918823242
0.15318700671195984
0.180977925658226
0.2304183840751648
0.19620339572429657
0.14921894669532776
0.14060789346694946
0.5053713321685791
0.1034490168094635
0.16950133442878723
0.1419016271829605
0.3952324390411377
0.2108832597732544
0.23451374471187592
0.1299254298210144
0.21089400351047516
0.10936538130044937
0.21981914341449738
0.11327105760574341
0.16960904002189636
0.16836167871952057
0.1461147964000702
0.11475125700235367
0.14053063094615936
0.1242317482829094
0.24105115234851837
0.17760668694972992
0.24451223015785217
0.21038781106472015
0.38968968391418457
0.23073485493659973
0.15209226310253143
0.11978840827941895
0.10732138156890869
0.22916731238365173
0.13392333686351776
0.23144958913326263
0.181553915143013
0.1642528772354126
0.06922826915979385
0.1097894087433815
0.16842778027057648
0.2603622078895569
0.10319184511899948
0.269680380821228
0.03704378753900528
0.04671138897538185
0.18131807446479797
0.18699143826961517
0.2058192789554596
0.07451774179935455
0.20922507345676422
0.074018694460392
0.1914726197719574
0.09286759048700333
0.2826220691204071
0.0905558317899704
0.25418832898139954
0.24101760983467102
0.03414860740303993
0.1250602751970291
0.08552822470664978
0.17243504524230957
0.1674000769853592
0.09664368629455566
0.14458458125591278
0.2946160137653351
0.10215563327074051
0.23827233910560608
0.29442569613456726
0.05871764197945595
0.10142121464014053
0.2676459848880768
0.11563153564929962
0.1647351086139679
0.12874004244804382
0.2838723361492157
0.278153657913208
0.1308533251285553
0.17567014694213867
0.25400611758232117
0.10779624432325363
0.07229625433683395
0.1848655790090561
0.1578512191772461
0.23599477112293243
0.3971722424030304
0.3207087218761444
0.08699220418930054
0.12701411545276642
0.12809868156909943
0.0701245591044426
0.06133196875452995
0.12399864941835403
0.14885476231575012
0.17786097526550293
0.11523544043302536
0.2547008693218231
0.16291436553001404
0.16107653081417084
0.21895255148410797
0.17913880944252014
0.13782452046871185
0.21852679550647736
0.1374177783727646
0.18041303753852844
0.346431165933609
0.10982934385538101
0.1462843418121338
0.3522326946258545
0.17722482979297638
0.34386369585990906
0.17316792905330658
0.2334802746772766
0.34706857800483704
0.10969339311122894
0.04774603992700577
0.3052881956100464
0.17712946236133575
0.12180454283952713
0.24676208198070526
0.33005911111831665
0.08704939484596252
0.16291792690753937
0.10639199614524841
0.157356858253479
0.14871756732463837
0.06741683930158615
0.19530175626277924
0.15459749102592468
0.09535709023475647
0.23806025087833405
0.07769840210676193
0.1280590295791626
0.02675691619515419
0.17113398015499115
