12.5
7.8125
10.9375
15.625
25
14.0625
18.75
12.5
23.4375
10.9375
15.625
21.875
21.875
23.4375
28.125
21.875
25
43.75
28.125
39.0625
32.8125
42.1875
40.625
40.625
37.5
45.3125
34.375
35.9375
40.625
32.8125
40.625
51.5625
56.25
48.4375
53.125
46.875
50
51.5625
40.625
48.4375
42.1875
57.8125
42.1875
59.375
57.8125
54.6875
45.3125
50
53.125
54.6875
68.75
48.4375
45.3125
59.375
59.375
60.9375
56.25
73.4375
67.1875
57.8125
57.8125
54.6875
60.9375
60.9375
56.25
64.0625
43.75
50
65.625
59.375
60.9375
53.125
53.125
57.8125
60.9375
57.8125
65.625
59.375
53.125
68.75
65.625
62.5
64.0625
62.5
78.125
67.1875
64.0625
54.6875
67.1875
65.625
60.9375
70.3125
70.3125
70.3125
64.0625
68.75
67.1875
60.9375
67.1875
62.5
68.75
65.625
65.625
60.9375
67.1875
65.625
75
65.625
59.375
60.9375
68.75
57.8125
57.8125
57.8125
71.875
67.1875
68.75
67.1875
62.5
70.3125
67.1875
70.3125
73.4375
65.625
73.4375
78.125
79.6875
65.625
76.5625
81.25
65.625
76.5625
60.9375
67.1875
65.625
70.3125
68.75
68.75
71.875
68.75
81.25
75
68.75
71.875
57.8125
70.3125
67.1875
73.4375
73.4375
73.4375
81.25
79.6875
62.5
79.6875
67.1875
70.3125
84.375
73.4375
71.875
71.875
64.0625
82.8125
76.5625
70.3125
79.6875
68.75
78.125
70.3125
76.5625
67.1875
67.1875
79.6875
76.5625
75
65.625
76.5625
81.25
73.4375
75
73.4375
79.6875
76.5625
78.125
82.8125
73.4375
81.25
68.75
85.9375
59.375
78.125
71.875
71.875
82.8125
79.6875
70.3125
68.75
78.125
73.4375
71.875
75
70.3125
75
75
65.625
79.6875
85.9375
78.125
76.5625
76.5625
70.3125
76.5625
78.125
70.3125
87.5
81.25
82.8125
68.75
71.875
76.5625
79.6875
75
84.375
81.25
75
78.125
81.25
81.25
76.5625
70.3125
75
75
78.125
71.875
85.9375
76.5625
81.25
84.375
76.5625
82.8125
82.8125
82.8125
81.25
85.9375
68.75
82.8125
71.875
82.8125
76.5625
76.5625
78.125
79.6875
85.9375
84.375
87.5
81.25
76.5625
81.25
79.6875
82.8125
79.6875
76.5625
84.375
81.25
82.8125
85.9375
85.9375
84.375
82.8125
90.625
85.9375
78.125
73.4375
81.25
85.9375
73.4375
75
82.8125
89.0625
82.8125
82.8125
82.8125
87.5
82.8125
81.25
76.5625
85.9375
78.125
73.4375
79.6875
84.375
73.4375
82.8125
75
78.125
79.6875
73.4375
75
85.9375
75
90.625
89.0625
89.0625
75
81.25
81.25
78.125
81.25
79.6875
76.5625
92.1875
75
78.125
85.9375
89.0625
79.6875
87.5
71.875
82.8125
89.0625
78.125
89.0625
78.125
79.6875
79.6875
82.8125
68.75
85.9375
76.5625
81.25
87.5
84.375
81.25
85.9375
84.375
81.25
87.5
78.125
81.25
82.8125
73.4375
82.8125
76.5625
78.125
81.25
84.375
85.9375
90.625
90.625
81.25
84.375
87.5
79.6875
84.375
92.1875
79.6875
81.25
84.375
89.0625
75
79.6875
87.5
81.25
79.6875
82.8125
81.25
85.9375
81.25
78.125
92.1875
78.125
79.6875
82.8125
79.6875
84.375
76.5625
76.5625
87.5
89.0625
81.25
81.25
81.25
76.5625
81.25
85.9375
81.25
85.9375
92.1875
73.4375
87.5
79.6875
85.9375
89.0625
85.9375
78.125
85.9375
89.0625
89.0625
85.9375
78.125
84.375
84.375
79.6875
76.5625
79.6875
90.625
90.625
76.5625
79.6875
85.9375
79.6875
84.375
87.5
84.375
85.9375
76.5625
85.9375
84.375
89.0625
84.375
85.9375
81.25
89.0625
85.9375
81.25
82.8125
84.375
92.1875
95.3125
81.25
84.375
82.8125
85.9375
82.8125
84.375
75
85.9375
87.5
81.25
85.9375
84.375
82.8125
89.0625
85.9375
79.6875
85.9375
92.1875
92.1875
81.25
82.8125
78.125
73.4375
84.375
87.5
89.0625
85.9375
82.8125
78.125
78.125
89.0625
87.5
84.375
84.375
87.5
82.8125
78.125
87.5
73.4375
84.375
85.9375
90.625
79.6875
82.8125
89.0625
93.75
84.375
87.5
84.375
84.375
87.5
81.25
87.5
89.0625
89.0625
87.5
87.5
75
87.5
90.625
89.0625
92.1875
84.375
87.5
79.6875
78.125
90.625
75
79.6875
84.375
81.25
78.125
82.8125
85.9375
84.375
81.25
87.5
87.5
84.375
87.5
87.5
85.9375
82.8125
79.6875
84.375
90.625
85.9375
81.25
79.6875
76.5625
82.8125
82.8125
85.9375
87.5
89.0625
76.5625
87.5
85.9375
90.625
87.5
81.25
81.25
85.9375
84.375
76.5625
87.5
78.125
87.5
82.8125
89.0625
79.6875
90.625
90.625
89.0625
75
79.6875
79.6875
85.9375
81.25
84.375
79.6875
87.5
81.25
78.125
79.6875
89.0625
84.375
92.1875
84.375
81.25
84.375
81.25
85.9375
85.9375
87.5
87.5
92.1875
87.5
85.9375
85.9375
89.0625
84.375
81.25
87.5
82.8125
87.5
85.9375
79.6875
81.25
87.5
84.375
89.0625
89.0625
87.5
87.5
85.9375
87.5
84.375
84.375
87.5
81.25
85.9375
75
89.0625
82.8125
85.9375
95.3125
89.0625
87.5
82.8125
84.375
79.6875
92.1875
92.1875
82.8125
84.375
84.375
85.9375
85.9375
87.5
92.1875
89.0625
81.25
82.8125
87.5
87.5
84.375
89.0625
82.8125
90.625
85.9375
84.375
78.125
85.9375
89.0625
75
84.375
87.5
76.5625
79.6875
87.5
87.5
89.0625
85.9375
84.375
85.9375
87.5
89.0625
82.8125
84.375
81.25
84.375
84.375
84.375
87.5
87.5
90.625
87.5
92.1875
82.8125
89.0625
89.0625
90.625
92.1875
82.8125
89.0625
82.8125
84.375
90.625
90.625
87.5
82.8125
89.0625
90.625
85.9375
85.9375
85.9375
87.5
89.0625
87.5
78.125
85.9375
89.0625
87.5
85.9375
87.5
89.0625
78.125
81.25
89.0625
89.0625
85.9375
87.5
87.5
84.375
82.8125
87.5
85.9375
82.8125
85.9375
76.5625
82.8125
85.9375
87.5
89.0625
85.9375
85.9375
78.125
92.1875
84.375
79.6875
87.5
79.6875
89.0625
89.0625
92.1875
78.125
79.6875
90.625
90.625
84.375
95.3125
78.125
82.8125
81.25
92.1875
84.375
82.8125
85.9375
92.1875
82.8125
81.25
85.9375
90.625
87.5
89.0625
87.5
90.625
81.25
89.0625
89.0625
90.625
85.9375
87.5
89.0625
85.9375
90.625
89.0625
81.25
89.0625
84.375
90.625
87.5
87.5
90.625
89.0625
90.625
92.1875
87.5
85.9375
93.75
84.375
81.25
90.625
90.625
87.5
71.875
85.9375
79.6875
89.0625
85.9375
89.0625
92.1875
82.8125
81.25
85.9375
82.8125
85.9375
79.6875
79.6875
81.25
85.9375
85.9375
82.8125
89.0625
87.5
81.25
82.8125
90.625
90.625
89.0625
89.0625
90.625
87.5
84.375
93.75
87.5
85.9375
85.9375
95.3125
78.125
82.8125
87.5
92.1875
81.25
84.375
85.9375
89.0625
93.75
90.625
89.0625
92.1875
85.9375
90.625
93.75
100
87.5
81.25
84.375
90.625
76.5625
87.5
90.625
85.9375
87.5
87.5
90.625
84.375
92.1875
87.5
79.6875
85.9375
90.625
95.3125
85.9375
95.3125
81.25
90.625
82.8125
93.75
85.9375
85.9375
82.8125
79.6875
92.1875
89.0625
93.75
87.5
89.0625
90.625
90.625
87.5
85.9375
92.1875
82.8125
82.8125
85.9375
82.8125
92.1875
90.625
84.375
89.0625
85.9375
89.0625
92.1875
84.375
79.6875
87.5
92.1875
87.5
89.0625
84.375
89.0625
87.5
79.6875
81.25
90.625
93.75
92.1875
84.375
79.6875
92.1875
92.1875
87.5
90.625
85.9375
89.0625
85.9375
92.1875
89.0625
95.3125
87.5
90.625
90.625
82.8125
87.5
85.9375
92.1875
82.8125
81.25
90.625
87.5
87.5
87.5
89.0625
90.625
87.5
90.625
81.25
87.5
87.5
87.5
89.0625
87.5
82.8125
82.8125
92.1875
93.75
85.9375
90.625
92.1875
87.5
89.0625
89.0625
85.9375
87.5
87.5
85.9375
87.5
81.25
82.8125
81.25
85.9375
89.0625
79.6875
85.9375
90.625
92.1875
92.1875
93.75
87.5
89.0625
90.625
89.0625
95.3125
87.5
89.0625
89.0625
95.83333333333334
95.83333333333334
100
91.66666666666666
