2.291787624359131
2.3142788410186768
2.3007900714874268
2.282242774963379
2.2745141983032227
2.278554916381836
2.257673501968384
2.311795234680176
2.236081600189209
2.2709810733795166
2.2628321647644043
2.2454800605773926
2.248837471008301
2.2331910133361816
2.225501537322998
2.248098134994507
2.216824769973755
2.1875810623168945
2.2012526988983154
2.177069664001465
2.232318639755249
2.1799156665802
2.1946182250976563
2.186593532562256
2.1939566135406494
2.155305862426758
2.1769297122955322
2.1731483936309814
2.170893907546997
2.1660115718841553
2.138009786605835
2.0778517723083496
2.0995097160339355
2.1074209213256836
2.0959880352020264
2.106903076171875
2.0802648067474365
2.0551748275756836
2.130472183227539
2.0812790393829346
2.1193273067474365
2.041355848312378
2.099074602127075
2.0319325923919678
2.022270441055298
2.042795419692993
2.0577096939086914
2.0347423553466797
2.0057015419006348
2.020993709564209
1.9579271078109741
1.9941178560256958
2.0460996627807617
2.0015881061553955
1.9747164249420166
1.9978071451187134
1.9586071968078613
1.8839812278747559
1.8971550464630127
1.9697914123535156
1.9087284803390503
1.9422099590301514
1.863000512123108
1.9074114561080933
1.9783753156661987
1.8927311897277832
1.9682883024215698
1.9174115657806396
1.7725716829299927
1.8439627885818481
1.8696110248565674
1.8729162216186523
1.897324562072754
1.760769009590149
1.8494770526885986
1.847565770149231
1.7555911540985107
1.8082001209259033
1.8775644302368164
1.7095798254013062
1.7528332471847534
1.7149399518966675
1.6644026041030884
1.7288743257522583
1.6800707578659058
1.6647700071334839
1.7488043308258057
1.7922033071517944
1.6836864948272705
1.7332611083984375
1.660056471824646
1.6180164813995361
1.6168392896652222
1.6541509628295898
1.6797924041748047
1.6039620637893677
1.6254377365112305
1.637236475944519
1.5671725273132324
1.582503318786621
1.5567150115966797
1.591779112815857
1.5370761156082153
1.5037463903427124
1.5097122192382813
1.5018125772476196
1.4199440479278564
1.5490635633468628
1.5557469129562378
1.5998237133026123
1.4311046600341797
1.5812962055206299
1.569176435470581
1.5584030151367188
1.4299250841140747
1.5257076025009155
1.4072563648223877
1.4390003681182861
1.477177381515503
1.4430804252624512
1.3664231300354004
1.372619867324829
1.3768789768218994
1.4344345331192017
1.2980952262878418
1.3419731855392456
1.2242085933685303
1.4140706062316895
1.2596964836120605
1.1764390468597412
1.4189164638519287
1.316024899482727
1.3303616046905518
1.4377315044403076
1.4079571962356567
1.2566442489624023
1.3543606996536255
1.1867493391036987
1.2067989110946655
1.257497787475586
1.1992394924163818
1.2177027463912964
1.2447165250778198
1.1832436323165894
1.4518331289291382
1.2766354084014893
1.2594034671783447
1.1287648677825928
1.1899513006210327
1.2406671047210693
1.0504204034805298
1.0980521440505981
1.3069210052490234
1.0773756504058838
1.2609106302261353
1.1069729328155518
1.004085898399353
1.0337955951690674
1.1330058574676514
1.175461769104004
1.2442810535430908
0.9593425989151001
1.034257173538208
1.121267318725586
1.002311110496521
1.1858720779418945
1.0903245210647583
1.0344887971878052
1.0007203817367554
1.1241663694381714
1.0527855157852173
0.9358811378479004
0.9974904656410217
0.9907034039497375
1.1338658332824707
0.970160722732544
0.7661548256874084
1.0460314750671387
0.9751971364021301
1.0811916589736938
0.9421842694282532
0.8885217905044556
0.9164705276489258
0.8684285879135132
0.9857580661773682
0.8339031338691711
1.0499677658081055
0.722525954246521
1.019606113433838
0.9008078575134277
0.9779986143112183
0.9247763752937317
0.9041652679443359
0.8350635766983032
0.9406219124794006
1.077650547027588
0.8330491185188293
1.0433226823806763
0.8622850179672241
0.906839907169342
0.9561593532562256
0.9401575326919556
0.8102911114692688
1.0368552207946777
0.7340735197067261
0.7679874897003174
0.8845171928405762
0.8477615118026733
0.8640584349632263
0.9269406199455261
0.8396823406219482
0.8009454607963562
0.9500899314880371
0.7084527015686035
0.8576541543006897
0.7454376816749573
0.9052473306655884
0.7652509212493896
0.8029534816741943
0.7427756190299988
0.8699429631233215
0.7657092213630676
0.7182584404945374
0.7604258060455322
0.6555191874504089
0.7103059887886047
0.7604069113731384
0.7984575033187866
0.818360447883606
0.8688304424285889
0.8215982913970947
0.7644726634025574
0.8762144446372986
0.7497097253799438
0.7552409768104553
0.6787790656089783
0.6982242465019226
0.8191443085670471
0.7985780239105225
0.7177219986915588
0.7014697790145874
0.6800133585929871
0.6615569591522217
0.7750706672668457
0.6357266306877136
0.7816339731216431
0.6811041235923767
0.848946213722229
0.666085958480835
0.6568062901496887
0.7525929808616638
0.6574388742446899
0.6892713308334351
0.6312869191169739
0.7269874215126038
0.718867301940918
0.7385547757148743
0.7097261548042297
0.7736266851425171
0.7720839977264404
0.6379980444908142
0.5531166791915894
0.8309760689735413
0.6105056405067444
0.5795823931694031
0.6677451133728027
0.7224470973014832
0.7021500468254089
0.48121386766433716
0.563012957572937
0.7294683456420898
0.7353758215904236
0.7191537022590637
0.6214268803596497
0.6897513270378113
0.6991078853607178
0.5773917436599731
0.530780017375946
0.6211245656013489
0.6752530932426453
0.7350898385047913
0.508876621723175
0.6077573299407959
0.6198199987411499
0.6698201894760132
0.5201696753501892
0.6354091763496399
0.8281298279762268
0.7805387377738953
0.5182090997695923
0.759012758731842
0.5074747800827026
0.7172587513923645
0.630108118057251
0.5739994645118713
0.6962910890579224
0.821478545665741
0.5093065500259399
0.6828485131263733
0.49203386902809143
0.4246673285961151
0.493034690618515
0.7450453639030457
0.5604128837585449
0.5568390488624573
0.5603721141815186
0.531660258769989
0.7229770421981812
0.7127148509025574
0.5061694383621216
0.6842682957649231
0.7235591411590576
0.5034962892532349
0.4702383577823639
0.6601114273071289
0.5222316384315491
0.8571332693099976
0.6388761401176453
0.4006566107273102
0.716904878616333
0.4641399681568146
0.7374009490013123
0.7474457621574402
0.6760731935501099
0.48867863416671753
0.892480731010437
0.5343017578125
0.7371719479560852
0.6736654043197632
0.4357963800430298
0.6021946668624878
0.5896894335746765
0.5089191198348999
0.6060469150543213
0.6644906401634216
0.6096627712249756
0.5024310946464539
0.5772965550422668
0.6069903373718262
0.8046426773071289
0.5793196558952332
0.5852648019790649
0.7398501634597778
0.7031643986701965
0.595714271068573
0.512152910232544
0.3653043806552887
0.43323734402656555
0.5652353763580322
0.515529215335846
0.4681442379951477
0.6444607973098755
0.5067112445831299
0.4190097451210022
0.5723849534988403
0.5734716057777405
0.5436634421348572
0.5631471872329712
0.7219632863998413
0.684803307056427
0.4372793734073639
0.6069374680519104
0.551148533821106
0.6474202871322632
0.6992399096488953
0.37990495562553406
0.6317300796508789
0.6651284694671631
0.3661540448665619
0.5667829513549805
0.859775185585022
0.5848045349121094
0.6104353666305542
0.5223846435546875
0.6763381958007813
0.5876380205154419
0.5165861248970032
0.4592001438140869
0.6431667804718018
0.6040427684783936
0.6719618439674377
0.7880427837371826
0.5559088587760925
0.4774148762226105
0.610149085521698
0.3926708996295929
0.37031134963035583
0.602476954460144
0.5954166650772095
0.6272717118263245
0.6615145206451416
0.4263131022453308
0.5872800946235657
0.6295134425163269
0.6902478933334351
0.4227879047393799
0.3626895546913147
0.4202624261379242
0.7043421268463135
0.5754978656768799
0.43967577815055847
0.7145456075668335
0.701352059841156
0.6041013598442078
0.3734506666660309
0.43629467487335205
0.6823170781135559
0.6366626620292664
0.5034255385398865
0.5235593914985657
0.41843435168266296
0.5128492116928101
0.45862245559692383
0.4783419966697693
0.6687026023864746
0.45894286036491394
0.4278973340988159
0.40675652027130127
0.44916602969169617
0.5006709098815918
0.6620083451271057
0.5421021580696106
0.5363392233848572
0.4504712224006653
0.5076087117195129
0.5954212546348572
0.32669174671173096
0.19206739962100983
0.7032970786094666
0.40957212448120117
0.6460261344909668
0.40788909792900085
0.5631909370422363
0.5000141859054565
0.7810490727424622
0.4237874448299408
0.5868767499923706
0.5869917273521423
0.5208517909049988
0.6403264999389648
0.5692741870880127
0.3858741819858551
0.45591723918914795
0.6299786567687988
0.5265003442764282
0.2924518287181854
0.30767524242401123
0.5809696316719055
0.47637298703193665
0.6094408631324768
0.6857508420944214
0.5348421931266785
0.4568507969379425
0.3888300955295563
0.46850550174713135
0.6559404730796814
0.5795384049415588
0.5617982745170593
0.3956691026687622
0.4717251658439636
0.5360784530639648
0.48427510261535645
0.4163869619369507
0.5559592843055725
0.8638705015182495
0.4347293972969055
0.6588477492332458
0.40905725955963135
0.4750235974788666
0.3811945915222168
0.6354145407676697
0.48282742500305176
0.37245166301727295
0.293629914522171
0.4436870813369751
0.3904497027397156
0.5032463073730469
0.4294862449169159
0.5450831055641174
0.5852158069610596
0.41139283776283264
0.3949378728866577
0.40259766578674316
0.41371628642082214
0.48326224088668823
0.6516785025596619
0.40420815348625183
0.27739402651786804
0.3940405547618866
0.387848824262619
0.3899581730365753
0.3673864006996155
0.5315388441085815
0.5650200247764587
0.34914541244506836
0.6716439723968506
0.6100250482559204
0.4873809218406677
0.5127226710319519
0.6803604364395142
0.5616887211799622
0.4553513824939728
0.4171636402606964
0.5944690704345703
0.31785064935684204
0.4687986969947815
0.5480817556381226
0.4906619191169739
0.4671172499656677
0.4371035695075989
0.4995169937610626
0.7026717662811279
0.48299479484558105
0.3598335087299347
0.45014309883117676
0.596083402633667
0.5448575615882874
0.742222785949707
0.5942540168762207
0.42602768540382385
0.4102671146392822
0.3763708472251892
0.45442312955856323
0.7427165508270264
0.4307875335216522
0.3322423994541168
0.40310758352279663
0.41880273818969727
0.5841212868690491
0.5045422315597534
0.5642638802528381
0.5256913900375366
0.6386541724205017
0.40681010484695435
0.5892158150672913
0.4263979494571686
0.39841195940971375
0.549963653087616
0.665803074836731
0.3433230221271515
0.3690721094608307
0.366078644990921
0.6283749938011169
0.622890055179596
0.566565990447998
0.4201914072036743
0.682207465171814
0.517656683921814
0.6609035730361938
0.5470307469367981
0.49099618196487427
0.6800687909126282
0.4428156614303589
0.4325415790081024
0.43420764803886414
0.29146674275398254
0.4109513759613037
0.5146623849868774
0.43626511096954346
0.6197802424430847
0.5409512519836426
0.45915883779525757
0.4886985421180725
0.500144362449646
0.4209389388561249
0.430358350276947
0.3736535906791687
0.45580077171325684
0.3277367949485779
0.3927648067474365
0.49133631587028503
0.37233585119247437
0.4732300043106079
0.37731650471687317
0.4903312921524048
0.5870803594589233
0.5592644214630127
0.6855157017707825
0.4059138298034668
0.392868310213089
0.46493032574653625
0.36359286308288574
0.4945615530014038
0.4318093955516815
0.6698015928268433
0.3304018974304199
0.4536953270435333
0.4807656407356262
0.5527814030647278
0.37853166460990906
0.7165765166282654
0.4221161901950836
0.5937110781669617
0.5735389590263367
0.2726585865020752
0.40047788619995117
0.3555666208267212
0.4812232553958893
0.475072979927063
0.601651668548584
0.2960205078125
0.42233002185821533
0.5803018808364868
0.6231282949447632
0.5777332782745361
0.4861551523208618
0.4822973608970642
0.4509544372558594
0.2615022361278534
0.5058481693267822
0.4683588743209839
0.5218535661697388
0.40647873282432556
0.4709268808364868
0.4700380265712738
0.5461782217025757
0.5640501976013184
0.36138075590133667
0.392013281583786
0.38246703147888184
0.5722775459289551
0.38890138268470764
0.3925057351589203
0.596548318862915
0.6113823056221008
0.45914363861083984
0.6179601550102234
0.654570996761322
0.3858014643192291
0.3962384760379791
0.4625258147716522
0.527460515499115
0.5325962901115417
0.4669634699821472
0.424986869096756
0.3214150071144104
0.4497002363204956
0.43960830569267273
0.5581361651420593
0.3743208348751068
0.4258994460105896
0.7003841996192932
0.37636449933052063
0.3819465935230255
0.32417017221450806
0.4413940906524658
0.28220289945602417
0.4207645058631897
0.4148707687854767
0.31135624647140503
0.3304210305213928
0.3197998106479645
0.48246708512306213
0.4304673373699188
0.5159800052642822
0.6615519523620605
0.4191506505012512
0.3053922653198242
0.41454505920410156
0.6244253516197205
0.37869203090667725
0.3775741159915924
0.4022836983203888
0.5534543395042419
0.7441621422767639
0.49438196420669556
0.36043038964271545
0.34411105513572693
0.7018869519233704
0.4881018400192261
0.4104120135307312
0.45937618613243103
0.47057008743286133
0.3549381196498871
0.41965997219085693
0.5602232813835144
0.46919211745262146
0.2773696184158325
0.34779247641563416
0.498415470123291
0.4197045564651489
0.3973008096218109
0.5960996747016907
0.4283066987991333
0.5727865099906921
0.48562517762184143
0.5690392851829529
0.480522483587265
0.5555908679962158
0.511313259601593
0.39121243357658386
0.37762999534606934
0.3880070745944977
0.37070411443710327
0.4974585473537445
0.6701182126998901
0.3174891173839569
0.397729754447937
0.5670091509819031
0.5561079978942871
0.46713098883628845
0.32346591353416443
0.3357437551021576
0.3387294113636017
0.5733928680419922
0.5960394144058228
0.38576093316078186
0.23512844741344452
0.5417187809944153
0.3395082950592041
0.5700995326042175
0.4218330681324005
0.5908509492874146
0.27194473147392273
0.5642795562744141
0.6637546420097351
0.4869650900363922
0.32707321643829346
0.4191945493221283
0.6966519355773926
0.42011451721191406
0.33801648020744324
0.4262310266494751
0.3144955039024353
0.4450245201587677
0.36919286847114563
0.5561984181404114
0.47944095730781555
0.41706356406211853
0.3544712960720062
0.3844100534915924
0.48290377855300903
0.31135451793670654
0.32584261894226074
0.4216937720775604
0.44448530673980713
0.5068137645721436
0.3440939486026764
0.48749202489852905
0.31324857473373413
0.3728356957435608
0.3483889102935791
0.30582064390182495
0.3256702423095703
0.3335016667842865
0.37105080485343933
0.43373867869377136
0.3727445602416992
0.22179299592971802
0.48858001828193665
0.6057788729667664
0.3758627474308014
0.31433430314064026
0.5139948725700378
0.6956909894943237
0.4705849885940552
0.4996931850910187
0.2654033303260803
0.37795642018318176
0.5309574604034424
0.29732009768486023
0.6288602948188782
0.526565670967102
0.5497354865074158
0.48071199655532837
0.5729891657829285
0.4945944547653198
0.5556439161300659
0.6183318495750427
0.40650278329849243
0.38026708364486694
0.60606449842453
0.32586896419525146
0.5225390791893005
0.589030921459198
0.35711684823036194
0.3168768584728241
0.3896886706352234
0.40686970949172974
0.3812195956707001
0.37124231457710266
0.4516383111476898
0.6156798005104065
0.35638535022735596
0.4416443407535553
0.5849968791007996
0.37678131461143494
0.22579286992549896
0.5362272262573242
0.5252735018730164
0.37745559215545654
0.41444823145866394
0.5028773546218872
0.4845590591430664
0.4285101294517517
0.47278261184692383
0.3474147319793701
0.3452425003051758
0.4601690471172333
0.4365904629230499
0.44593000411987305
0.38353249430656433
0.31778842210769653
0.12880003452301025
0.34021708369255066
0.4500671625137329
0.5932385921478271
0.3651314377784729
0.6211047172546387
0.3902776539325714
0.41337987780570984
0.3281068503856659
0.42288821935653687
0.522002637386322
0.26966890692710876
0.38274917006492615
0.3835882842540741
0.496399462223053
0.5273120403289795
0.37163373827934265
0.29533666372299194
0.2561095058917999
0.4216171205043793
0.2937011420726776
0.7967440485954285
0.3637116253376007
0.46311354637145996
0.21302013099193573
0.6086606383323669
0.4196145832538605
0.5539526343345642
0.47053200006484985
0.2335803508758545
0.36958110332489014
0.24840395152568817
0.4686596393585205
0.4022669196128845
0.3021385073661804
0.3381222188472748
0.4066341519355774
0.44309091567993164
0.2955998182296753
0.45119497179985046
0.43876391649246216
0.4579704701900482
0.47512373328208923
0.3303140103816986
0.5046858191490173
0.4970047175884247
0.31853699684143066
0.43289461731910706
0.3458631932735443
0.2969265878200531
0.581582248210907
0.6106215119361877
0.5508740544319153
0.43493691086769104
0.4037293791770935
0.34350380301475525
0.6182764172554016
0.3955113887786865
0.501649022102356
0.5083714127540588
0.6465356945991516
0.2957400381565094
0.2868664264678955
0.23686867952346802
0.5425258874893188
0.7037227153778076
0.26601487398147583
0.24167537689208984
0.34777963161468506
0.4371885359287262
0.37803804874420166
0.45005130767822266
0.5959733128547668
0.3006032407283783
0.3242829144001007
0.23707792162895203
0.3330170512199402
0.4301130175590515
0.43690308928489685
0.4621795415878296
0.5592404007911682
0.3370204567909241
0.3080136477947235
0.5323726534843445
0.48907509446144104
0.42295634746551514
0.5465432405471802
0.41320133209228516
0.3937612473964691
0.4364265501499176
0.38594678044319153
0.21432383358478546
0.3555901348590851
0.44062113761901855
0.5381869077682495
0.4735039472579956
0.3837709426879883
0.3740848898887634
0.3861594796180725
0.629070520401001
0.5086696147918701
0.28626590967178345
0.24356330931186676
0.36663341522216797
0.3393622636795044
0.26890602707862854
0.5437396764755249
0.27906346321105957
0.4755871295928955
0.5183842778205872
0.34136882424354553
0.4120268225669861
0.47127842903137207
0.3808874189853668
0.4264352321624756
0.5294159054756165
0.38882750272750854
0.401565283536911
0.5748351216316223
0.4902869164943695
0.480532169342041
0.31276389956474304
0.28555941581726074
0.25748154520988464
0.31698259711265564
0.4310394525527954
0.311604768037796
0.26530730724334717
0.2701586186885834
0.1871364563703537
0.3770367205142975
0.4244493842124939
0.4004654586315155
0.29048261046409607
0.11989738047122955
0.09505491703748703
0.28288567066192627
